#
# A fatal error has been detected by the Java Runtime Environment:
#
#  SIGSEGV (0xb) at pc=0x00007fff59ea92ce, pid=51683, tid=775
#
# JRE version: Java(TM) SE Runtime Environment (9.0+11) (build 9.0.4+11)
# Java VM: Java HotSpot(TM) 64-Bit Server VM (9.0.4+11, mixed mode, tiered, compressed oops, g1 gc, bsd-amd64)
# Problematic frame:
# C  [libobjc.A.dylib+0x82ce]  _class_initialize+0x25
#
# No core dump will be written. Core dumps have been disabled. To enable core dumping, try "ulimit -c unlimited" before starting Java again
#
# If you would like to submit a bug report, please visit:
#   http://bugreport.java.com/bugreport/crash.jsp
# The crash happened outside the Java Virtual Machine in native code.
# See problematic frame for where to report the bug.
#

---------------  S U M M A R Y ------------

Command Line: -Djava.library.path=/Users/kenestamcdonald/processing-sound/library/macosx -Djava.security.policy=java.policy.applet -Dfile.encoding=UTF-8 sun.applet.AppletViewer data.Test1524003121589.html

Host: MacBookPro14,2 x86_64 3500 MHz, 4 cores, 16G, Darwin 17.4.0
Time: Tue Apr 17 23:12:08 2018 BST elapsed time: 6 seconds (0d 0h 0m 6s)

---------------  T H R E A D  ---------------

Current thread (0x00007fd114a7a800):  JavaThread "AppKit Thread" daemon [_thread_in_native, id=775, stack(0x00007ffee916f000,0x00007ffee996f000)]

Stack: [0x00007ffee916f000,0x00007ffee996f000],  sp=0x00007ffee9969b80,  free space=8170k
Native frames: (J=compiled Java code, A=aot compiled Java code, j=interpreted, Vv=VM code, C=native code)
C  [libobjc.A.dylib+0x82ce]  _class_initialize+0x25
C  [libobjc.A.dylib+0x7e8f]  lookUpImpOrForward+0xe4
C  [libobjc.A.dylib+0x7914]  _objc_msgSend_uncached+0x44
C  [libnativewindow_macosx.jnilib+0x4770]  Java_jogamp_nativewindow_jawt_macosx_MacOSXJAWTWindow_UnsetJAWTRootSurfaceLayer0+0x100
j  jogamp.nativewindow.jawt.macosx.MacOSXJAWTWindow.UnsetJAWTRootSurfaceLayer0(JJ)V+0
j  jogamp.nativewindow.jawt.macosx.MacOSXJAWTWindow.access$200(JJ)V+2
j  jogamp.nativewindow.jawt.macosx.MacOSXJAWTWindow$1.run()V+38
j  com.jogamp.common.util.RunnableTask.run()V+24
v  ~StubRoutines::call_stub
V  [libjvm.dylib+0x3a33ed]
V  [libjvm.dylib+0x3d5d75]
V  [libjvm.dylib+0x3d92fe]
C  [libnativewindow_macosx.jnilib+0x49fd]  Java_jogamp_nativewindow_jawt_macosx_MacOSXJAWTWindow_UnsetJAWTRootSurfaceLayer0+0x38d
C  [Foundation+0x681c5]  __NSThreadPerformPerform+0x14e
C  [CoreFoundation+0xa3721]  __CFRUNLOOP_IS_CALLING_OUT_TO_A_SOURCE0_PERFORM_FUNCTION__+0x11
C  [CoreFoundation+0x15d0ac]  __CFRunLoopDoSource0+0x6c
C  [CoreFoundation+0x862bc]  __CFRunLoopDoSources0+0x12c
C  [CoreFoundation+0x856dd]  __CFRunLoopRun+0x50d
C  [CoreFoundation+0x84f43]  CFRunLoopRunSpecific+0x1e3
C  [HIToolbox+0x2fe26]  RunCurrentEventLoopInMode+0x11e
C  [HIToolbox+0x2fa9f]  ReceiveNextEventCommon+0x16e
C  [HIToolbox+0x2f914]  _BlockUntilNextEventMatchingListInModeWithFilter+0x40
C  [AppKit+0x41f5f]  _DPSNextEvent+0x825
C  [AppKit+0x7d7b4c]  -[NSApplication(NSEvent) _nextEventMatchingEventMask:untilDate:inMode:dequeue:]+0xbe4
C  [libosxapp.dylib+0x1f3d]  -[NSApplicationAWT nextEventMatchingMask:untilDate:inMode:dequeue:]+0x7a
C  [AppKit+0x36d6d]  -[NSApplication run]+0x2fc
C  [libosxapp.dylib+0x1d3a]  +[NSApplicationAWT runAWTLoopWithApp:]+0x9d
C  [libawt_lwawt.dylib+0x3a544]  +[AWTStarter starter:headless:]+0x342
C  [JavaNativeFoundation+0x6f4a]  +[JNFRunLoop _performCopiedBlock:]+0x11
C  [Foundation+0x681c5]  __NSThreadPerformPerform+0x14e
C  [CoreFoundation+0xa3721]  __CFRUNLOOP_IS_CALLING_OUT_TO_A_SOURCE0_PERFORM_FUNCTION__+0x11
C  [CoreFoundation+0x15d0ac]  __CFRunLoopDoSource0+0x6c
C  [CoreFoundation+0x86260]  __CFRunLoopDoSources0+0xd0
C  [CoreFoundation+0x856dd]  __CFRunLoopRun+0x50d
C  [CoreFoundation+0x84f43]  CFRunLoopRunSpecific+0x1e3
C  [java+0x6b2e]  CreateExecutionEnvironment+0x35c
C  [java+0x2c65]  JLI_Launch+0x5a9
C  [java+0x1b62]  main+0x186
C  [java+0x19d4]  start+0x34
C  0x0000000000000008

Java frames: (J=compiled Java code, j=interpreted, Vv=VM code)
j  jogamp.nativewindow.jawt.macosx.MacOSXJAWTWindow.UnsetJAWTRootSurfaceLayer0(JJ)V+0
j  jogamp.nativewindow.jawt.macosx.MacOSXJAWTWindow.access$200(JJ)V+2
j  jogamp.nativewindow.jawt.macosx.MacOSXJAWTWindow$1.run()V+38
j  com.jogamp.common.util.RunnableTask.run()V+24
v  ~StubRoutines::call_stub

siginfo: si_signo: 11 (SIGSEGV), si_code: 1 (SEGV_MAPERR), si_addr: 0x00000000000007e8

Register to memory mapping:

RAX=0x00007fff8d41c178: __block_literal_global.67+0x4b20 in /System/Library/Frameworks/CoreFoundation.framework/Versions/A/CoreFoundation at 0x00007fff33109000
RBX=0x00007ffffffffff8 is an unknown value
RCX=0x0000000000000000 is an unknown value
RDX=0x0000000001504300 is an unknown value
RSP=0x00007ffee9969b80 is pointing into the stack for thread: 0x00007fd114a7a800
RBP=0x00007ffee9969bb0 is pointing into the stack for thread: 0x00007fd114a7a800
RSI=0x0150440101504483 is an unknown value
RDI=0x00007fff8d41c178: __block_literal_global.67+0x4b20 in /System/Library/Frameworks/CoreFoundation.framework/Versions/A/CoreFoundation at 0x00007fff33109000
R8 =0x0000000001504300 is an unknown value
R9 =0x00007fff938362f0: runtimeLock+0x20 in /usr/lib/libobjc.A.dylib at 0x00007fff59ea1000
R10=0x0150440101504600 is an unknown value
R11=0x0150440100000000 is an unknown value
R12=0x00007fff8d41c178: __block_literal_global.67+0x4b20 in /System/Library/Frameworks/CoreFoundation.framework/Versions/A/CoreFoundation at 0x00007fff33109000
R13=0x00007fff8d41c178: __block_literal_global.67+0x4b20 in /System/Library/Frameworks/CoreFoundation.framework/Versions/A/CoreFoundation at 0x00007fff33109000
R14=0x00000000000007c8 is an unknown value
R15=0x00007fd11766ecf0 is an unknown value


Registers:
RAX=0x00007fff8d41c178, RBX=0x00007ffffffffff8, RCX=0x0000000000000000, RDX=0x0000000001504300
RSP=0x00007ffee9969b80, RBP=0x00007ffee9969bb0, RSI=0x0150440101504483, RDI=0x00007fff8d41c178
R8 =0x0000000001504300, R9 =0x00007fff938362f0, R10=0x0150440101504600, R11=0x0150440100000000
R12=0x00007fff8d41c178, R13=0x00007fff8d41c178, R14=0x00000000000007c8, R15=0x00007fd11766ecf0
RIP=0x00007fff59ea92ce, EFLAGS=0x0000000000010202, ERR=0x0000000000000004
  TRAPNO=0x000000000000000e

Top of Stack: (sp=0x00007ffee9969b80)
0x00007ffee9969b80:   00007fff8d41c178 00007fff938362d0
0x00007ffee9969b90:   00007fff314084e5 00007fff8d41c178
0x00007ffee9969ba0:   00007ffffffffff8 00007fd11766ecf0
0x00007ffee9969bb0:   00007ffee9969c10 00007fff59ea8e8f
0x00007ffee9969bc0:   fd00000070001002 00007fd1137affff
0x00007ffee9969bd0:   0000000000000000 00007fd11766ecf0
0x00007ffee9969be0:   00000001939bd568 0000000161f963d8
0x00007ffee9969bf0:   0000000000000000 0000000161f963d8
0x00007ffee9969c00:   00007ffee9969e50 00007fd114a7a800
0x00007ffee9969c10:   00007ffee9969ce0 00007fff59ea8914
0x00007ffee9969c20:   00000000000006b0 0000000000000000
0x00007ffee9969c30:   00007fd11766ecf0 00000001306a4560
0x00007ffee9969c40:   00007fff314084e5 00007fd11766ecf0
0x00007ffee9969c50:   00007fff59ea8004 0000000161f963d8
0x00007ffee9969c60:   ffffffffffffffff 000000ffffffffff
0x00007ffee9969c70:   ffffffffffffffff 000000ff00ffffff
0x00007ffee9969c80:   0000000000000000 0000000000000000
0x00007ffee9969c90:   0000000000000000 0000000000000000
0x00007ffee9969ca0:   0000000000000000 0000000000000000
0x00007ffee9969cb0:   0000000000000038 0000000000000000
0x00007ffee9969cc0:   0000000043cd0000 0000000000000000
0x00007ffee9969cd0:   0000000043b40000 0000000000000000
0x00007ffee9969ce0:   00007ffee9969da0 000000013069d770
0x00007ffee9969cf0:   0000000000000080 00007fd1173df965
0x00007ffee9969d00:   00007ffee9969dd0 00007fff5ac4d403
0x00007ffee9969d10:   00000001306a4500 00007fd117673980
0x00007ffee9969d20:   00007fd11766ecf0 00007fd11345c740
0x00007ffee9969d30:   00007fff8d978668 00007fd11345c740
0x00007ffee9969d40:   00007fff8eb09540 00007fff8eb09540
0x00007ffee9969d50:   00007fd11766ecf0 00000001062aaa00
0x00007ffee9969d60:   0000000000000002 00007fff5ac4e384
0x00007ffee9969d70:   0000000000000005 00000001062a8080 

Instructions: (pc=0x00007fff59ea92ce)
0x00007fff59ea92ae:   57 41 56 41 55 41 54 53 50 49 89 fc 48 bb f8 ff
0x00007fff59ea92be:   ff ff ff 7f 00 00 4d 8b 74 24 08 4d 85 f6 74 2e
0x00007fff59ea92ce:   49 8b 46 20 48 89 c1 48 21 d9 48 8b 49 08 f6 01
0x00007fff59ea92de:   01 75 0a 49 8b 06 48 21 d8 48 8b 40 20 48 21 d8 


---------------  P R O C E S S  ---------------

Java Threads: ( => current thread )
  0x00007fd1154bf000 JavaThread "AppletCloser" [_thread_blocked, id=89859, stack(0x0000700006d03000,0x0000700006e03000)]
  0x00007fd1144f7800 JavaThread "process reaper" daemon [_thread_blocked, id=64807, stack(0x0000700006c59000,0x0000700006c7d000)]
  0x00007fd114d8e800 JavaThread "AWT-EventQueue-1" [_thread_blocked, id=66551, stack(0x0000700006b56000,0x0000700006c56000)]
  0x00007fd1154d0800 JavaThread "DestroyJavaVM" [_thread_blocked, id=9475, stack(0x0000700004b70000,0x0000700004c70000)]
  0x00007fd1153cc000 JavaThread "AWT-EventQueue-0" [_thread_blocked, id=1559, stack(0x0000700006950000,0x0000700006a50000)]
  0x00007fd115262000 JavaThread "Java2D Disposer" daemon [_thread_blocked, id=68367, stack(0x000070000674a000,0x000070000684a000)]
  0x00007fd113bc2800 JavaThread "Java2D Queue Flusher" daemon [_thread_blocked, id=71179, stack(0x0000700006647000,0x0000700006747000)]
  0x00007fd114b76800 JavaThread "AWT-Shutdown" [_thread_blocked, id=28971, stack(0x00007000062b5000,0x00007000063b5000)]
=>0x00007fd114a7a800 JavaThread "AppKit Thread" daemon [_thread_in_native, id=775, stack(0x00007ffee916f000,0x00007ffee996f000)]
  0x00007fd1138c4800 JavaThread "Service Thread" daemon [_thread_blocked, id=23555, stack(0x00007000060af000,0x00007000061af000)]
  0x00007fd11500a000 JavaThread "Common-Cleaner" daemon [_thread_blocked, id=42499, stack(0x0000700005fac000,0x00007000060ac000)]
  0x00007fd1138c4000 JavaThread "Sweeper thread" daemon [_thread_blocked, id=23043, stack(0x0000700005ea9000,0x0000700005fa9000)]
  0x00007fd11482b000 JavaThread "C1 CompilerThread2" daemon [_thread_blocked, id=22531, stack(0x0000700005da6000,0x0000700005ea6000)]
  0x00007fd11482a000 JavaThread "C2 CompilerThread1" daemon [_thread_blocked, id=22275, stack(0x0000700005ca3000,0x0000700005da3000)]
  0x00007fd115009000 JavaThread "C2 CompilerThread0" daemon [_thread_blocked, id=43267, stack(0x0000700005ba0000,0x0000700005ca0000)]
  0x00007fd115008800 JavaThread "Signal Dispatcher" daemon [_thread_blocked, id=16391, stack(0x0000700005a9d000,0x0000700005b9d000)]
  0x00007fd1138c2800 JavaThread "Finalizer" daemon [_thread_blocked, id=14339, stack(0x000070000599a000,0x0000700005a9a000)]
  0x00007fd114007800 JavaThread "Reference Handler" daemon [_thread_blocked, id=14083, stack(0x0000700005897000,0x0000700005997000)]

Other Threads:
  0x00007fd11481f000 VMThread "VM Thread" [stack: 0x0000700005794000,0x0000700005894000] [id=18435]
  0x00007fd115079000 WatcherThread [stack: 0x00007000061b2000,0x00007000062b2000] [id=41987]
  0x00007fd115017000 GCTaskThread "GC Thread#0" [stack: 0x0000700004c73000,0x0000700004d73000] [id=11011]
  0x00007fd115017800 GCTaskThread "GC Thread#1" [stack: 0x0000700004d76000,0x0000700004e76000] [id=11267]
  0x00007fd113804000 GCTaskThread "GC Thread#2" [stack: 0x0000700004e79000,0x0000700004f79000] [id=21251]
  0x00007fd11400f000 GCTaskThread "GC Thread#3" [stack: 0x0000700004f7c000,0x000070000507c000] [id=12035]
  0x00007fd11481e800 ConcurrentGCThread "G1 Main Marker" [stack: 0x000070000558e000,0x000070000568e000] [id=13059]
  0x00007fd114013000 ConcurrentGCThread "G1 Marker#0" [stack: 0x0000700005691000,0x0000700005791000] [id=13571]
  0x00007fd114012000 ConcurrentGCThread "G1 Refine#0" [stack: 0x0000700005388000,0x0000700005488000] [id=12803]
  0x00007fd114011800 ConcurrentGCThread "G1 Refine#1" [stack: 0x0000700005285000,0x0000700005385000] [id=20227]
  0x00007fd114010800 ConcurrentGCThread "G1 Refine#2" [stack: 0x0000700005182000,0x0000700005282000] [id=20739]
  0x00007fd114010000 ConcurrentGCThread "G1 Refine#3" [stack: 0x000070000507f000,0x000070000517f000] [id=12291]
  0x00007fd115018000 ConcurrentGCThread "G1 Young RemSet Sampling" [stack: 0x000070000548b000,0x000070000558b000] [id=19459]

Threads with active compile tasks:

VM state:not at safepoint (normal execution)

VM Mutex/Monitor currently owned by a thread: None

Heap address: 0x00000006c0000000, size: 4096 MB, Compressed Oops mode: Zero based, Oop shift amount: 3
Narrow klass base: 0x0000000000000000, Narrow klass shift: 3
Compressed class space size: 1073741824 Address: 0x00000007c0000000

Heap:
 garbage-first heap   total 262144K, used 91670K [0x00000006c0000000, 0x00000006c0100800, 0x00000007c0000000)
  region size 1024K, 76 young (77824K), 4 survivors (4096K)
 Metaspace       used 21922K, capacity 22991K, committed 23372K, reserved 1071104K
  class space    used 2113K, capacity 2325K, committed 2380K, reserved 1048576K
Heap Regions: E=young(eden), S=young(survivor), O=old, HS=humongous(starts), HC=humongous(continues), CS=collection set, F=free, A=archive, TS=gc time stamp, AC=allocation context, TAMS=top-at-mark-start (previous, next)
|   0|0x00000006c0000000, 0x00000006c0100000, 0x00000006c0100000|100%| O|  |TS  0|AC  0|TAMS 0x00000006c0100000, 0x00000006c0100000|
|   1|0x00000006c0100000, 0x00000006c0200000, 0x00000006c0200000|100%| O|  |TS  0|AC  0|TAMS 0x00000006c0200000, 0x00000006c0200000|
|   2|0x00000006c0200000, 0x00000006c0300000, 0x00000006c0300000|100%| O|  |TS  0|AC  0|TAMS 0x00000006c0300000, 0x00000006c0300000|
|   3|0x00000006c0300000, 0x00000006c039a200, 0x00000006c0400000| 60%| O|  |TS  1|AC  0|TAMS 0x00000006c039a200, 0x00000006c039a200|
|   4|0x00000006c0400000, 0x00000006c0500000, 0x00000006c0500000|100%|HS|  |TS  0|AC  0|TAMS 0x00000006c0400000, 0x00000006c0400000|
|   5|0x00000006c0500000, 0x00000006c0600000, 0x00000006c0600000|100%|HC|  |TS  0|AC  0|TAMS 0x00000006c0500000, 0x00000006c0500000|
|   6|0x00000006c0600000, 0x00000006c0700000, 0x00000006c0700000|100%|HC|  |TS  0|AC  0|TAMS 0x00000006c0600000, 0x00000006c0600000|
|   7|0x00000006c0700000, 0x00000006c0800000, 0x00000006c0800000|100%|HS|  |TS  0|AC  0|TAMS 0x00000006c0700000, 0x00000006c0700000|
|   8|0x00000006c0800000, 0x00000006c0900000, 0x00000006c0900000|100%|HC|  |TS  0|AC  0|TAMS 0x00000006c0800000, 0x00000006c0800000|
|   9|0x00000006c0900000, 0x00000006c0a00000, 0x00000006c0a00000|100%|HC|  |TS  0|AC  0|TAMS 0x00000006c0900000, 0x00000006c0900000|
|  10|0x00000006c0a00000, 0x00000006c0a00000, 0x00000006c0b00000|  0%| F|  |TS  1|AC  0|TAMS 0x00000006c0a00000, 0x00000006c0a00000|
|  11|0x00000006c0b00000, 0x00000006c0c00000, 0x00000006c0c00000|100%|HS|  |TS  0|AC  0|TAMS 0x00000006c0b00000, 0x00000006c0b00000|
|  12|0x00000006c0c00000, 0x00000006c0d00000, 0x00000006c0d00000|100%|HS|  |TS  0|AC  0|TAMS 0x00000006c0c00000, 0x00000006c0c00000|
|  13|0x00000006c0d00000, 0x00000006c0e00000, 0x00000006c0e00000|100%|HC|  |TS  0|AC  0|TAMS 0x00000006c0d00000, 0x00000006c0d00000|
|  14|0x00000006c0e00000, 0x00000006c0f00000, 0x00000006c0f00000|100%|HS|  |TS  0|AC  0|TAMS 0x00000006c0e00000, 0x00000006c0e00000|
|  15|0x00000006c0f00000, 0x00000006c1000000, 0x00000006c1000000|100%|HS|  |TS  0|AC  0|TAMS 0x00000006c0f00000, 0x00000006c0f00000|
|  16|0x00000006c1000000, 0x00000006c1000000, 0x00000006c1100000|  0%| F|  |TS  0|AC  0|TAMS 0x00000006c1000000, 0x00000006c1000000|
|  17|0x00000006c1100000, 0x00000006c1100000, 0x00000006c1200000|  0%| F|  |TS  0|AC  0|TAMS 0x00000006c1100000, 0x00000006c1100000|
|  18|0x00000006c1200000, 0x00000006c1200000, 0x00000006c1300000|  0%| F|  |TS  0|AC  0|TAMS 0x00000006c1200000, 0x00000006c1200000|
|  19|0x00000006c1300000, 0x00000006c1300000, 0x00000006c1400000|  0%| F|  |TS  0|AC  0|TAMS 0x00000006c1300000, 0x00000006c1300000|
|  20|0x00000006c1400000, 0x00000006c1400000, 0x00000006c1500000|  0%| F|  |TS  0|AC  0|TAMS 0x00000006c1400000, 0x00000006c1400000|
|  21|0x00000006c1500000, 0x00000006c1500000, 0x00000006c1600000|  0%| F|  |TS  0|AC  0|TAMS 0x00000006c1500000, 0x00000006c1500000|
|  22|0x00000006c1600000, 0x00000006c1600000, 0x00000006c1700000|  0%| F|  |TS  0|AC  0|TAMS 0x00000006c1600000, 0x00000006c1600000|
|  23|0x00000006c1700000, 0x00000006c1700000, 0x00000006c1800000|  0%| F|  |TS  0|AC  0|TAMS 0x00000006c1700000, 0x00000006c1700000|
|  24|0x00000006c1800000, 0x00000006c1800000, 0x00000006c1900000|  0%| F|  |TS  0|AC  0|TAMS 0x00000006c1800000, 0x00000006c1800000|
|  25|0x00000006c1900000, 0x00000006c1900000, 0x00000006c1a00000|  0%| F|  |TS  0|AC  0|TAMS 0x00000006c1900000, 0x00000006c1900000|
|  26|0x00000006c1a00000, 0x00000006c1a00000, 0x00000006c1b00000|  0%| F|  |TS  0|AC  0|TAMS 0x00000006c1a00000, 0x00000006c1a00000|
|  27|0x00000006c1b00000, 0x00000006c1b00000, 0x00000006c1c00000|  0%| F|  |TS  0|AC  0|TAMS 0x00000006c1b00000, 0x00000006c1b00000|
|  28|0x00000006c1c00000, 0x00000006c1c00000, 0x00000006c1d00000|  0%| F|  |TS  0|AC  0|TAMS 0x00000006c1c00000, 0x00000006c1c00000|
|  29|0x00000006c1d00000, 0x00000006c1d00000, 0x00000006c1e00000|  0%| F|  |TS  0|AC  0|TAMS 0x00000006c1d00000, 0x00000006c1d00000|
|  30|0x00000006c1e00000, 0x00000006c1e00000, 0x00000006c1f00000|  0%| F|  |TS  0|AC  0|TAMS 0x00000006c1e00000, 0x00000006c1e00000|
|  31|0x00000006c1f00000, 0x00000006c1f00000, 0x00000006c2000000|  0%| F|  |TS  0|AC  0|TAMS 0x00000006c1f00000, 0x00000006c1f00000|
|  32|0x00000006c2000000, 0x00000006c2000000, 0x00000006c2100000|  0%| F|  |TS  0|AC  0|TAMS 0x00000006c2000000, 0x00000006c2000000|
|  33|0x00000006c2100000, 0x00000006c2100000, 0x00000006c2200000|  0%| F|  |TS  0|AC  0|TAMS 0x00000006c2100000, 0x00000006c2100000|
|  34|0x00000006c2200000, 0x00000006c2200000, 0x00000006c2300000|  0%| F|  |TS  0|AC  0|TAMS 0x00000006c2200000, 0x00000006c2200000|
|  35|0x00000006c2300000, 0x00000006c2300000, 0x00000006c2400000|  0%| F|  |TS  0|AC  0|TAMS 0x00000006c2300000, 0x00000006c2300000|
|  36|0x00000006c2400000, 0x00000006c2400000, 0x00000006c2500000|  0%| F|  |TS  0|AC  0|TAMS 0x00000006c2400000, 0x00000006c2400000|
|  37|0x00000006c2500000, 0x00000006c2500000, 0x00000006c2600000|  0%| F|  |TS  0|AC  0|TAMS 0x00000006c2500000, 0x00000006c2500000|
|  38|0x00000006c2600000, 0x00000006c2600000, 0x00000006c2700000|  0%| F|  |TS  0|AC  0|TAMS 0x00000006c2600000, 0x00000006c2600000|
|  39|0x00000006c2700000, 0x00000006c2700000, 0x00000006c2800000|  0%| F|  |TS  0|AC  0|TAMS 0x00000006c2700000, 0x00000006c2700000|
|  40|0x00000006c2800000, 0x00000006c2800000, 0x00000006c2900000|  0%| F|  |TS  0|AC  0|TAMS 0x00000006c2800000, 0x00000006c2800000|
|  41|0x00000006c2900000, 0x00000006c2900000, 0x00000006c2a00000|  0%| F|  |TS  0|AC  0|TAMS 0x00000006c2900000, 0x00000006c2900000|
|  42|0x00000006c2a00000, 0x00000006c2a00000, 0x00000006c2b00000|  0%| F|  |TS  0|AC  0|TAMS 0x00000006c2a00000, 0x00000006c2a00000|
|  43|0x00000006c2b00000, 0x00000006c2b00000, 0x00000006c2c00000|  0%| F|  |TS  0|AC  0|TAMS 0x00000006c2b00000, 0x00000006c2b00000|
|  44|0x00000006c2c00000, 0x00000006c2c00000, 0x00000006c2d00000|  0%| F|  |TS  0|AC  0|TAMS 0x00000006c2c00000, 0x00000006c2c00000|
|  45|0x00000006c2d00000, 0x00000006c2d00000, 0x00000006c2e00000|  0%| F|  |TS  0|AC  0|TAMS 0x00000006c2d00000, 0x00000006c2d00000|
|  46|0x00000006c2e00000, 0x00000006c2e00000, 0x00000006c2f00000|  0%| F|  |TS  0|AC  0|TAMS 0x00000006c2e00000, 0x00000006c2e00000|
|  47|0x00000006c2f00000, 0x00000006c2f00000, 0x00000006c3000000|  0%| F|  |TS  0|AC  0|TAMS 0x00000006c2f00000, 0x00000006c2f00000|
|  48|0x00000006c3000000, 0x00000006c3000000, 0x00000006c3100000|  0%| F|  |TS  0|AC  0|TAMS 0x00000006c3000000, 0x00000006c3000000|
|  49|0x00000006c3100000, 0x00000006c3100000, 0x00000006c3200000|  0%| F|  |TS  0|AC  0|TAMS 0x00000006c3100000, 0x00000006c3100000|
|  50|0x00000006c3200000, 0x00000006c3200000, 0x00000006c3300000|  0%| F|  |TS  0|AC  0|TAMS 0x00000006c3200000, 0x00000006c3200000|
|  51|0x00000006c3300000, 0x00000006c3300000, 0x00000006c3400000|  0%| F|  |TS  0|AC  0|TAMS 0x00000006c3300000, 0x00000006c3300000|
|  52|0x00000006c3400000, 0x00000006c3400000, 0x00000006c3500000|  0%| F|  |TS  0|AC  0|TAMS 0x00000006c3400000, 0x00000006c3400000|
|  53|0x00000006c3500000, 0x00000006c3500000, 0x00000006c3600000|  0%| F|  |TS  0|AC  0|TAMS 0x00000006c3500000, 0x00000006c3500000|
|  54|0x00000006c3600000, 0x00000006c3600000, 0x00000006c3700000|  0%| F|  |TS  0|AC  0|TAMS 0x00000006c3600000, 0x00000006c3600000|
|  55|0x00000006c3700000, 0x00000006c3700000, 0x00000006c3800000|  0%| F|  |TS  0|AC  0|TAMS 0x00000006c3700000, 0x00000006c3700000|
|  56|0x00000006c3800000, 0x00000006c3800000, 0x00000006c3900000|  0%| F|  |TS  0|AC  0|TAMS 0x00000006c3800000, 0x00000006c3800000|
|  57|0x00000006c3900000, 0x00000006c3900000, 0x00000006c3a00000|  0%| F|  |TS  0|AC  0|TAMS 0x00000006c3900000, 0x00000006c3900000|
|  58|0x00000006c3a00000, 0x00000006c3a00000, 0x00000006c3b00000|  0%| F|  |TS  0|AC  0|TAMS 0x00000006c3a00000, 0x00000006c3a00000|
|  59|0x00000006c3b00000, 0x00000006c3b00000, 0x00000006c3c00000|  0%| F|  |TS  0|AC  0|TAMS 0x00000006c3b00000, 0x00000006c3b00000|
|  60|0x00000006c3c00000, 0x00000006c3c00000, 0x00000006c3d00000|  0%| F|  |TS  0|AC  0|TAMS 0x00000006c3c00000, 0x00000006c3c00000|
|  61|0x00000006c3d00000, 0x00000006c3d00000, 0x00000006c3e00000|  0%| F|  |TS  0|AC  0|TAMS 0x00000006c3d00000, 0x00000006c3d00000|
|  62|0x00000006c3e00000, 0x00000006c3e00000, 0x00000006c3f00000|  0%| F|  |TS  0|AC  0|TAMS 0x00000006c3e00000, 0x00000006c3e00000|
|  63|0x00000006c3f00000, 0x00000006c3f00000, 0x00000006c4000000|  0%| F|  |TS  0|AC  0|TAMS 0x00000006c3f00000, 0x00000006c3f00000|
|  64|0x00000006c4000000, 0x00000006c4000000, 0x00000006c4100000|  0%| F|  |TS  0|AC  0|TAMS 0x00000006c4000000, 0x00000006c4000000|
|  65|0x00000006c4100000, 0x00000006c4100000, 0x00000006c4200000|  0%| F|  |TS  0|AC  0|TAMS 0x00000006c4100000, 0x00000006c4100000|
|  66|0x00000006c4200000, 0x00000006c4200000, 0x00000006c4300000|  0%| F|  |TS  0|AC  0|TAMS 0x00000006c4200000, 0x00000006c4200000|
|  67|0x00000006c4300000, 0x00000006c4300000, 0x00000006c4400000|  0%| F|  |TS  0|AC  0|TAMS 0x00000006c4300000, 0x00000006c4300000|
|  68|0x00000006c4400000, 0x00000006c4400000, 0x00000006c4500000|  0%| F|  |TS  0|AC  0|TAMS 0x00000006c4400000, 0x00000006c4400000|
|  69|0x00000006c4500000, 0x00000006c4500000, 0x00000006c4600000|  0%| F|  |TS  0|AC  0|TAMS 0x00000006c4500000, 0x00000006c4500000|
|  70|0x00000006c4600000, 0x00000006c4600000, 0x00000006c4700000|  0%| F|  |TS  0|AC  0|TAMS 0x00000006c4600000, 0x00000006c4600000|
|  71|0x00000006c4700000, 0x00000006c4700000, 0x00000006c4800000|  0%| F|  |TS  0|AC  0|TAMS 0x00000006c4700000, 0x00000006c4700000|
|  72|0x00000006c4800000, 0x00000006c4800000, 0x00000006c4900000|  0%| F|  |TS  0|AC  0|TAMS 0x00000006c4800000, 0x00000006c4800000|
|  73|0x00000006c4900000, 0x00000006c4900000, 0x00000006c4a00000|  0%| F|  |TS  0|AC  0|TAMS 0x00000006c4900000, 0x00000006c4900000|
|  74|0x00000006c4a00000, 0x00000006c4a00000, 0x00000006c4b00000|  0%| F|  |TS  0|AC  0|TAMS 0x00000006c4a00000, 0x00000006c4a00000|
|  75|0x00000006c4b00000, 0x00000006c4b00000, 0x00000006c4c00000|  0%| F|  |TS  0|AC  0|TAMS 0x00000006c4b00000, 0x00000006c4b00000|
|  76|0x00000006c4c00000, 0x00000006c4c00000, 0x00000006c4d00000|  0%| F|  |TS  0|AC  0|TAMS 0x00000006c4c00000, 0x00000006c4c00000|
|  77|0x00000006c4d00000, 0x00000006c4d00000, 0x00000006c4e00000|  0%| F|  |TS  0|AC  0|TAMS 0x00000006c4d00000, 0x00000006c4d00000|
|  78|0x00000006c4e00000, 0x00000006c4e00000, 0x00000006c4f00000|  0%| F|  |TS  0|AC  0|TAMS 0x00000006c4e00000, 0x00000006c4e00000|
|  79|0x00000006c4f00000, 0x00000006c4f00000, 0x00000006c5000000|  0%| F|  |TS  0|AC  0|TAMS 0x00000006c4f00000, 0x00000006c4f00000|
|  80|0x00000006c5000000, 0x00000006c5000000, 0x00000006c5100000|  0%| F|  |TS  0|AC  0|TAMS 0x00000006c5000000, 0x00000006c5000000|
|  81|0x00000006c5100000, 0x00000006c5100000, 0x00000006c5200000|  0%| F|  |TS  0|AC  0|TAMS 0x00000006c5100000, 0x00000006c5100000|
|  82|0x00000006c5200000, 0x00000006c5200000, 0x00000006c5300000|  0%| F|  |TS  0|AC  0|TAMS 0x00000006c5200000, 0x00000006c5200000|
|  83|0x00000006c5300000, 0x00000006c5300000, 0x00000006c5400000|  0%| F|  |TS  0|AC  0|TAMS 0x00000006c5300000, 0x00000006c5300000|
|  84|0x00000006c5400000, 0x00000006c5400000, 0x00000006c5500000|  0%| F|  |TS  0|AC  0|TAMS 0x00000006c5400000, 0x00000006c5400000|
|  85|0x00000006c5500000, 0x00000006c5500000, 0x00000006c5600000|  0%| F|  |TS  0|AC  0|TAMS 0x00000006c5500000, 0x00000006c5500000|
|  86|0x00000006c5600000, 0x00000006c5600000, 0x00000006c5700000|  0%| F|  |TS  0|AC  0|TAMS 0x00000006c5600000, 0x00000006c5600000|
|  87|0x00000006c5700000, 0x00000006c5700000, 0x00000006c5800000|  0%| F|  |TS  0|AC  0|TAMS 0x00000006c5700000, 0x00000006c5700000|
|  88|0x00000006c5800000, 0x00000006c5800000, 0x00000006c5900000|  0%| F|  |TS  0|AC  0|TAMS 0x00000006c5800000, 0x00000006c5800000|
|  89|0x00000006c5900000, 0x00000006c5900000, 0x00000006c5a00000|  0%| F|  |TS  0|AC  0|TAMS 0x00000006c5900000, 0x00000006c5900000|
|  90|0x00000006c5a00000, 0x00000006c5a00000, 0x00000006c5b00000|  0%| F|  |TS  0|AC  0|TAMS 0x00000006c5a00000, 0x00000006c5a00000|
|  91|0x00000006c5b00000, 0x00000006c5b00000, 0x00000006c5c00000|  0%| F|  |TS  0|AC  0|TAMS 0x00000006c5b00000, 0x00000006c5b00000|
|  92|0x00000006c5c00000, 0x00000006c5c00000, 0x00000006c5d00000|  0%| F|  |TS  0|AC  0|TAMS 0x00000006c5c00000, 0x00000006c5c00000|
|  93|0x00000006c5d00000, 0x00000006c5d00000, 0x00000006c5e00000|  0%| F|  |TS  0|AC  0|TAMS 0x00000006c5d00000, 0x00000006c5d00000|
|  94|0x00000006c5e00000, 0x00000006c5e00000, 0x00000006c5f00000|  0%| F|  |TS  0|AC  0|TAMS 0x00000006c5e00000, 0x00000006c5e00000|
|  95|0x00000006c5f00000, 0x00000006c5f00000, 0x00000006c6000000|  0%| F|  |TS  0|AC  0|TAMS 0x00000006c5f00000, 0x00000006c5f00000|
|  96|0x00000006c6000000, 0x00000006c6000000, 0x00000006c6100000|  0%| F|  |TS  0|AC  0|TAMS 0x00000006c6000000, 0x00000006c6000000|
|  97|0x00000006c6100000, 0x00000006c6100000, 0x00000006c6200000|  0%| F|  |TS  0|AC  0|TAMS 0x00000006c6100000, 0x00000006c6100000|
|  98|0x00000006c6200000, 0x00000006c6200000, 0x00000006c6300000|  0%| F|  |TS  0|AC  0|TAMS 0x00000006c6200000, 0x00000006c6200000|
|  99|0x00000006c6300000, 0x00000006c6300000, 0x00000006c6400000|  0%| F|  |TS  0|AC  0|TAMS 0x00000006c6300000, 0x00000006c6300000|
| 100|0x00000006c6400000, 0x00000006c6400000, 0x00000006c6500000|  0%| F|  |TS  0|AC  0|TAMS 0x00000006c6400000, 0x00000006c6400000|
| 101|0x00000006c6500000, 0x00000006c6500000, 0x00000006c6600000|  0%| F|  |TS  0|AC  0|TAMS 0x00000006c6500000, 0x00000006c6500000|
| 102|0x00000006c6600000, 0x00000006c6600000, 0x00000006c6700000|  0%| F|  |TS  0|AC  0|TAMS 0x00000006c6600000, 0x00000006c6600000|
| 103|0x00000006c6700000, 0x00000006c6700000, 0x00000006c6800000|  0%| F|  |TS  0|AC  0|TAMS 0x00000006c6700000, 0x00000006c6700000|
| 104|0x00000006c6800000, 0x00000006c6800000, 0x00000006c6900000|  0%| F|  |TS  0|AC  0|TAMS 0x00000006c6800000, 0x00000006c6800000|
| 105|0x00000006c6900000, 0x00000006c6900000, 0x00000006c6a00000|  0%| F|  |TS  0|AC  0|TAMS 0x00000006c6900000, 0x00000006c6900000|
| 106|0x00000006c6a00000, 0x00000006c6a00000, 0x00000006c6b00000|  0%| F|  |TS  0|AC  0|TAMS 0x00000006c6a00000, 0x00000006c6a00000|
| 107|0x00000006c6b00000, 0x00000006c6b00000, 0x00000006c6c00000|  0%| F|  |TS  0|AC  0|TAMS 0x00000006c6b00000, 0x00000006c6b00000|
| 108|0x00000006c6c00000, 0x00000006c6c00000, 0x00000006c6d00000|  0%| F|  |TS  0|AC  0|TAMS 0x00000006c6c00000, 0x00000006c6c00000|
| 109|0x00000006c6d00000, 0x00000006c6d00000, 0x00000006c6e00000|  0%| F|  |TS  0|AC  0|TAMS 0x00000006c6d00000, 0x00000006c6d00000|
| 110|0x00000006c6e00000, 0x00000006c6e00000, 0x00000006c6f00000|  0%| F|  |TS  0|AC  0|TAMS 0x00000006c6e00000, 0x00000006c6e00000|
| 111|0x00000006c6f00000, 0x00000006c6f00000, 0x00000006c7000000|  0%| F|  |TS  0|AC  0|TAMS 0x00000006c6f00000, 0x00000006c6f00000|
| 112|0x00000006c7000000, 0x00000006c7000000, 0x00000006c7100000|  0%| F|  |TS  0|AC  0|TAMS 0x00000006c7000000, 0x00000006c7000000|
| 113|0x00000006c7100000, 0x00000006c7100000, 0x00000006c7200000|  0%| F|  |TS  0|AC  0|TAMS 0x00000006c7100000, 0x00000006c7100000|
| 114|0x00000006c7200000, 0x00000006c7200000, 0x00000006c7300000|  0%| F|  |TS  0|AC  0|TAMS 0x00000006c7200000, 0x00000006c7200000|
| 115|0x00000006c7300000, 0x00000006c7300000, 0x00000006c7400000|  0%| F|  |TS  0|AC  0|TAMS 0x00000006c7300000, 0x00000006c7300000|
| 116|0x00000006c7400000, 0x00000006c7400000, 0x00000006c7500000|  0%| F|  |TS  0|AC  0|TAMS 0x00000006c7400000, 0x00000006c7400000|
| 117|0x00000006c7500000, 0x00000006c7500000, 0x00000006c7600000|  0%| F|  |TS  0|AC  0|TAMS 0x00000006c7500000, 0x00000006c7500000|
| 118|0x00000006c7600000, 0x00000006c7600000, 0x00000006c7700000|  0%| F|  |TS  0|AC  0|TAMS 0x00000006c7600000, 0x00000006c7600000|
| 119|0x00000006c7700000, 0x00000006c7700000, 0x00000006c7800000|  0%| F|  |TS  0|AC  0|TAMS 0x00000006c7700000, 0x00000006c7700000|
| 120|0x00000006c7800000, 0x00000006c7800000, 0x00000006c7900000|  0%| F|  |TS  0|AC  0|TAMS 0x00000006c7800000, 0x00000006c7800000|
| 121|0x00000006c7900000, 0x00000006c7900000, 0x00000006c7a00000|  0%| F|  |TS  0|AC  0|TAMS 0x00000006c7900000, 0x00000006c7900000|
| 122|0x00000006c7a00000, 0x00000006c7a00000, 0x00000006c7b00000|  0%| F|  |TS  0|AC  0|TAMS 0x00000006c7a00000, 0x00000006c7a00000|
| 123|0x00000006c7b00000, 0x00000006c7b00000, 0x00000006c7c00000|  0%| F|  |TS  0|AC  0|TAMS 0x00000006c7b00000, 0x00000006c7b00000|
| 124|0x00000006c7c00000, 0x00000006c7c00000, 0x00000006c7d00000|  0%| F|  |TS  0|AC  0|TAMS 0x00000006c7c00000, 0x00000006c7c00000|
| 125|0x00000006c7d00000, 0x00000006c7d00000, 0x00000006c7e00000|  0%| F|  |TS  0|AC  0|TAMS 0x00000006c7d00000, 0x00000006c7d00000|
| 126|0x00000006c7e00000, 0x00000006c7e00000, 0x00000006c7f00000|  0%| F|  |TS  0|AC  0|TAMS 0x00000006c7e00000, 0x00000006c7e00000|
| 127|0x00000006c7f00000, 0x00000006c7f00000, 0x00000006c8000000|  0%| F|  |TS  0|AC  0|TAMS 0x00000006c7f00000, 0x00000006c7f00000|
| 128|0x00000006c8000000, 0x00000006c8000000, 0x00000006c8100000|  0%| F|  |TS  0|AC  0|TAMS 0x00000006c8000000, 0x00000006c8000000|
| 129|0x00000006c8100000, 0x00000006c8100000, 0x00000006c8200000|  0%| F|  |TS  0|AC  0|TAMS 0x00000006c8100000, 0x00000006c8100000|
| 130|0x00000006c8200000, 0x00000006c8200000, 0x00000006c8300000|  0%| F|  |TS  0|AC  0|TAMS 0x00000006c8200000, 0x00000006c8200000|
| 131|0x00000006c8300000, 0x00000006c8300000, 0x00000006c8400000|  0%| F|  |TS  0|AC  0|TAMS 0x00000006c8300000, 0x00000006c8300000|
| 132|0x00000006c8400000, 0x00000006c8400000, 0x00000006c8500000|  0%| F|  |TS  0|AC  0|TAMS 0x00000006c8400000, 0x00000006c8400000|
| 133|0x00000006c8500000, 0x00000006c8500000, 0x00000006c8600000|  0%| F|  |TS  0|AC  0|TAMS 0x00000006c8500000, 0x00000006c8500000|
| 134|0x00000006c8600000, 0x00000006c8600000, 0x00000006c8700000|  0%| F|  |TS  0|AC  0|TAMS 0x00000006c8600000, 0x00000006c8600000|
| 135|0x00000006c8700000, 0x00000006c8700000, 0x00000006c8800000|  0%| F|  |TS  0|AC  0|TAMS 0x00000006c8700000, 0x00000006c8700000|
| 136|0x00000006c8800000, 0x00000006c8800000, 0x00000006c8900000|  0%| F|  |TS  0|AC  0|TAMS 0x00000006c8800000, 0x00000006c8800000|
| 137|0x00000006c8900000, 0x00000006c8900000, 0x00000006c8a00000|  0%| F|  |TS  0|AC  0|TAMS 0x00000006c8900000, 0x00000006c8900000|
| 138|0x00000006c8a00000, 0x00000006c8a00000, 0x00000006c8b00000|  0%| F|  |TS  0|AC  0|TAMS 0x00000006c8a00000, 0x00000006c8a00000|
| 139|0x00000006c8b00000, 0x00000006c8b00000, 0x00000006c8c00000|  0%| F|  |TS  0|AC  0|TAMS 0x00000006c8b00000, 0x00000006c8b00000|
| 140|0x00000006c8c00000, 0x00000006c8c00000, 0x00000006c8d00000|  0%| F|  |TS  0|AC  0|TAMS 0x00000006c8c00000, 0x00000006c8c00000|
| 141|0x00000006c8d00000, 0x00000006c8d00000, 0x00000006c8e00000|  0%| F|  |TS  0|AC  0|TAMS 0x00000006c8d00000, 0x00000006c8d00000|
| 142|0x00000006c8e00000, 0x00000006c8e00000, 0x00000006c8f00000|  0%| F|  |TS  0|AC  0|TAMS 0x00000006c8e00000, 0x00000006c8e00000|
| 143|0x00000006c8f00000, 0x00000006c8f00000, 0x00000006c9000000|  0%| F|  |TS  0|AC  0|TAMS 0x00000006c8f00000, 0x00000006c8f00000|
| 144|0x00000006c9000000, 0x00000006c9000000, 0x00000006c9100000|  0%| F|  |TS  0|AC  0|TAMS 0x00000006c9000000, 0x00000006c9000000|
| 145|0x00000006c9100000, 0x00000006c9100000, 0x00000006c9200000|  0%| F|  |TS  0|AC  0|TAMS 0x00000006c9100000, 0x00000006c9100000|
| 146|0x00000006c9200000, 0x00000006c9200000, 0x00000006c9300000|  0%| F|  |TS  0|AC  0|TAMS 0x00000006c9200000, 0x00000006c9200000|
| 147|0x00000006c9300000, 0x00000006c9300000, 0x00000006c9400000|  0%| F|  |TS  0|AC  0|TAMS 0x00000006c9300000, 0x00000006c9300000|
| 148|0x00000006c9400000, 0x00000006c9400000, 0x00000006c9500000|  0%| F|  |TS  0|AC  0|TAMS 0x00000006c9400000, 0x00000006c9400000|
| 149|0x00000006c9500000, 0x00000006c9500000, 0x00000006c9600000|  0%| F|  |TS  0|AC  0|TAMS 0x00000006c9500000, 0x00000006c9500000|
| 150|0x00000006c9600000, 0x00000006c9600000, 0x00000006c9700000|  0%| F|  |TS  0|AC  0|TAMS 0x00000006c9600000, 0x00000006c9600000|
| 151|0x00000006c9700000, 0x00000006c9700000, 0x00000006c9800000|  0%| F|  |TS  0|AC  0|TAMS 0x00000006c9700000, 0x00000006c9700000|
| 152|0x00000006c9800000, 0x00000006c9800000, 0x00000006c9900000|  0%| F|  |TS  0|AC  0|TAMS 0x00000006c9800000, 0x00000006c9800000|
| 153|0x00000006c9900000, 0x00000006c9900000, 0x00000006c9a00000|  0%| F|  |TS  0|AC  0|TAMS 0x00000006c9900000, 0x00000006c9900000|
| 154|0x00000006c9a00000, 0x00000006c9a00000, 0x00000006c9b00000|  0%| F|  |TS  0|AC  0|TAMS 0x00000006c9a00000, 0x00000006c9a00000|
| 155|0x00000006c9b00000, 0x00000006c9b00000, 0x00000006c9c00000|  0%| F|  |TS  0|AC  0|TAMS 0x00000006c9b00000, 0x00000006c9b00000|
| 156|0x00000006c9c00000, 0x00000006c9c00000, 0x00000006c9d00000|  0%| F|  |TS  0|AC  0|TAMS 0x00000006c9c00000, 0x00000006c9c00000|
| 157|0x00000006c9d00000, 0x00000006c9d00000, 0x00000006c9e00000|  0%| F|  |TS  0|AC  0|TAMS 0x00000006c9d00000, 0x00000006c9d00000|
| 158|0x00000006c9e00000, 0x00000006c9e00000, 0x00000006c9f00000|  0%| F|  |TS  0|AC  0|TAMS 0x00000006c9e00000, 0x00000006c9e00000|
| 159|0x00000006c9f00000, 0x00000006c9f00000, 0x00000006ca000000|  0%| F|  |TS  0|AC  0|TAMS 0x00000006c9f00000, 0x00000006c9f00000|
| 160|0x00000006ca000000, 0x00000006ca000000, 0x00000006ca100000|  0%| F|  |TS  0|AC  0|TAMS 0x00000006ca000000, 0x00000006ca000000|
| 161|0x00000006ca100000, 0x00000006ca100000, 0x00000006ca200000|  0%| F|  |TS  0|AC  0|TAMS 0x00000006ca100000, 0x00000006ca100000|
| 162|0x00000006ca200000, 0x00000006ca200000, 0x00000006ca300000|  0%| F|  |TS  0|AC  0|TAMS 0x00000006ca200000, 0x00000006ca200000|
| 163|0x00000006ca300000, 0x00000006ca300000, 0x00000006ca400000|  0%| F|  |TS  0|AC  0|TAMS 0x00000006ca300000, 0x00000006ca300000|
| 164|0x00000006ca400000, 0x00000006ca400000, 0x00000006ca500000|  0%| F|  |TS  0|AC  0|TAMS 0x00000006ca400000, 0x00000006ca400000|
| 165|0x00000006ca500000, 0x00000006ca500000, 0x00000006ca600000|  0%| F|  |TS  0|AC  0|TAMS 0x00000006ca500000, 0x00000006ca500000|
| 166|0x00000006ca600000, 0x00000006ca600000, 0x00000006ca700000|  0%| F|  |TS  0|AC  0|TAMS 0x00000006ca600000, 0x00000006ca600000|
| 167|0x00000006ca700000, 0x00000006ca700000, 0x00000006ca800000|  0%| F|  |TS  0|AC  0|TAMS 0x00000006ca700000, 0x00000006ca700000|
| 168|0x00000006ca800000, 0x00000006ca800000, 0x00000006ca900000|  0%| F|  |TS  0|AC  0|TAMS 0x00000006ca800000, 0x00000006ca800000|
| 169|0x00000006ca900000, 0x00000006ca900000, 0x00000006caa00000|  0%| F|  |TS  0|AC  0|TAMS 0x00000006ca900000, 0x00000006ca900000|
| 170|0x00000006caa00000, 0x00000006caa00000, 0x00000006cab00000|  0%| F|  |TS  0|AC  0|TAMS 0x00000006caa00000, 0x00000006caa00000|
| 171|0x00000006cab00000, 0x00000006cab00000, 0x00000006cac00000|  0%| F|  |TS  0|AC  0|TAMS 0x00000006cab00000, 0x00000006cab00000|
| 172|0x00000006cac00000, 0x00000006cac00000, 0x00000006cad00000|  0%| F|  |TS  0|AC  0|TAMS 0x00000006cac00000, 0x00000006cac00000|
| 173|0x00000006cad00000, 0x00000006cad00000, 0x00000006cae00000|  0%| F|  |TS  0|AC  0|TAMS 0x00000006cad00000, 0x00000006cad00000|
| 174|0x00000006cae00000, 0x00000006cae00000, 0x00000006caf00000|  0%| F|  |TS  0|AC  0|TAMS 0x00000006cae00000, 0x00000006cae00000|
| 175|0x00000006caf00000, 0x00000006caf00000, 0x00000006cb000000|  0%| F|  |TS  0|AC  0|TAMS 0x00000006caf00000, 0x00000006caf00000|
| 176|0x00000006cb000000, 0x00000006cb000000, 0x00000006cb100000|  0%| F|  |TS  0|AC  0|TAMS 0x00000006cb000000, 0x00000006cb000000|
| 177|0x00000006cb100000, 0x00000006cb100000, 0x00000006cb200000|  0%| F|  |TS  0|AC  0|TAMS 0x00000006cb100000, 0x00000006cb100000|
| 178|0x00000006cb200000, 0x00000006cb200000, 0x00000006cb300000|  0%| F|  |TS  0|AC  0|TAMS 0x00000006cb200000, 0x00000006cb200000|
| 179|0x00000006cb300000, 0x00000006cb300000, 0x00000006cb400000|  0%| F|  |TS  0|AC  0|TAMS 0x00000006cb300000, 0x00000006cb300000|
| 180|0x00000006cb400000, 0x00000006cb480800, 0x00000006cb500000| 50%| E|  |TS  0|AC  0|TAMS 0x00000006cb400000, 0x00000006cb400000|
| 181|0x00000006cb500000, 0x00000006cb600000, 0x00000006cb600000|100%| E|CS|TS  0|AC  0|TAMS 0x00000006cb500000, 0x00000006cb500000|
| 182|0x00000006cb600000, 0x00000006cb700000, 0x00000006cb700000|100%| E|CS|TS  0|AC  0|TAMS 0x00000006cb600000, 0x00000006cb600000|
| 183|0x00000006cb700000, 0x00000006cb800000, 0x00000006cb800000|100%| E|CS|TS  0|AC  0|TAMS 0x00000006cb700000, 0x00000006cb700000|
| 184|0x00000006cb800000, 0x00000006cb900000, 0x00000006cb900000|100%| E|CS|TS  0|AC  0|TAMS 0x00000006cb800000, 0x00000006cb800000|
| 185|0x00000006cb900000, 0x00000006cba00000, 0x00000006cba00000|100%| E|CS|TS  0|AC  0|TAMS 0x00000006cb900000, 0x00000006cb900000|
| 186|0x00000006cba00000, 0x00000006cbb00000, 0x00000006cbb00000|100%| E|CS|TS  0|AC  0|TAMS 0x00000006cba00000, 0x00000006cba00000|
| 187|0x00000006cbb00000, 0x00000006cbc00000, 0x00000006cbc00000|100%| E|CS|TS  0|AC  0|TAMS 0x00000006cbb00000, 0x00000006cbb00000|
| 188|0x00000006cbc00000, 0x00000006cbd00000, 0x00000006cbd00000|100%| E|CS|TS  0|AC  0|TAMS 0x00000006cbc00000, 0x00000006cbc00000|
| 189|0x00000006cbd00000, 0x00000006cbe00000, 0x00000006cbe00000|100%| E|CS|TS  0|AC  0|TAMS 0x00000006cbd00000, 0x00000006cbd00000|
| 190|0x00000006cbe00000, 0x00000006cbf00000, 0x00000006cbf00000|100%| E|CS|TS  0|AC  0|TAMS 0x00000006cbe00000, 0x00000006cbe00000|
| 191|0x00000006cbf00000, 0x00000006cc000000, 0x00000006cc000000|100%| E|CS|TS  0|AC  0|TAMS 0x00000006cbf00000, 0x00000006cbf00000|
| 192|0x00000006cc000000, 0x00000006cc100000, 0x00000006cc100000|100%| E|CS|TS  0|AC  0|TAMS 0x00000006cc000000, 0x00000006cc000000|
| 193|0x00000006cc100000, 0x00000006cc200000, 0x00000006cc200000|100%| E|CS|TS  0|AC  0|TAMS 0x00000006cc100000, 0x00000006cc100000|
| 194|0x00000006cc200000, 0x00000006cc300000, 0x00000006cc300000|100%| E|CS|TS  0|AC  0|TAMS 0x00000006cc200000, 0x00000006cc200000|
| 195|0x00000006cc300000, 0x00000006cc400000, 0x00000006cc400000|100%| E|CS|TS  0|AC  0|TAMS 0x00000006cc300000, 0x00000006cc300000|
| 196|0x00000006cc400000, 0x00000006cc4eb600, 0x00000006cc500000| 91%| S|CS|TS  1|AC  0|TAMS 0x00000006cc400000, 0x00000006cc400000|
| 197|0x00000006cc500000, 0x00000006cc600000, 0x00000006cc600000|100%| S|CS|TS  1|AC  0|TAMS 0x00000006cc500000, 0x00000006cc500000|
| 198|0x00000006cc600000, 0x00000006cc700000, 0x00000006cc700000|100%| S|CS|TS  1|AC  0|TAMS 0x00000006cc600000, 0x00000006cc600000|
| 199|0x00000006cc700000, 0x00000006cc800000, 0x00000006cc800000|100%| S|CS|TS  1|AC  0|TAMS 0x00000006cc700000, 0x00000006cc700000|
| 200|0x00000006cc800000, 0x00000006cc900000, 0x00000006cc900000|100%| E|CS|TS  1|AC  0|TAMS 0x00000006cc800000, 0x00000006cc800000|
| 201|0x00000006cc900000, 0x00000006cca00000, 0x00000006cca00000|100%| E|CS|TS  1|AC  0|TAMS 0x00000006cc900000, 0x00000006cc900000|
| 202|0x00000006cca00000, 0x00000006ccb00000, 0x00000006ccb00000|100%| E|CS|TS  1|AC  0|TAMS 0x00000006cca00000, 0x00000006cca00000|
| 203|0x00000006ccb00000, 0x00000006ccc00000, 0x00000006ccc00000|100%| E|CS|TS  1|AC  0|TAMS 0x00000006ccb00000, 0x00000006ccb00000|
| 204|0x00000006ccc00000, 0x00000006ccd00000, 0x00000006ccd00000|100%| E|CS|TS  1|AC  0|TAMS 0x00000006ccc00000, 0x00000006ccc00000|
| 205|0x00000006ccd00000, 0x00000006cce00000, 0x00000006cce00000|100%| E|CS|TS  1|AC  0|TAMS 0x00000006ccd00000, 0x00000006ccd00000|
| 206|0x00000006cce00000, 0x00000006ccf00000, 0x00000006ccf00000|100%| E|CS|TS  1|AC  0|TAMS 0x00000006cce00000, 0x00000006cce00000|
| 207|0x00000006ccf00000, 0x00000006cd000000, 0x00000006cd000000|100%| E|CS|TS  1|AC  0|TAMS 0x00000006ccf00000, 0x00000006ccf00000|
| 208|0x00000006cd000000, 0x00000006cd100000, 0x00000006cd100000|100%| E|CS|TS  1|AC  0|TAMS 0x00000006cd000000, 0x00000006cd000000|
| 209|0x00000006cd100000, 0x00000006cd200000, 0x00000006cd200000|100%| E|CS|TS  1|AC  0|TAMS 0x00000006cd100000, 0x00000006cd100000|
| 210|0x00000006cd200000, 0x00000006cd300000, 0x00000006cd300000|100%| E|CS|TS  1|AC  0|TAMS 0x00000006cd200000, 0x00000006cd200000|
| 211|0x00000006cd300000, 0x00000006cd400000, 0x00000006cd400000|100%| E|CS|TS  1|AC  0|TAMS 0x00000006cd300000, 0x00000006cd300000|
| 212|0x00000006cd400000, 0x00000006cd500000, 0x00000006cd500000|100%| E|CS|TS  1|AC  0|TAMS 0x00000006cd400000, 0x00000006cd400000|
| 213|0x00000006cd500000, 0x00000006cd600000, 0x00000006cd600000|100%| E|CS|TS  1|AC  0|TAMS 0x00000006cd500000, 0x00000006cd500000|
| 214|0x00000006cd600000, 0x00000006cd700000, 0x00000006cd700000|100%| E|CS|TS  1|AC  0|TAMS 0x00000006cd600000, 0x00000006cd600000|
| 215|0x00000006cd700000, 0x00000006cd800000, 0x00000006cd800000|100%| E|CS|TS  1|AC  0|TAMS 0x00000006cd700000, 0x00000006cd700000|
| 216|0x00000006cd800000, 0x00000006cd900000, 0x00000006cd900000|100%| E|CS|TS  1|AC  0|TAMS 0x00000006cd800000, 0x00000006cd800000|
| 217|0x00000006cd900000, 0x00000006cda00000, 0x00000006cda00000|100%| E|CS|TS  1|AC  0|TAMS 0x00000006cd900000, 0x00000006cd900000|
| 218|0x00000006cda00000, 0x00000006cdb00000, 0x00000006cdb00000|100%| E|CS|TS  1|AC  0|TAMS 0x00000006cda00000, 0x00000006cda00000|
| 219|0x00000006cdb00000, 0x00000006cdc00000, 0x00000006cdc00000|100%| E|CS|TS  1|AC  0|TAMS 0x00000006cdb00000, 0x00000006cdb00000|
| 220|0x00000006cdc00000, 0x00000006cdd00000, 0x00000006cdd00000|100%| E|CS|TS  1|AC  0|TAMS 0x00000006cdc00000, 0x00000006cdc00000|
| 221|0x00000006cdd00000, 0x00000006cde00000, 0x00000006cde00000|100%| E|CS|TS  1|AC  0|TAMS 0x00000006cdd00000, 0x00000006cdd00000|
| 222|0x00000006cde00000, 0x00000006cdf00000, 0x00000006cdf00000|100%| E|CS|TS  1|AC  0|TAMS 0x00000006cde00000, 0x00000006cde00000|
| 223|0x00000006cdf00000, 0x00000006ce000000, 0x00000006ce000000|100%| E|CS|TS  1|AC  0|TAMS 0x00000006cdf00000, 0x00000006cdf00000|
| 224|0x00000006ce000000, 0x00000006ce100000, 0x00000006ce100000|100%| E|CS|TS  1|AC  0|TAMS 0x00000006ce000000, 0x00000006ce000000|
| 225|0x00000006ce100000, 0x00000006ce200000, 0x00000006ce200000|100%| E|CS|TS  1|AC  0|TAMS 0x00000006ce100000, 0x00000006ce100000|
| 226|0x00000006ce200000, 0x00000006ce300000, 0x00000006ce300000|100%| E|CS|TS  1|AC  0|TAMS 0x00000006ce200000, 0x00000006ce200000|
| 227|0x00000006ce300000, 0x00000006ce400000, 0x00000006ce400000|100%| E|CS|TS  1|AC  0|TAMS 0x00000006ce300000, 0x00000006ce300000|
| 228|0x00000006ce400000, 0x00000006ce500000, 0x00000006ce500000|100%| E|CS|TS  1|AC  0|TAMS 0x00000006ce400000, 0x00000006ce400000|
| 229|0x00000006ce500000, 0x00000006ce600000, 0x00000006ce600000|100%| E|CS|TS  1|AC  0|TAMS 0x00000006ce500000, 0x00000006ce500000|
| 230|0x00000006ce600000, 0x00000006ce700000, 0x00000006ce700000|100%| E|CS|TS  1|AC  0|TAMS 0x00000006ce600000, 0x00000006ce600000|
| 231|0x00000006ce700000, 0x00000006ce800000, 0x00000006ce800000|100%| E|CS|TS  1|AC  0|TAMS 0x00000006ce700000, 0x00000006ce700000|
| 232|0x00000006ce800000, 0x00000006ce900000, 0x00000006ce900000|100%| E|CS|TS  1|AC  0|TAMS 0x00000006ce800000, 0x00000006ce800000|
| 233|0x00000006ce900000, 0x00000006cea00000, 0x00000006cea00000|100%| E|CS|TS  1|AC  0|TAMS 0x00000006ce900000, 0x00000006ce900000|
| 234|0x00000006cea00000, 0x00000006ceb00000, 0x00000006ceb00000|100%| E|CS|TS  1|AC  0|TAMS 0x00000006cea00000, 0x00000006cea00000|
| 235|0x00000006ceb00000, 0x00000006cec00000, 0x00000006cec00000|100%| E|CS|TS  1|AC  0|TAMS 0x00000006ceb00000, 0x00000006ceb00000|
| 236|0x00000006cec00000, 0x00000006ced00000, 0x00000006ced00000|100%| E|CS|TS  1|AC  0|TAMS 0x00000006cec00000, 0x00000006cec00000|
| 237|0x00000006ced00000, 0x00000006cee00000, 0x00000006cee00000|100%| E|CS|TS  1|AC  0|TAMS 0x00000006ced00000, 0x00000006ced00000|
| 238|0x00000006cee00000, 0x00000006cef00000, 0x00000006cef00000|100%| E|CS|TS  1|AC  0|TAMS 0x00000006cee00000, 0x00000006cee00000|
| 239|0x00000006cef00000, 0x00000006cf000000, 0x00000006cf000000|100%| E|CS|TS  1|AC  0|TAMS 0x00000006cef00000, 0x00000006cef00000|
| 240|0x00000006cf000000, 0x00000006cf100000, 0x00000006cf100000|100%| E|CS|TS  1|AC  0|TAMS 0x00000006cf000000, 0x00000006cf000000|
| 241|0x00000006cf100000, 0x00000006cf200000, 0x00000006cf200000|100%| E|CS|TS  1|AC  0|TAMS 0x00000006cf100000, 0x00000006cf100000|
| 242|0x00000006cf200000, 0x00000006cf300000, 0x00000006cf300000|100%| E|CS|TS  1|AC  0|TAMS 0x00000006cf200000, 0x00000006cf200000|
| 243|0x00000006cf300000, 0x00000006cf400000, 0x00000006cf400000|100%| E|CS|TS  1|AC  0|TAMS 0x00000006cf300000, 0x00000006cf300000|
| 244|0x00000006cf400000, 0x00000006cf500000, 0x00000006cf500000|100%| E|CS|TS  1|AC  0|TAMS 0x00000006cf400000, 0x00000006cf400000|
| 245|0x00000006cf500000, 0x00000006cf600000, 0x00000006cf600000|100%| E|CS|TS  1|AC  0|TAMS 0x00000006cf500000, 0x00000006cf500000|
| 246|0x00000006cf600000, 0x00000006cf700000, 0x00000006cf700000|100%| E|CS|TS  1|AC  0|TAMS 0x00000006cf600000, 0x00000006cf600000|
| 247|0x00000006cf700000, 0x00000006cf800000, 0x00000006cf800000|100%| E|CS|TS  1|AC  0|TAMS 0x00000006cf700000, 0x00000006cf700000|
| 248|0x00000006cf800000, 0x00000006cf900000, 0x00000006cf900000|100%| E|CS|TS  1|AC  0|TAMS 0x00000006cf800000, 0x00000006cf800000|
| 249|0x00000006cf900000, 0x00000006cfa00000, 0x00000006cfa00000|100%| E|CS|TS  1|AC  0|TAMS 0x00000006cf900000, 0x00000006cf900000|
| 250|0x00000006cfa00000, 0x00000006cfb00000, 0x00000006cfb00000|100%| E|CS|TS  1|AC  0|TAMS 0x00000006cfa00000, 0x00000006cfa00000|
| 251|0x00000006cfb00000, 0x00000006cfc00000, 0x00000006cfc00000|100%| E|CS|TS  1|AC  0|TAMS 0x00000006cfb00000, 0x00000006cfb00000|
| 252|0x00000006cfc00000, 0x00000006cfd00000, 0x00000006cfd00000|100%| E|CS|TS  1|AC  0|TAMS 0x00000006cfc00000, 0x00000006cfc00000|
| 253|0x00000006cfd00000, 0x00000006cfe00000, 0x00000006cfe00000|100%| E|CS|TS  1|AC  0|TAMS 0x00000006cfd00000, 0x00000006cfd00000|
| 254|0x00000006cfe00000, 0x00000006cff00000, 0x00000006cff00000|100%| E|CS|TS  1|AC  0|TAMS 0x00000006cfe00000, 0x00000006cfe00000|
| 255|0x00000006cff00000, 0x00000006d0000000, 0x00000006d0000000|100%| E|CS|TS  1|AC  0|TAMS 0x00000006cff00000, 0x00000006cff00000|

Card table byte_map: [0x0000000108e79000,0x0000000109679000] byte_map_base: 0x0000000105879000

Marking Bits (Prev, Next): (CMBitMap*) 0x00007fd1148000a8, (CMBitMap*) 0x00007fd114800070
 Prev Bits: [0x000000012a922000, 0x000000012e922000)
 Next Bits: [0x0000000126922000, 0x000000012a922000)

Polling page: 0x0000000106306000

CodeHeap 'non-profiled nmethods': size=120032Kb used=864Kb max_used=864Kb free=119167Kb
 bounds [0x000000011f3ea000, 0x000000011f65a000, 0x0000000126922000]
CodeHeap 'profiled nmethods': size=120032Kb used=4370Kb max_used=4370Kb free=115661Kb
 bounds [0x0000000117eb2000, 0x0000000118302000, 0x000000011f3ea000]
CodeHeap 'non-nmethods': size=5696Kb used=1543Kb max_used=1571Kb free=4152Kb
 bounds [0x0000000117922000, 0x0000000117b92000, 0x0000000117eb2000]
 total_blobs=3528 nmethods=2179 adapters=822
 compilation: enabled

Compilation events (10 events):
Event: 6.564 Thread 0x00007fd11482b000 nmethod 2168 0x000000011f4c1610 code [0x000000011f4c17c0, 0x000000011f4c18d0]
Event: 6.564 Thread 0x00007fd11482b000 2170       1       java.awt.geom.Rectangle2D$Double::getY (5 bytes)
Event: 6.564 Thread 0x00007fd11482b000 nmethod 2170 0x000000011f4c1910 code [0x000000011f4c1ac0, 0x000000011f4c1bd0]
Event: 6.569 Thread 0x00007fd11482b000 2172       3       sun.net.www.protocol.jar.Handler::parseURL (201 bytes)
Event: 6.572 Thread 0x00007fd11482b000 nmethod 2172 0x00000001182ef690 code [0x00000001182efa00, 0x00000001182f14b8]
Event: 6.572 Thread 0x00007fd11482b000 2173       3       sun.net.www.protocol.jar.Handler::indexOfBangSlash (52 bytes)
Event: 6.573 Thread 0x00007fd11482b000 nmethod 2173 0x00000001182f1d10 code [0x00000001182f1f80, 0x00000001182f2d78]
Event: 6.573 Thread 0x00007fd11482b000 2174       3       java.net.URLStreamHandler::setURL (159 bytes)
Event: 6.575 Thread 0x00007fd11482b000 nmethod 2174 0x00000001182f3110 code [0x00000001182f34a0, 0x00000001182f5288]
Event: 6.575 Thread 0x00007fd11482b000 2175       3       java.util.IdentityHashMap::get (60 bytes)

GC Heap History (8 events):
Event: 3.273 GC heap before
{Heap before GC invocations=0 (full 0):
 garbage-first heap   total 262144K, used 14336K [0x00000006c0000000, 0x00000006c0100800, 0x00000007c0000000)
  region size 1024K, 14 young (14336K), 0 survivors (0K)
 Metaspace       used 14072K, capacity 15062K, committed 15360K, reserved 1062912K
  class space    used 1508K, capacity 1722K, committed 1792K, reserved 1048576K
}
Event: 3.281 GC heap after
{Heap after GC invocations=1 (full 0):
 garbage-first heap   total 262144K, used 3664K [0x00000006c0000000, 0x00000006c0100800, 0x00000007c0000000)
  region size 1024K, 2 young (2048K), 2 survivors (2048K)
 Metaspace       used 14072K, capacity 15062K, committed 15360K, reserved 1062912K
  class space    used 1508K, capacity 1722K, committed 1792K, reserved 1048576K
}
Event: 3.472 GC heap before
{Heap before GC invocations=1 (full 0):
 garbage-first heap   total 262144K, used 13904K [0x00000006c0000000, 0x00000006c0100800, 0x00000007c0000000)
  region size 1024K, 12 young (12288K), 2 survivors (2048K)
 Metaspace       used 17386K, capacity 18478K, committed 18688K, reserved 1067008K
  class space    used 1792K, capacity 2040K, committed 2048K, reserved 1048576K
}
Event: 3.480 GC heap after
{Heap after GC invocations=2 (full 0):
 garbage-first heap   total 262144K, used 5683K [0x00000006c0000000, 0x00000006c0100800, 0x00000007c0000000)
  region size 1024K, 2 young (2048K), 2 survivors (2048K)
 Metaspace       used 17386K, capacity 18478K, committed 18688K, reserved 1067008K
  class space    used 1792K, capacity 2040K, committed 2048K, reserved 1048576K
}
Event: 3.622 GC heap before
{Heap before GC invocations=2 (full 0):
 garbage-first heap   total 262144K, used 10803K [0x00000006c0000000, 0x00000006c0100800, 0x00000007c0000000)
  region size 1024K, 7 young (7168K), 2 survivors (2048K)
 Metaspace       used 20181K, capacity 21223K, committed 21296K, reserved 1069056K
  class space    used 1944K, capacity 2161K, committed 2176K, reserved 1048576K
}
Event: 3.625 GC heap after
{Heap after GC invocations=3 (full 0):
 garbage-first heap   total 262144K, used 5176K [0x00000006c0000000, 0x00000006c0100800, 0x00000007c0000000)
  region size 1024K, 2 young (2048K), 2 survivors (2048K)
 Metaspace       used 20181K, capacity 21223K, committed 21296K, reserved 1069056K
  class space    used 1944K, capacity 2161K, committed 2176K, reserved 1048576K
}
Event: 5.195 GC heap before
{Heap before GC invocations=4 (full 0):
 garbage-first heap   total 262144K, used 72760K [0x00000006c0000000, 0x00000006c0100800, 0x00000007c0000000)
  region size 1024K, 56 young (57344K), 2 survivors (2048K)
 Metaspace       used 21669K, capacity 22731K, committed 22860K, reserved 1069056K
  class space    used 2093K, capacity 2323K, committed 2380K, reserved 1048576K
}
Event: 5.199 GC heap after
{Heap after GC invocations=5 (full 0):
 garbage-first heap   total 262144K, used 18966K [0x00000006c0000000, 0x00000006c0100800, 0x00000007c0000000)
  region size 1024K, 4 young (4096K), 4 survivors (4096K)
 Metaspace       used 21669K, capacity 22731K, committed 22860K, reserved 1069056K
  class space    used 2093K, capacity 2323K, committed 2380K, reserved 1048576K
}

Deoptimization events (10 events):
Event: 3.414 Thread 0x00007fd1154cc000 Uncommon trap: reason=class_check action=maybe_recompile pc=0x000000011f43cbc8 method=java.util.HashMap.putVal(ILjava/lang/Object;Ljava/lang/Object;ZZ)Ljava/lang/Object; @ 253 c2
Event: 3.414 Thread 0x00007fd1154cc000 Uncommon trap: reason=class_check action=maybe_recompile pc=0x000000011f43cbc8 method=java.util.HashMap.putVal(ILjava/lang/Object;Ljava/lang/Object;ZZ)Ljava/lang/Object; @ 253 c2
Event: 4.128 Thread 0x00007fd114d8e800 Uncommon trap: reason=unstable_if action=reinterpret pc=0x000000011f47806c method=com.jogamp.common.util.IntIntHashMap.get(I)I @ 19 c2
Event: 4.192 Thread 0x00007fd114d8e800 Uncommon trap: reason=unstable_if action=reinterpret pc=0x000000011f478ca0 method=com.jogamp.common.util.IntIntHashMap.get(I)I @ 19 c2
Event: 4.308 Thread 0x00007fd114d8e800 Uncommon trap: reason=class_check action=maybe_recompile pc=0x000000011f47b7d0 method=com.jogamp.common.nio.Buffers.getDirectBufferByteOffset(Ljava/lang/Object;)I @ 42 c2
Event: 4.340 Thread 0x00007fd114d8e800 Uncommon trap: reason=unstable_if action=reinterpret pc=0x000000011f47d210 method=jogamp.opengl.gl4.GL4bcImpl.checkBufferObject(ZZZILjava/lang/String;Z)Z @ 59 c2
Event: 4.343 Thread 0x00007fd114d8e800 Uncommon trap: reason=unstable_if action=reinterpret pc=0x000000011f4865d0 method=processing.core.PApplet.max(II)I @ 2 c2
Event: 4.346 Thread 0x00007fd114d8e800 Uncommon trap: reason=class_check action=maybe_recompile pc=0x000000011f47b7d0 method=com.jogamp.common.nio.Buffers.getDirectBufferByteOffset(Ljava/lang/Object;)I @ 42 c2
Event: 4.378 Thread 0x00007fd114d8e800 Uncommon trap: reason=class_check action=maybe_recompile pc=0x000000011f47b7d0 method=com.jogamp.common.nio.Buffers.getDirectBufferByteOffset(Ljava/lang/Object;)I @ 42 c2
Event: 4.379 Thread 0x00007fd114d8e800 Uncommon trap: reason=class_check action=maybe_recompile pc=0x000000011f47b7d0 method=com.jogamp.common.nio.Buffers.getDirectBufferByteOffset(Ljava/lang/Object;)I @ 42 c2

Classes redefined (0 events):
No events

Internal exceptions (10 events):
Event: 3.429 Thread 0x00007fd1154cc000 Exception <a 'java/lang/NoSuchMethodError'{0x00000006cf7130b0}: java.lang.invoke.DirectMethodHandle$Holder.invokeStatic(Ljava/lang/Object;Ljava/lang/Object;J)Ljava/lang/Object;> (0x00000006cf7130b0) thrown at [/scratch/mesos/slaves/450fa0f5-8733-43f8-b866
Event: 3.429 Thread 0x00007fd1154cc000 Exception <a 'java/lang/NoSuchMethodError'{0x00000006cf716720}: method resolution failed> (0x00000006cf716720) thrown at [/scratch/mesos/slaves/450fa0f5-8733-43f8-b866-79fe3e86d200-S756/frameworks/1735e8a2-a1db-478c-8104-60c8b0af87dd-0196/executors/132405
Event: 3.431 Thread 0x00007fd1154cc000 Exception <a 'java/lang/NoSuchMethodError'{0x00000006cf720218}: java.lang.invoke.DirectMethodHandle$Holder.invokeStatic(Ljava/lang/Object;Ljava/lang/Object;Ljava/lang/Object;I)Ljava/lang/Object;> (0x00000006cf720218) thrown at [/scratch/mesos/slaves/450fa
Event: 3.431 Thread 0x00007fd1154cc000 Exception <a 'java/lang/NoSuchMethodError'{0x00000006cf723e80}: java.lang.invoke.DirectMethodHandle$Holder.invokeSpecial(Ljava/lang/Object;Ljava/lang/Object;Ljava/lang/Object;Ljava/lang/Object;I)Ljava/lang/Object;> (0x00000006cf723e80) thrown at [/scratch
Event: 3.435 Thread 0x00007fd1154cc000 Exception <a 'java/lang/NoSuchMethodError'{0x00000006cf738478}: method resolution failed> (0x00000006cf738478) thrown at [/scratch/mesos/slaves/450fa0f5-8733-43f8-b866-79fe3e86d200-S756/frameworks/1735e8a2-a1db-478c-8104-60c8b0af87dd-0196/executors/132405
Event: 3.435 Thread 0x00007fd1154cc000 Exception <a 'java/lang/NoSuchMethodError'{0x00000006cf73eb00}: method resolution failed> (0x00000006cf73eb00) thrown at [/scratch/mesos/slaves/450fa0f5-8733-43f8-b866-79fe3e86d200-S756/frameworks/1735e8a2-a1db-478c-8104-60c8b0af87dd-0196/executors/132405
Event: 3.436 Thread 0x00007fd1154cc000 Exception <a 'java/lang/NoSuchMethodError'{0x00000006cf742798}: method resolution failed> (0x00000006cf742798) thrown at [/scratch/mesos/slaves/450fa0f5-8733-43f8-b866-79fe3e86d200-S756/frameworks/1735e8a2-a1db-478c-8104-60c8b0af87dd-0196/executors/132405
Event: 3.439 Thread 0x00007fd1154cc000 Exception <a 'java/lang/NoSuchMethodError'{0x00000006cf758ff8}: java.lang.Object.lambda$union$2(Ljava/util/regex/Pattern$CharPredicate;I)Z> (0x00000006cf758ff8) thrown at [/scratch/mesos/slaves/450fa0f5-8733-43f8-b866-79fe3e86d200-S756/frameworks/1735e8a2
Event: 4.128 Thread 0x00007fd114d8e800 Implicit null exception at 0x000000011f477fea to 0x000000011f478055
Event: 4.192 Thread 0x00007fd114d8e800 Implicit null exception at 0x000000011f478b25 to 0x000000011f478c79

Events (10 events):
Event: 6.571 loading class java/awt/event/AWTEventListenerProxy
Event: 6.571 loading class java/awt/event/AWTEventListenerProxy done
Event: 6.571 loading class java/awt/Toolkit$ToolkitEventMulticaster
Event: 6.571 loading class java/awt/Toolkit$ToolkitEventMulticaster done
Event: 6.571 Thread 0x00007fd114471000 Thread exited: 0x00007fd114471000
Event: 6.571 loading class java/lang/IllegalThreadStateException
Event: 6.571 loading class java/lang/IllegalThreadStateException done
Event: 6.571 loading class java/awt/Window$1DisposeAction
Event: 6.572 loading class java/awt/Window$1DisposeAction done
Event: 6.572 Thread 0x00007fd1154cc000 Thread exited: 0x00007fd1154cc000


Dynamic libraries:
0x00007fff3296f000 	/System/Library/Frameworks/Cocoa.framework/Versions/A/Cocoa
0x00007fff3ed2c000 	/System/Library/Frameworks/Security.framework/Versions/A/Security
0x00007fff315de000 	/System/Library/Frameworks/ApplicationServices.framework/Versions/A/ApplicationServices
0x00007fff5a88c000 	/usr/lib/libz.1.dylib
0x00007fff588a0000 	/usr/lib/libSystem.B.dylib
0x00007fff33109000 	/System/Library/Frameworks/CoreFoundation.framework/Versions/A/CoreFoundation
0x00007fff3523f000 	/System/Library/Frameworks/Foundation.framework/Versions/C/Foundation
0x00007fff59ea1000 	/usr/lib/libobjc.A.dylib
0x00007fff3072f000 	/System/Library/Frameworks/AppKit.framework/Versions/C/AppKit
0x00007fff32ce7000 	/System/Library/Frameworks/CoreData.framework/Versions/A/CoreData
0x00007fff522e1000 	/System/Library/PrivateFrameworks/RemoteViewServices.framework/Versions/A/RemoteViewServices
0x00007fff56936000 	/System/Library/PrivateFrameworks/UIFoundation.framework/Versions/A/UIFoundation
0x00007fff4732b000 	/System/Library/PrivateFrameworks/DFRFoundation.framework/Versions/A/DFRFoundation
0x00007fff37716000 	/System/Library/Frameworks/Metal.framework/Versions/A/Metal
0x00007fff474cc000 	/System/Library/PrivateFrameworks/DesktopServicesPriv.framework/Versions/A/DesktopServicesPriv
0x00007fff594a3000 	/usr/lib/libenergytrace.dylib
0x00007fff54a5a000 	/System/Library/PrivateFrameworks/SkyLight.framework/Versions/A/SkyLight
0x00007fff335ab000 	/System/Library/Frameworks/CoreGraphics.framework/Versions/A/CoreGraphics
0x00007fff5889b000 	/usr/lib/libScreenReader.dylib
0x00007fff2f6f0000 	/System/Library/Frameworks/Accelerate.framework/Versions/A/Accelerate
0x00007fff359b6000 	/System/Library/Frameworks/IOSurface.framework/Versions/A/IOSurface
0x00007fff31b28000 	/System/Library/Frameworks/AudioToolbox.framework/Versions/A/AudioToolbox
0x00007fff31db5000 	/System/Library/Frameworks/AudioUnit.framework/Versions/A/AudioUnit
0x00007fff473c7000 	/System/Library/PrivateFrameworks/DataDetectorsCore.framework/Versions/A/DataDetectorsCore
0x00007fff32476000 	/System/Library/Frameworks/Carbon.framework/Versions/A/Frameworks/HIToolbox.framework/Versions/A/HIToolbox
0x00007fff595fd000 	/usr/lib/libicucore.A.dylib
0x00007fff3e2ab000 	/System/Library/Frameworks/QuartzCore.framework/Versions/A/QuartzCore
0x00007fff3285c000 	/System/Library/Frameworks/Carbon.framework/Versions/A/Frameworks/SpeechRecognition.framework/Versions/A/SpeechRecognition
0x00007fff589fc000 	/usr/lib/libauto.dylib
0x00007fff5a77b000 	/usr/lib/libxml2.2.dylib
0x00007fff46fa5000 	/System/Library/PrivateFrameworks/CoreUI.framework/Versions/A/CoreUI
0x00007fff32bc3000 	/System/Library/Frameworks/CoreAudio.framework/Versions/A/CoreAudio
0x00007fff35079000 	/System/Library/Frameworks/DiskArbitration.framework/Versions/A/DiskArbitration
0x00007fff59871000 	/usr/lib/liblangid.dylib
0x00007fff4e82c000 	/System/Library/PrivateFrameworks/MultitouchSupport.framework/Versions/A/MultitouchSupport
0x00007fff35919000 	/System/Library/Frameworks/IOKit.framework/Versions/A/IOKit
0x00007fff58538000 	/usr/lib/libDiagnosticMessagesClient.dylib
0x00007fff34269000 	/System/Library/Frameworks/CoreServices.framework/Versions/A/CoreServices
0x00007fff502c6000 	/System/Library/PrivateFrameworks/PerformanceAnalysis.framework/Versions/A/PerformanceAnalysis
0x00007fff3d455000 	/System/Library/Frameworks/OpenGL.framework/Versions/A/OpenGL
0x00007fff3297d000 	/System/Library/Frameworks/ColorSync.framework/Versions/A/ColorSync
0x00007fff33bba000 	/System/Library/Frameworks/CoreImage.framework/Versions/A/CoreImage
0x00007fff34bea000 	/System/Library/Frameworks/CoreText.framework/Versions/A/CoreText
0x00007fff35a14000 	/System/Library/Frameworks/ImageIO.framework/Versions/A/ImageIO
0x00007fff437fe000 	/System/Library/PrivateFrameworks/Backup.framework/Versions/A/Backup
0x00007fff5894c000 	/usr/lib/libarchive.2.dylib
0x00007fff320ca000 	/System/Library/Frameworks/CFNetwork.framework/Versions/A/CFNetwork
0x00007fff3f4a8000 	/System/Library/Frameworks/SystemConfiguration.framework/Versions/A/SystemConfiguration
0x00007fff58461000 	/usr/lib/libCRFSuite.dylib
0x00007fff58ad4000 	/usr/lib/libc++.1.dylib
0x00007fff58b2b000 	/usr/lib/libc++abi.dylib
0x00007fff5a93c000 	/usr/lib/system/libcache.dylib
0x00007fff5a941000 	/usr/lib/system/libcommonCrypto.dylib
0x00007fff5a94c000 	/usr/lib/system/libcompiler_rt.dylib
0x00007fff5a954000 	/usr/lib/system/libcopyfile.dylib
0x00007fff5a95d000 	/usr/lib/system/libcorecrypto.dylib
0x00007fff5aa6a000 	/usr/lib/system/libdispatch.dylib
0x00007fff5aaa4000 	/usr/lib/system/libdyld.dylib
0x00007fff5aac2000 	/usr/lib/system/libkeymgr.dylib
0x00007fff5aad0000 	/usr/lib/system/liblaunch.dylib
0x00007fff5aad1000 	/usr/lib/system/libmacho.dylib
0x00007fff5aad6000 	/usr/lib/system/libquarantine.dylib
0x00007fff5aad9000 	/usr/lib/system/libremovefile.dylib
0x00007fff5aadb000 	/usr/lib/system/libsystem_asl.dylib
0x00007fff5aaf3000 	/usr/lib/system/libsystem_blocks.dylib
0x00007fff5aaf4000 	/usr/lib/system/libsystem_c.dylib
0x00007fff5ab7e000 	/usr/lib/system/libsystem_configuration.dylib
0x00007fff5ab82000 	/usr/lib/system/libsystem_coreservices.dylib
0x00007fff5ab86000 	/usr/lib/system/libsystem_darwin.dylib
0x00007fff5ab88000 	/usr/lib/system/libsystem_dnssd.dylib
0x00007fff5ab8f000 	/usr/lib/system/libsystem_info.dylib
0x00007fff5abff000 	/usr/lib/system/libsystem_m.dylib
0x00007fff5ac4b000 	/usr/lib/system/libsystem_malloc.dylib
0x00007fff5ac6b000 	/usr/lib/system/libsystem_network.dylib
0x00007fff5ad10000 	/usr/lib/system/libsystem_networkextension.dylib
0x00007fff5ad1b000 	/usr/lib/system/libsystem_notify.dylib
0x00007fff5ad39000 	/usr/lib/system/libsystem_sandbox.dylib
0x00007fff5ad3d000 	/usr/lib/system/libsystem_secinit.dylib
0x00007fff5abd9000 	/usr/lib/system/libsystem_kernel.dylib
0x00007fff5ad25000 	/usr/lib/system/libsystem_platform.dylib
0x00007fff5ad2d000 	/usr/lib/system/libsystem_pthread.dylib
0x00007fff5ad3f000 	/usr/lib/system/libsystem_symptoms.dylib
0x00007fff5ad47000 	/usr/lib/system/libsystem_trace.dylib
0x00007fff5ad5c000 	/usr/lib/system/libunwind.dylib
0x00007fff5ad62000 	/usr/lib/system/libxpc.dylib
0x00007fff5838e000 	/usr/lib/closure/libclosured.dylib
0x00007fff58ab5000 	/usr/lib/libbsm.0.dylib
0x00007fff5aac3000 	/usr/lib/system/libkxld.dylib
0x00007fff58772000 	/usr/lib/libOpenScriptingUtil.dylib
0x00007fff58e25000 	/usr/lib/libcoretls.dylib
0x00007fff58e3e000 	/usr/lib/libcoretls_cfhelpers.dylib
0x00007fff5a2a2000 	/usr/lib/libpam.2.dylib
0x00007fff5a3c8000 	/usr/lib/libsqlite3.dylib
0x00007fff5a76a000 	/usr/lib/libxar.1.dylib
0x00007fff58ac6000 	/usr/lib/libbz2.1.0.dylib
0x00007fff59873000 	/usr/lib/liblzma.5.dylib
0x00007fff59d54000 	/usr/lib/libnetwork.dylib
0x00007fff58935000 	/usr/lib/libapple_nghttp2.dylib
0x00007fff5a2a9000 	/usr/lib/libpcap.A.dylib
0x00007fff589fd000 	/usr/lib/libboringssl.dylib
0x00007fff5a72c000 	/usr/lib/libusrtcp.dylib
0x00007fff58934000 	/usr/lib/libapple_crypto.dylib
0x00007fff345ec000 	/System/Library/Frameworks/CoreServices.framework/Versions/A/Frameworks/FSEvents.framework/Versions/A/FSEvents
0x00007fff342df000 	/System/Library/Frameworks/CoreServices.framework/Versions/A/Frameworks/CarbonCore.framework/Versions/A/CarbonCore
0x00007fff347ae000 	/System/Library/Frameworks/CoreServices.framework/Versions/A/Frameworks/Metadata.framework/Versions/A/Metadata
0x00007fff3485e000 	/System/Library/Frameworks/CoreServices.framework/Versions/A/Frameworks/OSServices.framework/Versions/A/OSServices
0x00007fff348bc000 	/System/Library/Frameworks/CoreServices.framework/Versions/A/Frameworks/SearchKit.framework/Versions/A/SearchKit
0x00007fff3426a000 	/System/Library/Frameworks/CoreServices.framework/Versions/A/Frameworks/AE.framework/Versions/A/AE
0x00007fff345f5000 	/System/Library/Frameworks/CoreServices.framework/Versions/A/Frameworks/LaunchServices.framework/Versions/A/LaunchServices
0x00007fff345b7000 	/System/Library/Frameworks/CoreServices.framework/Versions/A/Frameworks/DictionaryServices.framework/Versions/A/DictionaryServices
0x00007fff3492b000 	/System/Library/Frameworks/CoreServices.framework/Versions/A/Frameworks/SharedFileList.framework/Versions/A/SharedFileList
0x00007fff388e2000 	/System/Library/Frameworks/NetFS.framework/Versions/A/NetFS
0x00007fff4eab9000 	/System/Library/PrivateFrameworks/NetAuth.framework/Versions/A/NetAuth
0x00007fff58228000 	/System/Library/PrivateFrameworks/login.framework/Versions/A/Frameworks/loginsupport.framework/Versions/A/loginsupport
0x00007fff565ba000 	/System/Library/PrivateFrameworks/TCC.framework/Versions/A/TCC
0x00007fff59954000 	/usr/lib/libmecabra.dylib
0x00007fff315df000 	/System/Library/Frameworks/ApplicationServices.framework/Versions/A/Frameworks/ATS.framework/Versions/A/ATS
0x00007fff3198d000 	/System/Library/Frameworks/ApplicationServices.framework/Versions/A/Frameworks/ColorSyncLegacy.framework/Versions/A/ColorSyncLegacy
0x00007fff31a31000 	/System/Library/Frameworks/ApplicationServices.framework/Versions/A/Frameworks/HIServices.framework/Versions/A/HIServices
0x00007fff31a84000 	/System/Library/Frameworks/ApplicationServices.framework/Versions/A/Frameworks/LangAnalysis.framework/Versions/A/LangAnalysis
0x00007fff31a93000 	/System/Library/Frameworks/ApplicationServices.framework/Versions/A/Frameworks/PrintCore.framework/Versions/A/PrintCore
0x00007fff31ae0000 	/System/Library/Frameworks/ApplicationServices.framework/Versions/A/Frameworks/QD.framework/Versions/A/QD
0x00007fff31b1b000 	/System/Library/Frameworks/ApplicationServices.framework/Versions/A/Frameworks/SpeechSynthesis.framework/Versions/A/SpeechSynthesis
0x00007fff3303c000 	/System/Library/Frameworks/CoreDisplay.framework/Versions/A/CoreDisplay
0x00007fff2f708000 	/System/Library/Frameworks/Accelerate.framework/Versions/A/Frameworks/vImage.framework/Versions/A/vImage
0x00007fff3043f000 	/System/Library/Frameworks/Accelerate.framework/Versions/A/Frameworks/vecLib.framework/Versions/A/vecLib
0x00007fff301e1000 	/System/Library/Frameworks/Accelerate.framework/Versions/A/Frameworks/vecLib.framework/Versions/A/libvDSP.dylib
0x00007fff2fd62000 	/System/Library/Frameworks/Accelerate.framework/Versions/A/Frameworks/vecLib.framework/Versions/A/libBNNS.dylib
0x00007fff30168000 	/System/Library/Frameworks/Accelerate.framework/Versions/A/Frameworks/vecLib.framework/Versions/A/libQuadrature.dylib
0x00007fff3038e000 	/System/Library/Frameworks/Accelerate.framework/Versions/A/Frameworks/vecLib.framework/Versions/A/libvMisc.dylib
0x00007fff2fd91000 	/System/Library/Frameworks/Accelerate.framework/Versions/A/Frameworks/vecLib.framework/Versions/A/libLAPACK.dylib
0x00007fff2fc07000 	/System/Library/Frameworks/Accelerate.framework/Versions/A/Frameworks/vecLib.framework/Versions/A/libBLAS.dylib
0x00007fff30152000 	/System/Library/Frameworks/Accelerate.framework/Versions/A/Frameworks/vecLib.framework/Versions/A/libLinearAlgebra.dylib
0x00007fff3016e000 	/System/Library/Frameworks/Accelerate.framework/Versions/A/Frameworks/vecLib.framework/Versions/A/libSparse.dylib
0x00007fff301cd000 	/System/Library/Frameworks/Accelerate.framework/Versions/A/Frameworks/vecLib.framework/Versions/A/libSparseBLAS.dylib
0x00007fff4d15f000 	/System/Library/PrivateFrameworks/IOAccelerator.framework/Versions/A/IOAccelerator
0x00007fff4d16a000 	/System/Library/PrivateFrameworks/IOPresentment.framework/Versions/A/IOPresentment
0x00007fff4733d000 	/System/Library/PrivateFrameworks/DSExternalDisplay.framework/Versions/A/DSExternalDisplay
0x00007fff3c8d7000 	/System/Library/Frameworks/OpenGL.framework/Versions/A/Libraries/libCoreFSCache.dylib
0x00007fff34d39000 	/System/Library/Frameworks/CoreVideo.framework/Versions/A/CoreVideo
0x00007fff4c7b2000 	/System/Library/PrivateFrameworks/GraphVisualizer.framework/Versions/A/GraphVisualizer
0x00007fff378d9000 	/System/Library/Frameworks/MetalPerformanceShaders.framework/Versions/A/MetalPerformanceShaders
0x00007fff58570000 	/usr/lib/libFosl_dynamic.dylib
0x00007fff48370000 	/System/Library/PrivateFrameworks/FaceCore.framework/Versions/A/FaceCore
0x00007fff3b6df000 	/System/Library/Frameworks/OpenCL.framework/Versions/A/OpenCL
0x00007fff58b62000 	/usr/lib/libcompression.dylib
0x00007fff316de000 	/System/Library/Frameworks/ApplicationServices.framework/Versions/A/Frameworks/ATS.framework/Versions/A/Resources/libFontParser.dylib
0x00007fff31801000 	/System/Library/Frameworks/ApplicationServices.framework/Versions/A/Frameworks/ATS.framework/Versions/A/Resources/libFontRegistry.dylib
0x00007fff35c79000 	/System/Library/Frameworks/ImageIO.framework/Versions/A/Resources/libJPEG.dylib
0x00007fff35fa2000 	/System/Library/Frameworks/ImageIO.framework/Versions/A/Resources/libTIFF.dylib
0x00007fff35f78000 	/System/Library/Frameworks/ImageIO.framework/Versions/A/Resources/libPng.dylib
0x00007fff35b8c000 	/System/Library/Frameworks/ImageIO.framework/Versions/A/Resources/libGIF.dylib
0x00007fff35b91000 	/System/Library/Frameworks/ImageIO.framework/Versions/A/Resources/libJP2.dylib
0x00007fff35f9f000 	/System/Library/Frameworks/ImageIO.framework/Versions/A/Resources/libRadiance.dylib
0x00007fff42f5f000 	/System/Library/PrivateFrameworks/AppleJPEG.framework/Versions/A/AppleJPEG
0x00007fff4e5aa000 	/System/Library/PrivateFrameworks/MetalTools.framework/Versions/A/MetalTools
0x00007fff377b2000 	/System/Library/Frameworks/MetalPerformanceShaders.framework/Frameworks/MPSCore.framework/Versions/A/MPSCore
0x00007fff377c8000 	/System/Library/Frameworks/MetalPerformanceShaders.framework/Frameworks/MPSImage.framework/Versions/A/MPSImage
0x00007fff37834000 	/System/Library/Frameworks/MetalPerformanceShaders.framework/Frameworks/MPSMatrix.framework/Versions/A/MPSMatrix
0x00007fff37858000 	/System/Library/Frameworks/MetalPerformanceShaders.framework/Frameworks/MPSNeuralNetwork.framework/Versions/A/MPSNeuralNetwork
0x00007fff3ca9f000 	/System/Library/Frameworks/OpenGL.framework/Versions/A/Libraries/libGLU.dylib
0x00007fff3c8e1000 	/System/Library/Frameworks/OpenGL.framework/Versions/A/Libraries/libGFXShared.dylib
0x00007fff3c8ea000 	/System/Library/Frameworks/OpenGL.framework/Versions/A/Libraries/libGL.dylib
0x00007fff3c8f6000 	/System/Library/Frameworks/OpenGL.framework/Versions/A/Libraries/libGLImage.dylib
0x00007fff3c8d4000 	/System/Library/Frameworks/OpenGL.framework/Versions/A/Libraries/libCVMSPluginSupport.dylib
0x00007fff3c8dc000 	/System/Library/Frameworks/OpenGL.framework/Versions/A/Libraries/libCoreVMClient.dylib
0x00007fff5930f000 	/usr/lib/libcups.2.dylib
0x00007fff36d7e000 	/System/Library/Frameworks/Kerberos.framework/Versions/A/Kerberos
0x00007fff35674000 	/System/Library/Frameworks/GSS.framework/Versions/A/GSS
0x00007fff5a35c000 	/usr/lib/libresolv.9.dylib
0x00007fff5950b000 	/usr/lib/libiconv.2.dylib
0x00007fff4c839000 	/System/Library/PrivateFrameworks/Heimdal.framework/Versions/A/Heimdal
0x00007fff594da000 	/usr/lib/libheimdal-asn1.dylib
0x00007fff3b74a000 	/System/Library/Frameworks/OpenDirectory.framework/Versions/A/OpenDirectory
0x00007fff45215000 	/System/Library/PrivateFrameworks/CommonAuth.framework/Versions/A/CommonAuth
0x00007fff3b72d000 	/System/Library/Frameworks/OpenDirectory.framework/Versions/A/Frameworks/CFOpenDirectory.framework/Versions/A/CFOpenDirectory
0x00007fff3f044000 	/System/Library/Frameworks/SecurityFoundation.framework/Versions/A/SecurityFoundation
0x00007fff4214b000 	/System/Library/PrivateFrameworks/APFS.framework/Versions/A/APFS
0x00007fff5a766000 	/usr/lib/libutil.dylib
0x00007fff42fe2000 	/System/Library/PrivateFrameworks/AppleSauce.framework/Versions/A/AppleSauce
0x00007fff4d941000 	/System/Library/PrivateFrameworks/LinguisticData.framework/Versions/A/LinguisticData
0x00007fff5988d000 	/usr/lib/libmarisa.dylib
0x00007fff4d8fb000 	/System/Library/PrivateFrameworks/Lexicon.framework/Versions/A/Lexicon
0x00007fff5849b000 	/usr/lib/libChineseTokenizer.dylib
0x00007fff58b51000 	/usr/lib/libcmph.dylib
0x00007fff4d805000 	/System/Library/PrivateFrameworks/LanguageModeling.framework/Versions/A/LanguageModeling
0x00007fff45c2b000 	/System/Library/PrivateFrameworks/CoreEmoji.framework/Versions/A/CoreEmoji
0x00007fff3f100000 	/System/Library/Frameworks/ServiceManagement.framework/Versions/A/ServiceManagement
0x00007fff437f6000 	/System/Library/PrivateFrameworks/BackgroundTaskManagement.framework/Versions/A/BackgroundTaskManagement
0x00007fff5a863000 	/usr/lib/libxslt.1.dylib
0x00007fff32786000 	/System/Library/Frameworks/Carbon.framework/Versions/A/Frameworks/Ink.framework/Versions/A/Ink
0x00007fff567ce000 	/System/Library/PrivateFrameworks/TextureIO.framework/Versions/A/TextureIO
0x00007fff58977000 	/usr/lib/libate.dylib
0x00007fff4729f000 	/System/Library/PrivateFrameworks/CrashReporterSupport.framework/Versions/A/CrashReporterSupport
0x00007fff53c21000 	/System/Library/PrivateFrameworks/Sharing.framework/Versions/A/Sharing
0x00007fff4d54b000 	/System/Library/PrivateFrameworks/IconServices.framework/Versions/A/IconServices
0x00007fff520e2000 	/System/Library/PrivateFrameworks/ProtocolBuffer.framework/Versions/A/ProtocolBuffer
0x00007fff42dea000 	/System/Library/PrivateFrameworks/Apple80211.framework/Versions/A/Apple80211
0x00007fff34d74000 	/System/Library/Frameworks/CoreWLAN.framework/Versions/A/CoreWLAN
0x00007fff470da000 	/System/Library/PrivateFrameworks/CoreUtils.framework/Versions/A/CoreUtils
0x00007fff357b6000 	/System/Library/Frameworks/IOBluetooth.framework/Versions/A/IOBluetooth
0x00007fff4723a000 	/System/Library/PrivateFrameworks/CoreWiFi.framework/Versions/A/CoreWiFi
0x00007fff32cbd000 	/System/Library/Frameworks/CoreBluetooth.framework/Versions/A/CoreBluetooth
0x00007fff53d5c000 	/System/Library/PrivateFrameworks/SignpostNotification.framework/Versions/A/SignpostNotification
0x00007fff4748b000 	/System/Library/PrivateFrameworks/DebugSymbols.framework/Versions/A/DebugSymbols
0x00007fff46e91000 	/System/Library/PrivateFrameworks/CoreSymbolication.framework/Versions/A/CoreSymbolication
0x00007fff56044000 	/System/Library/PrivateFrameworks/Symbolication.framework/Versions/A/Symbolication
0x00007fff42e14000 	/System/Library/PrivateFrameworks/AppleFSCompression.framework/Versions/A/AppleFSCompression
0x00007fff554a5000 	/System/Library/PrivateFrameworks/SpeechRecognitionCore.framework/Versions/A/SpeechRecognitionCore
0x0000000106c00000 	/Library/Java/JavaVirtualMachines/jdk-9.0.4.jdk/Contents/Home/lib/server/libjvm.dylib
0x00007fff5a65d000 	/usr/lib/libstdc++.6.0.9.dylib
0x00000001062c4000 	/Library/Java/JavaVirtualMachines/jdk-9.0.4.jdk/Contents/Home/lib/libverify.dylib
0x00000001062d1000 	/Library/Java/JavaVirtualMachines/jdk-9.0.4.jdk/Contents/Home/lib/libjava.dylib
0x000000010634f000 	/Library/Java/JavaVirtualMachines/jdk-9.0.4.jdk/Contents/Home/lib/libzip.dylib
0x0000000106357000 	/Library/Java/JavaVirtualMachines/jdk-9.0.4.jdk/Contents/Home/lib/libjimage.dylib
0x00000001063bd000 	/Library/Java/JavaVirtualMachines/jdk-9.0.4.jdk/Contents/Home/lib/libnio.dylib
0x00000001063cd000 	/Library/Java/JavaVirtualMachines/jdk-9.0.4.jdk/Contents/Home/lib/./libnet.dylib
0x000000010cd7d000 	/Library/Java/JavaVirtualMachines/jdk-9.0.4.jdk/Contents/Home/lib/libawt.dylib
0x000000010ce22000 	/Library/Java/JavaVirtualMachines/jdk-9.0.4.jdk/Contents/Home/lib/./libmlib_image.dylib
0x00007fff36d67000 	/System/Library/Frameworks/JavaVM.framework/Versions/A/Frameworks/JavaNativeFoundation.framework/Versions/A/JavaNativeFoundation
0x00007fff36d70000 	/System/Library/Frameworks/JavaVM.framework/Versions/A/Frameworks/JavaRuntimeSupport.framework/Versions/A/JavaRuntimeSupport
0x00007fff36d79000 	/System/Library/Frameworks/JavaVM.framework/Versions/A/JavaVM
0x00007fff4d708000 	/System/Library/PrivateFrameworks/JavaLaunching.framework/Versions/A/JavaLaunching
0x00007fff32471000 	/System/Library/Frameworks/Carbon.framework/Versions/A/Carbon
0x00007fff32472000 	/System/Library/Frameworks/Carbon.framework/Versions/A/Frameworks/CommonPanels.framework/Versions/A/CommonPanels
0x00007fff3277c000 	/System/Library/Frameworks/Carbon.framework/Versions/A/Frameworks/Help.framework/Versions/A/Help
0x00007fff32780000 	/System/Library/Frameworks/Carbon.framework/Versions/A/Frameworks/ImageCapture.framework/Versions/A/ImageCapture
0x00007fff3281c000 	/System/Library/Frameworks/Carbon.framework/Versions/A/Frameworks/OpenScripting.framework/Versions/A/OpenScripting
0x00007fff32857000 	/System/Library/Frameworks/Carbon.framework/Versions/A/Frameworks/Print.framework/Versions/A/Print
0x00007fff32859000 	/System/Library/Frameworks/Carbon.framework/Versions/A/Frameworks/SecurityHI.framework/Versions/A/SecurityHI
0x000000010ce90000 	/Library/Java/JavaVirtualMachines/jdk-9.0.4.jdk/Contents/Home/lib/libawt_lwawt.dylib
0x00000001063e4000 	/Library/Java/JavaVirtualMachines/jdk-9.0.4.jdk/Contents/Home/lib/./libosxapp.dylib
0x00007fff35218000 	/System/Library/Frameworks/ExceptionHandling.framework/Versions/A/ExceptionHandling
0x000000012e9de000 	/Library/Java/JavaVirtualMachines/jdk-9.0.4.jdk/Contents/Home/lib/libfontmanager.dylib
0x00007fff46b11000 	/System/Library/PrivateFrameworks/CoreServicesInternal.framework/Versions/A/CoreServicesInternal
0x00007fff2b831000 	/System/Library/CoreServices/RawCamera.bundle/Contents/MacOS/RawCamera
0x00007fff4e61b000 	/System/Library/PrivateFrameworks/MobileAsset.framework/Versions/A/MobileAsset
0x00007fff5594b000 	/System/Library/PrivateFrameworks/StreamingZip.framework/Versions/A/StreamingZip
0x00007fff370f9000 	/System/Library/Frameworks/MediaToolbox.framework/Versions/A/MediaToolbox
0x00007fff45890000 	/System/Library/PrivateFrameworks/CoreAVCHD.framework/Versions/A/CoreAVCHD
0x00007fff3704f000 	/System/Library/Frameworks/MediaAccessibility.framework/Versions/A/MediaAccessibility
0x00007fff4e16c000 	/System/Library/PrivateFrameworks/Mangrove.framework/Versions/A/Mangrove
0x00007fff34138000 	/System/Library/Frameworks/CoreMedia.framework/Versions/A/CoreMedia
0x00007fff3f6cd000 	/System/Library/Frameworks/VideoToolbox.framework/Versions/A/VideoToolbox
0x00007fff454af000 	/System/Library/PrivateFrameworks/CoreAUC.framework/Versions/A/CoreAUC
0x00007fff5a3c6000 	/usr/lib/libspindump.dylib
0x00007fff593e7000 	/usr/lib/libdscsym.dylib
0x00007fff430d7000 	/System/Library/PrivateFrameworks/AppleVA.framework/Versions/A/AppleVA
0x00007fff2f6f1000 	/System/Library/Frameworks/Accelerate.framework/Versions/A/Frameworks/vImage.framework/Versions/A/Libraries/libCGInterfaces.dylib
0x00007fff318f0000 	/System/Library/Frameworks/ApplicationServices.framework/Versions/A/Frameworks/ATS.framework/Versions/A/Resources/libTrueTypeScaler.dylib
0x00007fff3d464000 	/System/Library/Frameworks/OpenGL.framework/Versions/A/Resources/GLEngine.bundle/GLEngine
0x00007fff3c932000 	/System/Library/Frameworks/OpenGL.framework/Versions/A/Libraries/libGLProgrammability.dylib
0x0000000132fb9000 	/System/Library/Extensions/AppleIntelKBLGraphicsGLDriver.bundle/Contents/MacOS/AppleIntelKBLGraphicsGLDriver
0x00007fff4ba66000 	/System/Library/PrivateFrameworks/GPUSupport.framework/Versions/A/Libraries/libGPUSupportMercury.dylib
0x00007fff3d5fc000 	/System/Library/Frameworks/OpenGL.framework/Versions/A/Resources/GLRendererFloat.bundle/GLRendererFloat
0x00007fff3b6d6000 	/System/Library/Frameworks/OpenCL.framework/Versions/A/Libraries/libcldcpuengine.dylib
0x00007fff58fd8000 	/usr/lib/libcrypto.35.dylib
0x00007fff5692f000 	/System/Library/PrivateFrameworks/TrustEvaluationAgent.framework/Versions/A/TrustEvaluationAgent
0x00007fff2d148000 	/System/Library/Extensions/AppleIntelKBLGraphicsMTLDriver.bundle/Contents/MacOS/AppleIntelKBLGraphicsMTLDriver
0x00007fff4a406000 	/System/Library/PrivateFrameworks/GPUCompiler.framework/Versions/3802/Libraries/libmetal_timestamp.dylib
0x00007fff577ae000 	/System/Library/PrivateFrameworks/ViewBridge.framework/Versions/A/ViewBridge
0x0000000131bce000 	/Library/Java/JavaVirtualMachines/jdk-9.0.4.jdk/Contents/Home/lib/libosxui.dylib
0x000000010d0ea000 	/private/var/folders/48/59tzx_gj43zgh4vpk858lqm00000gn/T/jogamp_0000/file_cache/jln3810219901390544301/jln595334811329841320/libgluegen-rt.jnilib
0x000000010d0ee000 	/private/var/folders/48/59tzx_gj43zgh4vpk858lqm00000gn/T/jogamp_0000/file_cache/jln3810219901390544301/jln595334811329841320/libnativewindow_awt.jnilib
0x00000001304d2000 	/Library/Java/JavaVirtualMachines/jdk-9.0.4.jdk/Contents/Home/lib/libjawt.dylib
0x0000000130699000 	/private/var/folders/48/59tzx_gj43zgh4vpk858lqm00000gn/T/jogamp_0000/file_cache/jln3810219901390544301/jln595334811329841320/libnativewindow_macosx.jnilib
0x0000000162331000 	/private/var/folders/48/59tzx_gj43zgh4vpk858lqm00000gn/T/jogamp_0000/file_cache/jln3810219901390544301/jln595334811329841320/libjogl_desktop.jnilib

VM Arguments:
jvm_args: -Djava.library.path=/Users/kenestamcdonald/processing-sound/library/macosx -Djava.security.policy=java.policy.applet -Dfile.encoding=UTF-8 
java_command: sun.applet.AppletViewer data.Test1524003121589.html
java_class_path (initial): /Users/kenestamcdonald/eclipse-workspace/ThinkGear/build/classes:/Users/kenestamcdonald/ThinkGear-Java-socket/examples/ThinkGearDemo 2/lib/base/core/core.jar:/Users/kenestamcdonald/ThinkGear-Java-socket/examples/ThinkGearDemo 2/lib/base/core/gluegen-rt-natives-linux-amd64.jar:/Users/kenestamcdonald/ThinkGear-Java-socket/examples/ThinkGearDemo 2/lib/base/core/gluegen-rt-natives-linux-armv6hf.jar:/Users/kenestamcdonald/ThinkGear-Java-socket/examples/ThinkGearDemo 2/lib/base/core/gluegen-rt-natives-linux-i586.jar:/Users/kenestamcdonald/ThinkGear-Java-socket/examples/ThinkGearDemo 2/lib/base/core/gluegen-rt-natives-macosx-universal.jar:/Users/kenestamcdonald/ThinkGear-Java-socket/examples/ThinkGearDemo 2/lib/base/core/gluegen-rt-natives-windows-amd64.jar:/Users/kenestamcdonald/ThinkGear-Java-socket/examples/ThinkGearDemo 2/lib/base/core/gluegen-rt-natives-windows-i586.jar:/Users/kenestamcdonald/ThinkGear-Java-socket/examples/ThinkGearDemo 2/lib/base/core/gluegen-rt.jar:/Users/kenestamcdonald/ThinkGear-Java-socket/examples/ThinkGearDemo 2/lib/base/core/jogl-all-natives-linux-amd64.jar:/Users/kenestamcdonald/ThinkGear-Java-socket/examples/ThinkGearDemo 2/lib/base/core/jogl-all-natives-linux-armv6hf.jar:/Users/kenestamcdonald/ThinkGear-Java-socket/examples/ThinkGearDemo 2/lib/base/core/jogl-all-natives-linux-i586.jar:/Users/kenestamcdonald/ThinkGear-Java-socket/examples/ThinkGearDemo 2/lib/base/core/jogl-all-natives-macosx-universal.jar:/Users/kenestamcdonald/ThinkGear-Java-socket/examples/ThinkGearDemo 2/lib/base/core/jogl-all-natives-windows-amd64.jar:/Users/kenestamcdonald/ThinkGear-Java-socket/examples/ThinkGearDemo 2/lib/base/core/jogl-all-natives-windows-i586.jar:/Users/kenestamcdonald/ThinkGear-Java-socket/examples/ThinkGearDemo 2/lib/base/core/jogl-all.jar:/Users/kenestamcdonald/ThinkGear-Java-socket/examples/ThinkGearDemo 2/lib/user/ThinkGear/ThinkGear.jar:/Users/kenestamcdonald/eclipse/jee-oxygen/db-derby-10.14.1.0-bin/lib/derbyLocale
Launcher Type: SUN_STANDARD

Logging:
Log output configuration:
#0: stdout all=warning uptime,level,tags
#1: stderr all=off uptime,level,tags

Environment Variables:
PATH=/usr/bin:/bin:/usr/sbin:/sbin
SHELL=/bin/bash

Signal Handlers:
SIGSEGV: [libjvm.dylib+0x73f3dc], sa_mask[0]=11111111011111110111111111111111, sa_flags=SA_ONSTACK|SA_RESTART|SA_SIGINFO
SIGBUS: [libjvm.dylib+0x73f3dc], sa_mask[0]=11111111011111110111111111111111, sa_flags=SA_RESTART|SA_SIGINFO
SIGFPE: [libjvm.dylib+0x73f3dc], sa_mask[0]=11111111011111110111111111111111, sa_flags=SA_RESTART|SA_SIGINFO
SIGPIPE: [libjvm.dylib+0x5f233c], sa_mask[0]=11111111011111110111111111111111, sa_flags=SA_RESTART|SA_SIGINFO
SIGXFSZ: [libjvm.dylib+0x5f233c], sa_mask[0]=11111111011111110111111111111111, sa_flags=SA_RESTART|SA_SIGINFO
SIGILL: [libjvm.dylib+0x73f3dc], sa_mask[0]=11111111011111110111111111111111, sa_flags=SA_RESTART|SA_SIGINFO
SIGUSR2: [libjvm.dylib+0x5f2bcc], sa_mask[0]=00100000000000000000000000000000, sa_flags=SA_RESTART|SA_SIGINFO
SIGHUP: [libjvm.dylib+0x5f1409], sa_mask[0]=11111111011111110111111111111111, sa_flags=SA_RESTART|SA_SIGINFO
SIGINT: [libjvm.dylib+0x5f1409], sa_mask[0]=11111111011111110111111111111111, sa_flags=SA_RESTART|SA_SIGINFO
SIGTERM: [libjvm.dylib+0x5f1409], sa_mask[0]=11111111011111110111111111111111, sa_flags=SA_RESTART|SA_SIGINFO
SIGQUIT: [libjvm.dylib+0x5f1409], sa_mask[0]=11111111011111110111111111111111, sa_flags=SA_RESTART|SA_SIGINFO


---------------  S Y S T E M  ---------------

OS:uname:Darwin 17.4.0 Darwin Kernel Version 17.4.0: Sun Dec 17 09:19:54 PST 2017; root:xnu-4570.41.2~1/RELEASE_X86_64 x86_64
rlimit: STACK 8192k, CORE 0k, NPROC 1418, NOFILE 10240, AS infinity
load average:1.91 2.18 2.84

CPU:total 4 (initial active 4) (2 cores per cpu, 2 threads per core) family 6 model 142 stepping 9, cmov, cx8, fxsr, mmx, sse, sse2, sse3, ssse3, sse4.1, sse4.2, popcnt, avx, avx2, aes, clmul, erms, 3dnowpref, lzcnt, ht, tsc, tscinvbit, bmi1, bmi2, adx, fma

Memory: 4k page, physical 16777216k(1598812k free)

vm_info: Java HotSpot(TM) 64-Bit Server VM (9.0.4+11) for bsd-amd64 JRE (9.0.4+11), built on Dec 20 2017 02:08:50 by "mach5one" with gcc 4.2.1 Compatible Apple LLVM 6.1.0 (clang-602.0.49)

END.
