#
# A fatal error has been detected by the Java Runtime Environment:
#
#  SIGSEGV (0xb) at pc=0x00007fff59ea7e9d, pid=53933, tid=775
#
# JRE version: Java(TM) SE Runtime Environment (9.0+11) (build 9.0.4+11)
# Java VM: Java HotSpot(TM) 64-Bit Server VM (9.0.4+11, mixed mode, tiered, compressed oops, g1 gc, bsd-amd64)
# Problematic frame:
# C  [libobjc.A.dylib+0x6e9d]  objc_msgSend+0x1d
#
# No core dump will be written. Core dumps have been disabled. To enable core dumping, try "ulimit -c unlimited" before starting Java again
#
# If you would like to submit a bug report, please visit:
#   http://bugreport.java.com/bugreport/crash.jsp
# The crash happened outside the Java Virtual Machine in native code.
# See problematic frame for where to report the bug.
#

---------------  S U M M A R Y ------------

Command Line: -Djava.library.path=/Users/kenestamcdonald/processing-sound/library/macosx -Djava.security.policy=java.policy.applet -Dfile.encoding=UTF-8 sun.applet.AppletViewer data.Test1524005329190.html

Host: MacBookPro14,2 x86_64 3500 MHz, 4 cores, 16G, Darwin 17.4.0
Time: Tue Apr 17 23:48:58 2018 BST elapsed time: 9 seconds (0d 0h 0m 9s)

---------------  T H R E A D  ---------------

Current thread (0x00007ff797207000):  JavaThread "AppKit Thread" daemon [_thread_in_native, id=775, stack(0x00007ffee7658000,0x00007ffee7e58000)]

Stack: [0x00007ffee7658000,0x00007ffee7e58000],  sp=0x00007ffee7e52bd8,  free space=8170k
Native frames: (J=compiled Java code, A=aot compiled Java code, j=interpreted, Vv=VM code, C=native code)
C  [libobjc.A.dylib+0x6e9d]  objc_msgSend+0x1d
j  jogamp.nativewindow.jawt.macosx.MacOSXJAWTWindow.UnsetJAWTRootSurfaceLayer0(JJ)V+0
j  jogamp.nativewindow.jawt.macosx.MacOSXJAWTWindow.access$200(JJ)V+2
j  jogamp.nativewindow.jawt.macosx.MacOSXJAWTWindow$1.run()V+38
J 2279 c1 com.jogamp.common.util.RunnableTask.run()V (325 bytes) @ 0x000000011ac20054 [0x000000011ac1fec0+0x0000000000000194]
v  ~StubRoutines::call_stub
V  [libjvm.dylib+0x3a33ed]
V  [libjvm.dylib+0x3d5d75]
V  [libjvm.dylib+0x3d92fe]
C  [libnativewindow_macosx.jnilib+0x49fd]  Java_jogamp_nativewindow_jawt_macosx_MacOSXJAWTWindow_UnsetJAWTRootSurfaceLayer0+0x38d
C  [Foundation+0x681c5]  __NSThreadPerformPerform+0x14e
C  [CoreFoundation+0xa3721]  __CFRUNLOOP_IS_CALLING_OUT_TO_A_SOURCE0_PERFORM_FUNCTION__+0x11
C  [CoreFoundation+0x15d0ac]  __CFRunLoopDoSource0+0x6c
C  [CoreFoundation+0x862bc]  __CFRunLoopDoSources0+0x12c
C  [CoreFoundation+0x856dd]  __CFRunLoopRun+0x50d
C  [CoreFoundation+0x84f43]  CFRunLoopRunSpecific+0x1e3
C  [HIToolbox+0x2fe26]  RunCurrentEventLoopInMode+0x11e
C  [HIToolbox+0x2fa9f]  ReceiveNextEventCommon+0x16e
C  [HIToolbox+0x2f914]  _BlockUntilNextEventMatchingListInModeWithFilter+0x40
C  [AppKit+0x41f5f]  _DPSNextEvent+0x825
C  [AppKit+0x7d7b4c]  -[NSApplication(NSEvent) _nextEventMatchingEventMask:untilDate:inMode:dequeue:]+0xbe4
C  [libosxapp.dylib+0x1f3d]  -[NSApplicationAWT nextEventMatchingMask:untilDate:inMode:dequeue:]+0x7a
C  [AppKit+0x36d6d]  -[NSApplication run]+0x2fc
C  [libosxapp.dylib+0x1d3a]  +[NSApplicationAWT runAWTLoopWithApp:]+0x9d
C  [libawt_lwawt.dylib+0x3a544]  +[AWTStarter starter:headless:]+0x342
C  [JavaNativeFoundation+0x6f4a]  +[JNFRunLoop _performCopiedBlock:]+0x11
C  [Foundation+0x681c5]  __NSThreadPerformPerform+0x14e
C  [CoreFoundation+0xa3721]  __CFRUNLOOP_IS_CALLING_OUT_TO_A_SOURCE0_PERFORM_FUNCTION__+0x11
C  [CoreFoundation+0x15d0ac]  __CFRunLoopDoSource0+0x6c
C  [CoreFoundation+0x86260]  __CFRunLoopDoSources0+0xd0
C  [CoreFoundation+0x856dd]  __CFRunLoopRun+0x50d
C  [CoreFoundation+0x84f43]  CFRunLoopRunSpecific+0x1e3
C  [java+0x6b2e]  CreateExecutionEnvironment+0x35c
C  [java+0x2c65]  JLI_Launch+0x5a9
C  [java+0x1b62]  main+0x186
C  [java+0x19d4]  start+0x34
C  0x0000000000000008

Java frames: (J=compiled Java code, j=interpreted, Vv=VM code)
j  jogamp.nativewindow.jawt.macosx.MacOSXJAWTWindow.UnsetJAWTRootSurfaceLayer0(JJ)V+0
j  jogamp.nativewindow.jawt.macosx.MacOSXJAWTWindow.access$200(JJ)V+2
j  jogamp.nativewindow.jawt.macosx.MacOSXJAWTWindow$1.run()V+38
J 2279 c1 com.jogamp.common.util.RunnableTask.run()V (325 bytes) @ 0x000000011ac20054 [0x000000011ac1fec0+0x0000000000000194]
v  ~StubRoutines::call_stub

siginfo: si_signo: 11 (SIGSEGV), si_code: 1 (SEGV_MAPERR), si_addr: 0x0000000000000018

Register to memory mapping:

RAX=0x00007fff59ea8004: objc_msgSend_fixedup+0 in /usr/lib/libobjc.A.dylib at 0x00007fff59ea1000
RBX={method} {0x0000000168c7c1f8} 'UnsetJAWTRootSurfaceLayer0' '(JJ)V' in 'jogamp/nativewindow/jawt/macosx/MacOSXJAWTWindow'
RCX=0x00007ff79a001c70 is an unknown value
RDX=0x00000001638c8560: OBJC_IVAR_$_MainRunnable.runnableObj+0x450 in /private/var/folders/48/59tzx_gj43zgh4vpk858lqm00000gn/T/jogamp_0000/file_cache/jln13445620620015337034/jln8779133000266211864/libnativewindow_macosx.jnilib at 0x00000001638bd000
RSP=0x00007ffee7e52bd8 is pointing into the stack for thread: 0x00007ff797207000
RBP=0x00007ffee7e52c90 is pointing into the stack for thread: 0x00007ff797207000
RSI=0x00007fff314084e5: .str.41.llvm.371263A9+0x4376f in /System/Library/Frameworks/AppKit.framework/Versions/C/AppKit at 0x00007fff3072f000
RDI=0x00007ff79a001c70 is an unknown value
R8 =0x0000000000000000 is an unknown value
R9 =0x00000000000006b0 is an unknown value
R10=0x0000000000000000 is an unknown value
R11=0x00007fff314084e5: .str.41.llvm.371263A9+0x4376f in /System/Library/Frameworks/AppKit.framework/Versions/C/AppKit at 0x00007fff3072f000
R12=0x0000000000000000 is an unknown value
R13={method} {0x0000000168c7c1f8} 'UnsetJAWTRootSurfaceLayer0' '(JJ)V' in 'jogamp/nativewindow/jawt/macosx/MacOSXJAWTWindow'
R14=0x00007ffee7e52d40 is pointing into the stack for thread: 0x00007ff797207000
R15=0x00007ff797207000 is a thread


Registers:
RAX=0x00007fff59ea8004, RBX=0x0000000168c7c1f8, RCX=0x00007ff79a001c70, RDX=0x00000001638c8560
RSP=0x00007ffee7e52bd8, RBP=0x00007ffee7e52c90, RSI=0x00007fff314084e5, RDI=0x00007ff79a001c70
R8 =0x0000000000000000, R9 =0x00000000000006b0, R10=0x0000000000000000, R11=0x00007fff314084e5
R12=0x0000000000000000, R13=0x0000000168c7c1f8, R14=0x00007ffee7e52d40, R15=0x00007ff797207000
RIP=0x00007fff59ea7e9d, EFLAGS=0x0000000000010246, ERR=0x0000000000000004
  TRAPNO=0x000000000000000e

Top of Stack: (sp=0x00007ffee7e52bd8)
0x00007ffee7e52bd8:   00000001638c1770 0000000000000000
0x00007ffee7e52be8:   00007fff93ad6060 0000000040000000
0x00007ffee7e52bf8:   00007fff331809f0 00000001638c8500
0x00007ffee7e52c08:   00007ff79a37fbe0 00007ff79a001c70
0x00007ffee7e52c18:   00007ff795fa5260 00007fff8d978668
0x00007ffee7e52c28:   00007ff795fa5260 00007fff8eb09540
0x00007ffee7e52c38:   00007fff8eb09540 00007ff79a001c70
0x00007ffee7e52c48:   00007fff314088c0 0000000000000002
0x00007ffee7e52c58:   0000000000000002 00007ff79a4697c0
0x00007ffee7e52c68:   0000000000000002 00007ff79a37fbe0
0x00007ffee7e52c78:   00007ff79a001c70 00007ffee7e52d18
0x00007ffee7e52c88:   00007ff797207218 00007ffee7e52d08
0x00007ffee7e52c98:   000000011a1e6db5 0000000000000004
0x00007ffee7e52ca8:   00007fff331ac6e0 0000000000000000
0x00007ffee7e52cb8:   00007ff79a300000 00007ffee7e52cc0
0x00007ffee7e52cc8:   0000000000000000 00007ffee7e52d40
0x00007ffee7e52cd8:   0000000168c7df98 0000000000000000
0x00007ffee7e52ce8:   00000006c66082d8 0000000168c7c1f8
0x00007ffee7e52cf8:   0000000000000000 00007ffee7e52d28
0x00007ffee7e52d08:   00007ffee7e52d90 000000011a1d9443
0x00007ffee7e52d18:   00000006c66082d8 000000011a1e3cf8
0x00007ffee7e52d28:   00007ff79a37fbe0 0000000000000000
0x00007ffee7e52d38:   00007ff79a001c70 0000000000000000
0x00007ffee7e52d48:   00007ffee7e52d48 0000000168c7c3c2
0x00007ffee7e52d58:   00007ffee7e52db8 0000000168c7df98
0x00007ffee7e52d68:   0000000000000000 00000006c66082d8
0x00007ffee7e52d78:   0000000168c7c3d0 00007ffee7e52d28
0x00007ffee7e52d88:   00007ffee7e52da0 00007ffee7e52e08
0x00007ffee7e52d98:   000000011a1d9443 00007ff79a37fbe0
0x00007ffee7e52da8:   0000000000000000 00007ff79a001c70
0x00007ffee7e52db8:   0000000000000000 00007ffee7e52dc0
0x00007ffee7e52dc8:   0000000168d0d836 00007ffee7e52e18 

Instructions: (pc=0x00007fff59ea7e9d)
0x00007fff59ea7e7d:   0f 1f 00 48 85 ff 2e 74 62 40 f6 c7 01 2e 75 66
0x00007fff59ea7e8d:   49 ba f8 ff ff ff ff 7f 00 00 4c 23 17 49 89 f3
0x00007fff59ea7e9d:   45 23 5a 18 49 c1 e3 04 4d 03 5a 10 49 3b 33 75
0x00007fff59ea7ead:   04 41 ff 63 08 49 83 3b 01 76 0d 49 83 c3 10 49 


---------------  P R O C E S S  ---------------

Java Threads: ( => current thread )
  0x00007ff797af1000 JavaThread "AppletCloser" [_thread_blocked, id=33159, stack(0x0000700011d0d000,0x0000700011e0d000)]
  0x00007ff7963da000 JavaThread "process reaper" daemon [_thread_blocked, id=70163, stack(0x0000700011c63000,0x0000700011c87000)]
  0x00007ff797762000 JavaThread "AWT-EventQueue-1" [_thread_blocked, id=68391, stack(0x0000700011b60000,0x0000700011c60000)]
  0x00007ff796670000 JavaThread "DestroyJavaVM" [_thread_blocked, id=9731, stack(0x000070000fbfd000,0x000070000fcfd000)]
  0x00007ff797a5a000 JavaThread "AWT-EventQueue-0" [_thread_blocked, id=1547, stack(0x000070001195a000,0x0000700011a5a000)]
  0x00007ff79633f800 JavaThread "Java2D Disposer" daemon [_thread_blocked, id=75799, stack(0x0000700011754000,0x0000700011854000)]
  0x00007ff7979ba800 JavaThread "Java2D Queue Flusher" daemon [_thread_in_native, id=80139, stack(0x0000700011651000,0x0000700011751000)]
  0x00007ff797917800 JavaThread "AWT-Shutdown" [_thread_blocked, id=28715, stack(0x0000700011342000,0x0000700011442000)]
=>0x00007ff797207000 JavaThread "AppKit Thread" daemon [_thread_in_native, id=775, stack(0x00007ffee7658000,0x00007ffee7e58000)]
  0x00007ff797846000 JavaThread "Service Thread" daemon [_thread_blocked, id=22275, stack(0x000070001113c000,0x000070001123c000)]
  0x00007ff796069000 JavaThread "Common-Cleaner" daemon [_thread_blocked, id=41475, stack(0x0000700011039000,0x0000700011139000)]
  0x00007ff796047800 JavaThread "Sweeper thread" daemon [_thread_blocked, id=41987, stack(0x0000700010f36000,0x0000700011036000)]
  0x00007ff796041800 JavaThread "C1 CompilerThread2" daemon [_thread_blocked, id=42499, stack(0x0000700010e33000,0x0000700010f33000)]
  0x00007ff796033800 JavaThread "C2 CompilerThread1" daemon [_thread_blocked, id=43011, stack(0x0000700010d30000,0x0000700010e30000)]
  0x00007ff796816800 JavaThread "C2 CompilerThread0" daemon [_thread_blocked, id=43267, stack(0x0000700010c2d000,0x0000700010d2d000)]
  0x00007ff796816000 JavaThread "Signal Dispatcher" daemon [_thread_blocked, id=17419, stack(0x0000700010b2a000,0x0000700010c2a000)]
  0x00007ff797010000 JavaThread "Finalizer" daemon [_thread_blocked, id=15875, stack(0x0000700010a27000,0x0000700010b27000)]
  0x00007ff796045000 JavaThread "Reference Handler" daemon [_thread_blocked, id=15363, stack(0x0000700010924000,0x0000700010a24000)]

Other Threads:
  0x00007ff797007800 VMThread "VM Thread" [stack: 0x0000700010821000,0x0000700010921000] [id=15107]
  0x00007ff796800800 WatcherThread [stack: 0x000070001123f000,0x000070001133f000] [id=40707]
  0x00007ff796807800 GCTaskThread "GC Thread#0" [stack: 0x000070000fd00000,0x000070000fe00000] [id=11011]
  0x00007ff796808800 GCTaskThread "GC Thread#1" [stack: 0x000070000fe03000,0x000070000ff03000] [id=11267]
  0x00007ff797012000 GCTaskThread "GC Thread#2" [stack: 0x000070000ff06000,0x0000700010006000] [id=11779]
  0x00007ff796809000 GCTaskThread "GC Thread#3" [stack: 0x0000700010009000,0x0000700010109000] [id=12291]
  0x00007ff797039800 ConcurrentGCThread "G1 Main Marker" [stack: 0x000070001061b000,0x000070001071b000] [id=14595]
  0x00007ff79781e000 ConcurrentGCThread "G1 Marker#0" [stack: 0x000070001071e000,0x000070001081e000] [id=19971]
  0x00007ff79680a800 ConcurrentGCThread "G1 Refine#0" [stack: 0x0000700010415000,0x0000700010515000] [id=13827]
  0x00007ff797013800 ConcurrentGCThread "G1 Refine#1" [stack: 0x0000700010312000,0x0000700010412000] [id=13315]
  0x00007ff797012800 ConcurrentGCThread "G1 Refine#2" [stack: 0x000070001020f000,0x000070001030f000] [id=21251]
  0x00007ff796809800 ConcurrentGCThread "G1 Refine#3" [stack: 0x000070001010c000,0x000070001020c000] [id=12803]
  0x00007ff79680b000 ConcurrentGCThread "G1 Young RemSet Sampling" [stack: 0x0000700010518000,0x0000700010618000] [id=14083]

Threads with active compile tasks:

VM state:not at safepoint (normal execution)

VM Mutex/Monitor currently owned by a thread: None

Heap address: 0x00000006c0000000, size: 4096 MB, Compressed Oops mode: Zero based, Oop shift amount: 3
Narrow klass base: 0x0000000000000000, Narrow klass shift: 3
Compressed class space size: 1073741824 Address: 0x00000007c0000000

Heap:
 garbage-first heap   total 262144K, used 156781K [0x00000006c0000000, 0x00000006c0100800, 0x00000007c0000000)
  region size 1024K, 140 young (143360K), 4 survivors (4096K)
 Metaspace       used 22311K, capacity 23357K, committed 23628K, reserved 1071104K
  class space    used 2110K, capacity 2324K, committed 2380K, reserved 1048576K
Heap Regions: E=young(eden), S=young(survivor), O=old, HS=humongous(starts), HC=humongous(continues), CS=collection set, F=free, A=archive, TS=gc time stamp, AC=allocation context, TAMS=top-at-mark-start (previous, next)
|   0|0x00000006c0000000, 0x00000006c0100000, 0x00000006c0100000|100%| O|  |TS  0|AC  0|TAMS 0x00000006c0100000, 0x00000006c0100000|
|   1|0x00000006c0100000, 0x00000006c0200000, 0x00000006c0200000|100%| O|  |TS  0|AC  0|TAMS 0x00000006c0200000, 0x00000006c0200000|
|   2|0x00000006c0200000, 0x00000006c0300000, 0x00000006c0300000|100%| O|  |TS  0|AC  0|TAMS 0x00000006c0300000, 0x00000006c0300000|
|   3|0x00000006c0300000, 0x00000006c039b400, 0x00000006c0400000| 60%| O|  |TS  3|AC  0|TAMS 0x00000006c039b400, 0x00000006c039b400|
|   4|0x00000006c0400000, 0x00000006c0500000, 0x00000006c0500000|100%|HS|  |TS  0|AC  0|TAMS 0x00000006c0400000, 0x00000006c0400000|
|   5|0x00000006c0500000, 0x00000006c0600000, 0x00000006c0600000|100%|HC|  |TS  0|AC  0|TAMS 0x00000006c0500000, 0x00000006c0500000|
|   6|0x00000006c0600000, 0x00000006c0700000, 0x00000006c0700000|100%|HC|  |TS  0|AC  0|TAMS 0x00000006c0600000, 0x00000006c0600000|
|   7|0x00000006c0700000, 0x00000006c0800000, 0x00000006c0800000|100%|HS|  |TS  0|AC  0|TAMS 0x00000006c0700000, 0x00000006c0700000|
|   8|0x00000006c0800000, 0x00000006c0900000, 0x00000006c0900000|100%|HC|  |TS  0|AC  0|TAMS 0x00000006c0800000, 0x00000006c0800000|
|   9|0x00000006c0900000, 0x00000006c0a00000, 0x00000006c0a00000|100%|HC|  |TS  0|AC  0|TAMS 0x00000006c0900000, 0x00000006c0900000|
|  10|0x00000006c0a00000, 0x00000006c0a00000, 0x00000006c0b00000|  0%| F|  |TS  1|AC  0|TAMS 0x00000006c0a00000, 0x00000006c0a00000|
|  11|0x00000006c0b00000, 0x00000006c0c00000, 0x00000006c0c00000|100%|HS|  |TS  0|AC  0|TAMS 0x00000006c0b00000, 0x00000006c0b00000|
|  12|0x00000006c0c00000, 0x00000006c0d00000, 0x00000006c0d00000|100%|HS|  |TS  0|AC  0|TAMS 0x00000006c0c00000, 0x00000006c0c00000|
|  13|0x00000006c0d00000, 0x00000006c0e00000, 0x00000006c0e00000|100%|HC|  |TS  0|AC  0|TAMS 0x00000006c0d00000, 0x00000006c0d00000|
|  14|0x00000006c0e00000, 0x00000006c0f00000, 0x00000006c0f00000|100%|HS|  |TS  0|AC  0|TAMS 0x00000006c0e00000, 0x00000006c0e00000|
|  15|0x00000006c0f00000, 0x00000006c1000000, 0x00000006c1000000|100%|HS|  |TS  0|AC  0|TAMS 0x00000006c0f00000, 0x00000006c0f00000|
|  16|0x00000006c1000000, 0x00000006c1000000, 0x00000006c1100000|  0%| F|  |TS  0|AC  0|TAMS 0x00000006c1000000, 0x00000006c1000000|
|  17|0x00000006c1100000, 0x00000006c1100000, 0x00000006c1200000|  0%| F|  |TS  0|AC  0|TAMS 0x00000006c1100000, 0x00000006c1100000|
|  18|0x00000006c1200000, 0x00000006c1200000, 0x00000006c1300000|  0%| F|  |TS  0|AC  0|TAMS 0x00000006c1200000, 0x00000006c1200000|
|  19|0x00000006c1300000, 0x00000006c1300000, 0x00000006c1400000|  0%| F|  |TS  0|AC  0|TAMS 0x00000006c1300000, 0x00000006c1300000|
|  20|0x00000006c1400000, 0x00000006c1400000, 0x00000006c1500000|  0%| F|  |TS  0|AC  0|TAMS 0x00000006c1400000, 0x00000006c1400000|
|  21|0x00000006c1500000, 0x00000006c1500000, 0x00000006c1600000|  0%| F|  |TS  0|AC  0|TAMS 0x00000006c1500000, 0x00000006c1500000|
|  22|0x00000006c1600000, 0x00000006c1600000, 0x00000006c1700000|  0%| F|  |TS  0|AC  0|TAMS 0x00000006c1600000, 0x00000006c1600000|
|  23|0x00000006c1700000, 0x00000006c1700000, 0x00000006c1800000|  0%| F|  |TS  0|AC  0|TAMS 0x00000006c1700000, 0x00000006c1700000|
|  24|0x00000006c1800000, 0x00000006c1800000, 0x00000006c1900000|  0%| F|  |TS  0|AC  0|TAMS 0x00000006c1800000, 0x00000006c1800000|
|  25|0x00000006c1900000, 0x00000006c1900000, 0x00000006c1a00000|  0%| F|  |TS  0|AC  0|TAMS 0x00000006c1900000, 0x00000006c1900000|
|  26|0x00000006c1a00000, 0x00000006c1a00000, 0x00000006c1b00000|  0%| F|  |TS  0|AC  0|TAMS 0x00000006c1a00000, 0x00000006c1a00000|
|  27|0x00000006c1b00000, 0x00000006c1b00000, 0x00000006c1c00000|  0%| F|  |TS  0|AC  0|TAMS 0x00000006c1b00000, 0x00000006c1b00000|
|  28|0x00000006c1c00000, 0x00000006c1c00000, 0x00000006c1d00000|  0%| F|  |TS  0|AC  0|TAMS 0x00000006c1c00000, 0x00000006c1c00000|
|  29|0x00000006c1d00000, 0x00000006c1d00000, 0x00000006c1e00000|  0%| F|  |TS  0|AC  0|TAMS 0x00000006c1d00000, 0x00000006c1d00000|
|  30|0x00000006c1e00000, 0x00000006c1e00000, 0x00000006c1f00000|  0%| F|  |TS  0|AC  0|TAMS 0x00000006c1e00000, 0x00000006c1e00000|
|  31|0x00000006c1f00000, 0x00000006c1f00000, 0x00000006c2000000|  0%| F|  |TS  0|AC  0|TAMS 0x00000006c1f00000, 0x00000006c1f00000|
|  32|0x00000006c2000000, 0x00000006c2000000, 0x00000006c2100000|  0%| F|  |TS  0|AC  0|TAMS 0x00000006c2000000, 0x00000006c2000000|
|  33|0x00000006c2100000, 0x00000006c2100000, 0x00000006c2200000|  0%| F|  |TS  0|AC  0|TAMS 0x00000006c2100000, 0x00000006c2100000|
|  34|0x00000006c2200000, 0x00000006c2200000, 0x00000006c2300000|  0%| F|  |TS  0|AC  0|TAMS 0x00000006c2200000, 0x00000006c2200000|
|  35|0x00000006c2300000, 0x00000006c2300000, 0x00000006c2400000|  0%| F|  |TS  0|AC  0|TAMS 0x00000006c2300000, 0x00000006c2300000|
|  36|0x00000006c2400000, 0x00000006c2400000, 0x00000006c2500000|  0%| F|  |TS  0|AC  0|TAMS 0x00000006c2400000, 0x00000006c2400000|
|  37|0x00000006c2500000, 0x00000006c2500000, 0x00000006c2600000|  0%| F|  |TS  0|AC  0|TAMS 0x00000006c2500000, 0x00000006c2500000|
|  38|0x00000006c2600000, 0x00000006c2600000, 0x00000006c2700000|  0%| F|  |TS  0|AC  0|TAMS 0x00000006c2600000, 0x00000006c2600000|
|  39|0x00000006c2700000, 0x00000006c2700000, 0x00000006c2800000|  0%| F|  |TS  0|AC  0|TAMS 0x00000006c2700000, 0x00000006c2700000|
|  40|0x00000006c2800000, 0x00000006c2800000, 0x00000006c2900000|  0%| F|  |TS  0|AC  0|TAMS 0x00000006c2800000, 0x00000006c2800000|
|  41|0x00000006c2900000, 0x00000006c2900000, 0x00000006c2a00000|  0%| F|  |TS  0|AC  0|TAMS 0x00000006c2900000, 0x00000006c2900000|
|  42|0x00000006c2a00000, 0x00000006c2a00000, 0x00000006c2b00000|  0%| F|  |TS  0|AC  0|TAMS 0x00000006c2a00000, 0x00000006c2a00000|
|  43|0x00000006c2b00000, 0x00000006c2b00000, 0x00000006c2c00000|  0%| F|  |TS  0|AC  0|TAMS 0x00000006c2b00000, 0x00000006c2b00000|
|  44|0x00000006c2c00000, 0x00000006c2c00000, 0x00000006c2d00000|  0%| F|  |TS  0|AC  0|TAMS 0x00000006c2c00000, 0x00000006c2c00000|
|  45|0x00000006c2d00000, 0x00000006c2d00000, 0x00000006c2e00000|  0%| F|  |TS  0|AC  0|TAMS 0x00000006c2d00000, 0x00000006c2d00000|
|  46|0x00000006c2e00000, 0x00000006c2e00000, 0x00000006c2f00000|  0%| F|  |TS  0|AC  0|TAMS 0x00000006c2e00000, 0x00000006c2e00000|
|  47|0x00000006c2f00000, 0x00000006c2f00000, 0x00000006c3000000|  0%| F|  |TS  0|AC  0|TAMS 0x00000006c2f00000, 0x00000006c2f00000|
|  48|0x00000006c3000000, 0x00000006c3000000, 0x00000006c3100000|  0%| F|  |TS  0|AC  0|TAMS 0x00000006c3000000, 0x00000006c3000000|
|  49|0x00000006c3100000, 0x00000006c3100000, 0x00000006c3200000|  0%| F|  |TS  0|AC  0|TAMS 0x00000006c3100000, 0x00000006c3100000|
|  50|0x00000006c3200000, 0x00000006c3200000, 0x00000006c3300000|  0%| F|  |TS  0|AC  0|TAMS 0x00000006c3200000, 0x00000006c3200000|
|  51|0x00000006c3300000, 0x00000006c3300000, 0x00000006c3400000|  0%| F|  |TS  0|AC  0|TAMS 0x00000006c3300000, 0x00000006c3300000|
|  52|0x00000006c3400000, 0x00000006c3400000, 0x00000006c3500000|  0%| F|  |TS  0|AC  0|TAMS 0x00000006c3400000, 0x00000006c3400000|
|  53|0x00000006c3500000, 0x00000006c3500000, 0x00000006c3600000|  0%| F|  |TS  0|AC  0|TAMS 0x00000006c3500000, 0x00000006c3500000|
|  54|0x00000006c3600000, 0x00000006c3600000, 0x00000006c3700000|  0%| F|  |TS  0|AC  0|TAMS 0x00000006c3600000, 0x00000006c3600000|
|  55|0x00000006c3700000, 0x00000006c3700000, 0x00000006c3800000|  0%| F|  |TS  0|AC  0|TAMS 0x00000006c3700000, 0x00000006c3700000|
|  56|0x00000006c3800000, 0x00000006c3800000, 0x00000006c3900000|  0%| F|  |TS  0|AC  0|TAMS 0x00000006c3800000, 0x00000006c3800000|
|  57|0x00000006c3900000, 0x00000006c3900000, 0x00000006c3a00000|  0%| F|  |TS  0|AC  0|TAMS 0x00000006c3900000, 0x00000006c3900000|
|  58|0x00000006c3a00000, 0x00000006c3a00000, 0x00000006c3b00000|  0%| F|  |TS  0|AC  0|TAMS 0x00000006c3a00000, 0x00000006c3a00000|
|  59|0x00000006c3b00000, 0x00000006c3b00000, 0x00000006c3c00000|  0%| F|  |TS  0|AC  0|TAMS 0x00000006c3b00000, 0x00000006c3b00000|
|  60|0x00000006c3c00000, 0x00000006c3c00000, 0x00000006c3d00000|  0%| F|  |TS  0|AC  0|TAMS 0x00000006c3c00000, 0x00000006c3c00000|
|  61|0x00000006c3d00000, 0x00000006c3d00000, 0x00000006c3e00000|  0%| F|  |TS  0|AC  0|TAMS 0x00000006c3d00000, 0x00000006c3d00000|
|  62|0x00000006c3e00000, 0x00000006c3e00000, 0x00000006c3f00000|  0%| F|  |TS  0|AC  0|TAMS 0x00000006c3e00000, 0x00000006c3e00000|
|  63|0x00000006c3f00000, 0x00000006c3f00000, 0x00000006c4000000|  0%| F|  |TS  0|AC  0|TAMS 0x00000006c3f00000, 0x00000006c3f00000|
|  64|0x00000006c4000000, 0x00000006c4000000, 0x00000006c4100000|  0%| F|  |TS  0|AC  0|TAMS 0x00000006c4000000, 0x00000006c4000000|
|  65|0x00000006c4100000, 0x00000006c4100000, 0x00000006c4200000|  0%| F|  |TS  0|AC  0|TAMS 0x00000006c4100000, 0x00000006c4100000|
|  66|0x00000006c4200000, 0x00000006c4200000, 0x00000006c4300000|  0%| F|  |TS  0|AC  0|TAMS 0x00000006c4200000, 0x00000006c4200000|
|  67|0x00000006c4300000, 0x00000006c4300000, 0x00000006c4400000|  0%| F|  |TS  0|AC  0|TAMS 0x00000006c4300000, 0x00000006c4300000|
|  68|0x00000006c4400000, 0x00000006c4400000, 0x00000006c4500000|  0%| F|  |TS  0|AC  0|TAMS 0x00000006c4400000, 0x00000006c4400000|
|  69|0x00000006c4500000, 0x00000006c4500000, 0x00000006c4600000|  0%| F|  |TS  0|AC  0|TAMS 0x00000006c4500000, 0x00000006c4500000|
|  70|0x00000006c4600000, 0x00000006c4600000, 0x00000006c4700000|  0%| F|  |TS  0|AC  0|TAMS 0x00000006c4600000, 0x00000006c4600000|
|  71|0x00000006c4700000, 0x00000006c4700000, 0x00000006c4800000|  0%| F|  |TS  0|AC  0|TAMS 0x00000006c4700000, 0x00000006c4700000|
|  72|0x00000006c4800000, 0x00000006c4800000, 0x00000006c4900000|  0%| F|  |TS  0|AC  0|TAMS 0x00000006c4800000, 0x00000006c4800000|
|  73|0x00000006c4900000, 0x00000006c4900000, 0x00000006c4a00000|  0%| F|  |TS  0|AC  0|TAMS 0x00000006c4900000, 0x00000006c4900000|
|  74|0x00000006c4a00000, 0x00000006c4a00000, 0x00000006c4b00000|  0%| F|  |TS  0|AC  0|TAMS 0x00000006c4a00000, 0x00000006c4a00000|
|  75|0x00000006c4b00000, 0x00000006c4b00000, 0x00000006c4c00000|  0%| F|  |TS  0|AC  0|TAMS 0x00000006c4b00000, 0x00000006c4b00000|
|  76|0x00000006c4c00000, 0x00000006c4c00000, 0x00000006c4d00000|  0%| F|  |TS  0|AC  0|TAMS 0x00000006c4c00000, 0x00000006c4c00000|
|  77|0x00000006c4d00000, 0x00000006c4d00000, 0x00000006c4e00000|  0%| F|  |TS  0|AC  0|TAMS 0x00000006c4d00000, 0x00000006c4d00000|
|  78|0x00000006c4e00000, 0x00000006c4e00000, 0x00000006c4f00000|  0%| F|  |TS  0|AC  0|TAMS 0x00000006c4e00000, 0x00000006c4e00000|
|  79|0x00000006c4f00000, 0x00000006c4f00000, 0x00000006c5000000|  0%| F|  |TS  0|AC  0|TAMS 0x00000006c4f00000, 0x00000006c4f00000|
|  80|0x00000006c5000000, 0x00000006c5000000, 0x00000006c5100000|  0%| F|  |TS  0|AC  0|TAMS 0x00000006c5000000, 0x00000006c5000000|
|  81|0x00000006c5100000, 0x00000006c5100000, 0x00000006c5200000|  0%| F|  |TS  0|AC  0|TAMS 0x00000006c5100000, 0x00000006c5100000|
|  82|0x00000006c5200000, 0x00000006c5200000, 0x00000006c5300000|  0%| F|  |TS  0|AC  0|TAMS 0x00000006c5200000, 0x00000006c5200000|
|  83|0x00000006c5300000, 0x00000006c5300000, 0x00000006c5400000|  0%| F|  |TS  0|AC  0|TAMS 0x00000006c5300000, 0x00000006c5300000|
|  84|0x00000006c5400000, 0x00000006c5400000, 0x00000006c5500000|  0%| F|  |TS  0|AC  0|TAMS 0x00000006c5400000, 0x00000006c5400000|
|  85|0x00000006c5500000, 0x00000006c5500000, 0x00000006c5600000|  0%| F|  |TS  0|AC  0|TAMS 0x00000006c5500000, 0x00000006c5500000|
|  86|0x00000006c5600000, 0x00000006c5600000, 0x00000006c5700000|  0%| F|  |TS  0|AC  0|TAMS 0x00000006c5600000, 0x00000006c5600000|
|  87|0x00000006c5700000, 0x00000006c5700000, 0x00000006c5800000|  0%| F|  |TS  0|AC  0|TAMS 0x00000006c5700000, 0x00000006c5700000|
|  88|0x00000006c5800000, 0x00000006c5800000, 0x00000006c5900000|  0%| F|  |TS  0|AC  0|TAMS 0x00000006c5800000, 0x00000006c5800000|
|  89|0x00000006c5900000, 0x00000006c5900000, 0x00000006c5a00000|  0%| F|  |TS  0|AC  0|TAMS 0x00000006c5900000, 0x00000006c5900000|
|  90|0x00000006c5a00000, 0x00000006c5a00000, 0x00000006c5b00000|  0%| F|  |TS  0|AC  0|TAMS 0x00000006c5a00000, 0x00000006c5a00000|
|  91|0x00000006c5b00000, 0x00000006c5b00000, 0x00000006c5c00000|  0%| F|  |TS  0|AC  0|TAMS 0x00000006c5b00000, 0x00000006c5b00000|
|  92|0x00000006c5c00000, 0x00000006c5c00000, 0x00000006c5d00000|  0%| F|  |TS  0|AC  0|TAMS 0x00000006c5c00000, 0x00000006c5c00000|
|  93|0x00000006c5d00000, 0x00000006c5d00000, 0x00000006c5e00000|  0%| F|  |TS  0|AC  0|TAMS 0x00000006c5d00000, 0x00000006c5d00000|
|  94|0x00000006c5e00000, 0x00000006c5e00000, 0x00000006c5f00000|  0%| F|  |TS  0|AC  0|TAMS 0x00000006c5e00000, 0x00000006c5e00000|
|  95|0x00000006c5f00000, 0x00000006c5f00000, 0x00000006c6000000|  0%| F|  |TS  0|AC  0|TAMS 0x00000006c5f00000, 0x00000006c5f00000|
|  96|0x00000006c6000000, 0x00000006c6000000, 0x00000006c6100000|  0%| F|  |TS  0|AC  0|TAMS 0x00000006c6000000, 0x00000006c6000000|
|  97|0x00000006c6100000, 0x00000006c6100000, 0x00000006c6200000|  0%| F|  |TS  0|AC  0|TAMS 0x00000006c6100000, 0x00000006c6100000|
|  98|0x00000006c6200000, 0x00000006c6200000, 0x00000006c6300000|  0%| F|  |TS  0|AC  0|TAMS 0x00000006c6200000, 0x00000006c6200000|
|  99|0x00000006c6300000, 0x00000006c6380020, 0x00000006c6400000| 50%| S|CS|TS  3|AC  0|TAMS 0x00000006c6300000, 0x00000006c6300000|
| 100|0x00000006c6400000, 0x00000006c6500000, 0x00000006c6500000|100%| S|CS|TS  3|AC  0|TAMS 0x00000006c6400000, 0x00000006c6400000|
| 101|0x00000006c6500000, 0x00000006c6600000, 0x00000006c6600000|100%| S|CS|TS  3|AC  0|TAMS 0x00000006c6500000, 0x00000006c6500000|
| 102|0x00000006c6600000, 0x00000006c6700000, 0x00000006c6700000|100%| S|CS|TS  3|AC  0|TAMS 0x00000006c6600000, 0x00000006c6600000|
| 103|0x00000006c6700000, 0x00000006c6700000, 0x00000006c6800000|  0%| F|  |TS  3|AC  0|TAMS 0x00000006c6700000, 0x00000006c6700000|
| 104|0x00000006c6800000, 0x00000006c6800000, 0x00000006c6900000|  0%| F|  |TS  3|AC  0|TAMS 0x00000006c6800000, 0x00000006c6800000|
| 105|0x00000006c6900000, 0x00000006c6900000, 0x00000006c6a00000|  0%| F|  |TS  3|AC  0|TAMS 0x00000006c6900000, 0x00000006c6900000|
| 106|0x00000006c6a00000, 0x00000006c6a00000, 0x00000006c6b00000|  0%| F|  |TS  3|AC  0|TAMS 0x00000006c6a00000, 0x00000006c6a00000|
| 107|0x00000006c6b00000, 0x00000006c6b00000, 0x00000006c6c00000|  0%| F|  |TS  3|AC  0|TAMS 0x00000006c6b00000, 0x00000006c6b00000|
| 108|0x00000006c6c00000, 0x00000006c6c00000, 0x00000006c6d00000|  0%| F|  |TS  3|AC  0|TAMS 0x00000006c6c00000, 0x00000006c6c00000|
| 109|0x00000006c6d00000, 0x00000006c6d00000, 0x00000006c6e00000|  0%| F|  |TS  3|AC  0|TAMS 0x00000006c6d00000, 0x00000006c6d00000|
| 110|0x00000006c6e00000, 0x00000006c6e00000, 0x00000006c6f00000|  0%| F|  |TS  3|AC  0|TAMS 0x00000006c6e00000, 0x00000006c6e00000|
| 111|0x00000006c6f00000, 0x00000006c6f00000, 0x00000006c7000000|  0%| F|  |TS  3|AC  0|TAMS 0x00000006c6f00000, 0x00000006c6f00000|
| 112|0x00000006c7000000, 0x00000006c7000000, 0x00000006c7100000|  0%| F|  |TS  3|AC  0|TAMS 0x00000006c7000000, 0x00000006c7000000|
| 113|0x00000006c7100000, 0x00000006c7100000, 0x00000006c7200000|  0%| F|  |TS  3|AC  0|TAMS 0x00000006c7100000, 0x00000006c7100000|
| 114|0x00000006c7200000, 0x00000006c7200000, 0x00000006c7300000|  0%| F|  |TS  3|AC  0|TAMS 0x00000006c7200000, 0x00000006c7200000|
| 115|0x00000006c7300000, 0x00000006c7300000, 0x00000006c7400000|  0%| F|  |TS  3|AC  0|TAMS 0x00000006c7300000, 0x00000006c7300000|
| 116|0x00000006c7400000, 0x00000006c7400000, 0x00000006c7500000|  0%| F|  |TS  3|AC  0|TAMS 0x00000006c7400000, 0x00000006c7400000|
| 117|0x00000006c7500000, 0x00000006c7500000, 0x00000006c7600000|  0%| F|  |TS  3|AC  0|TAMS 0x00000006c7500000, 0x00000006c7500000|
| 118|0x00000006c7600000, 0x00000006c7600000, 0x00000006c7700000|  0%| F|  |TS  3|AC  0|TAMS 0x00000006c7600000, 0x00000006c7600000|
| 119|0x00000006c7700000, 0x00000006c7700000, 0x00000006c7800000|  0%| F|  |TS  3|AC  0|TAMS 0x00000006c7700000, 0x00000006c7700000|
| 120|0x00000006c7800000, 0x00000006c7900000, 0x00000006c7900000|100%| E|  |TS  3|AC  0|TAMS 0x00000006c7800000, 0x00000006c7800000|
| 121|0x00000006c7900000, 0x00000006c7a00000, 0x00000006c7a00000|100%| E|CS|TS  3|AC  0|TAMS 0x00000006c7900000, 0x00000006c7900000|
| 122|0x00000006c7a00000, 0x00000006c7b00000, 0x00000006c7b00000|100%| E|CS|TS  3|AC  0|TAMS 0x00000006c7a00000, 0x00000006c7a00000|
| 123|0x00000006c7b00000, 0x00000006c7c00000, 0x00000006c7c00000|100%| E|CS|TS  3|AC  0|TAMS 0x00000006c7b00000, 0x00000006c7b00000|
| 124|0x00000006c7c00000, 0x00000006c7d00000, 0x00000006c7d00000|100%| E|CS|TS  3|AC  0|TAMS 0x00000006c7c00000, 0x00000006c7c00000|
| 125|0x00000006c7d00000, 0x00000006c7e00000, 0x00000006c7e00000|100%| E|CS|TS  3|AC  0|TAMS 0x00000006c7d00000, 0x00000006c7d00000|
| 126|0x00000006c7e00000, 0x00000006c7f00000, 0x00000006c7f00000|100%| E|CS|TS  3|AC  0|TAMS 0x00000006c7e00000, 0x00000006c7e00000|
| 127|0x00000006c7f00000, 0x00000006c8000000, 0x00000006c8000000|100%| E|CS|TS  3|AC  0|TAMS 0x00000006c7f00000, 0x00000006c7f00000|
| 128|0x00000006c8000000, 0x00000006c8100000, 0x00000006c8100000|100%| E|CS|TS  3|AC  0|TAMS 0x00000006c8000000, 0x00000006c8000000|
| 129|0x00000006c8100000, 0x00000006c8200000, 0x00000006c8200000|100%| E|CS|TS  3|AC  0|TAMS 0x00000006c8100000, 0x00000006c8100000|
| 130|0x00000006c8200000, 0x00000006c8300000, 0x00000006c8300000|100%| E|CS|TS  3|AC  0|TAMS 0x00000006c8200000, 0x00000006c8200000|
| 131|0x00000006c8300000, 0x00000006c8400000, 0x00000006c8400000|100%| E|CS|TS  3|AC  0|TAMS 0x00000006c8300000, 0x00000006c8300000|
| 132|0x00000006c8400000, 0x00000006c8500000, 0x00000006c8500000|100%| E|CS|TS  3|AC  0|TAMS 0x00000006c8400000, 0x00000006c8400000|
| 133|0x00000006c8500000, 0x00000006c8600000, 0x00000006c8600000|100%| E|CS|TS  3|AC  0|TAMS 0x00000006c8500000, 0x00000006c8500000|
| 134|0x00000006c8600000, 0x00000006c8700000, 0x00000006c8700000|100%| E|CS|TS  3|AC  0|TAMS 0x00000006c8600000, 0x00000006c8600000|
| 135|0x00000006c8700000, 0x00000006c8800000, 0x00000006c8800000|100%| E|CS|TS  3|AC  0|TAMS 0x00000006c8700000, 0x00000006c8700000|
| 136|0x00000006c8800000, 0x00000006c8900000, 0x00000006c8900000|100%| E|CS|TS  3|AC  0|TAMS 0x00000006c8800000, 0x00000006c8800000|
| 137|0x00000006c8900000, 0x00000006c8a00000, 0x00000006c8a00000|100%| E|CS|TS  3|AC  0|TAMS 0x00000006c8900000, 0x00000006c8900000|
| 138|0x00000006c8a00000, 0x00000006c8b00000, 0x00000006c8b00000|100%| E|CS|TS  3|AC  0|TAMS 0x00000006c8a00000, 0x00000006c8a00000|
| 139|0x00000006c8b00000, 0x00000006c8c00000, 0x00000006c8c00000|100%| E|CS|TS  3|AC  0|TAMS 0x00000006c8b00000, 0x00000006c8b00000|
| 140|0x00000006c8c00000, 0x00000006c8d00000, 0x00000006c8d00000|100%| E|CS|TS  3|AC  0|TAMS 0x00000006c8c00000, 0x00000006c8c00000|
| 141|0x00000006c8d00000, 0x00000006c8e00000, 0x00000006c8e00000|100%| E|CS|TS  3|AC  0|TAMS 0x00000006c8d00000, 0x00000006c8d00000|
| 142|0x00000006c8e00000, 0x00000006c8f00000, 0x00000006c8f00000|100%| E|CS|TS  3|AC  0|TAMS 0x00000006c8e00000, 0x00000006c8e00000|
| 143|0x00000006c8f00000, 0x00000006c9000000, 0x00000006c9000000|100%| E|CS|TS  3|AC  0|TAMS 0x00000006c8f00000, 0x00000006c8f00000|
| 144|0x00000006c9000000, 0x00000006c9100000, 0x00000006c9100000|100%| E|CS|TS  3|AC  0|TAMS 0x00000006c9000000, 0x00000006c9000000|
| 145|0x00000006c9100000, 0x00000006c9200000, 0x00000006c9200000|100%| E|CS|TS  3|AC  0|TAMS 0x00000006c9100000, 0x00000006c9100000|
| 146|0x00000006c9200000, 0x00000006c9300000, 0x00000006c9300000|100%| E|CS|TS  3|AC  0|TAMS 0x00000006c9200000, 0x00000006c9200000|
| 147|0x00000006c9300000, 0x00000006c9400000, 0x00000006c9400000|100%| E|CS|TS  3|AC  0|TAMS 0x00000006c9300000, 0x00000006c9300000|
| 148|0x00000006c9400000, 0x00000006c9500000, 0x00000006c9500000|100%| E|CS|TS  3|AC  0|TAMS 0x00000006c9400000, 0x00000006c9400000|
| 149|0x00000006c9500000, 0x00000006c9600000, 0x00000006c9600000|100%| E|CS|TS  3|AC  0|TAMS 0x00000006c9500000, 0x00000006c9500000|
| 150|0x00000006c9600000, 0x00000006c9700000, 0x00000006c9700000|100%| E|CS|TS  3|AC  0|TAMS 0x00000006c9600000, 0x00000006c9600000|
| 151|0x00000006c9700000, 0x00000006c9800000, 0x00000006c9800000|100%| E|CS|TS  3|AC  0|TAMS 0x00000006c9700000, 0x00000006c9700000|
| 152|0x00000006c9800000, 0x00000006c9900000, 0x00000006c9900000|100%| E|CS|TS  3|AC  0|TAMS 0x00000006c9800000, 0x00000006c9800000|
| 153|0x00000006c9900000, 0x00000006c9a00000, 0x00000006c9a00000|100%| E|CS|TS  3|AC  0|TAMS 0x00000006c9900000, 0x00000006c9900000|
| 154|0x00000006c9a00000, 0x00000006c9b00000, 0x00000006c9b00000|100%| E|CS|TS  3|AC  0|TAMS 0x00000006c9a00000, 0x00000006c9a00000|
| 155|0x00000006c9b00000, 0x00000006c9c00000, 0x00000006c9c00000|100%| E|CS|TS  3|AC  0|TAMS 0x00000006c9b00000, 0x00000006c9b00000|
| 156|0x00000006c9c00000, 0x00000006c9d00000, 0x00000006c9d00000|100%| E|CS|TS  3|AC  0|TAMS 0x00000006c9c00000, 0x00000006c9c00000|
| 157|0x00000006c9d00000, 0x00000006c9e00000, 0x00000006c9e00000|100%| E|CS|TS  3|AC  0|TAMS 0x00000006c9d00000, 0x00000006c9d00000|
| 158|0x00000006c9e00000, 0x00000006c9f00000, 0x00000006c9f00000|100%| E|CS|TS  3|AC  0|TAMS 0x00000006c9e00000, 0x00000006c9e00000|
| 159|0x00000006c9f00000, 0x00000006ca000000, 0x00000006ca000000|100%| E|CS|TS  3|AC  0|TAMS 0x00000006c9f00000, 0x00000006c9f00000|
| 160|0x00000006ca000000, 0x00000006ca100000, 0x00000006ca100000|100%| E|CS|TS  3|AC  0|TAMS 0x00000006ca000000, 0x00000006ca000000|
| 161|0x00000006ca100000, 0x00000006ca200000, 0x00000006ca200000|100%| E|CS|TS  3|AC  0|TAMS 0x00000006ca100000, 0x00000006ca100000|
| 162|0x00000006ca200000, 0x00000006ca300000, 0x00000006ca300000|100%| E|CS|TS  3|AC  0|TAMS 0x00000006ca200000, 0x00000006ca200000|
| 163|0x00000006ca300000, 0x00000006ca400000, 0x00000006ca400000|100%| E|CS|TS  3|AC  0|TAMS 0x00000006ca300000, 0x00000006ca300000|
| 164|0x00000006ca400000, 0x00000006ca500000, 0x00000006ca500000|100%| E|CS|TS  3|AC  0|TAMS 0x00000006ca400000, 0x00000006ca400000|
| 165|0x00000006ca500000, 0x00000006ca600000, 0x00000006ca600000|100%| E|CS|TS  3|AC  0|TAMS 0x00000006ca500000, 0x00000006ca500000|
| 166|0x00000006ca600000, 0x00000006ca700000, 0x00000006ca700000|100%| E|CS|TS  3|AC  0|TAMS 0x00000006ca600000, 0x00000006ca600000|
| 167|0x00000006ca700000, 0x00000006ca800000, 0x00000006ca800000|100%| E|CS|TS  3|AC  0|TAMS 0x00000006ca700000, 0x00000006ca700000|
| 168|0x00000006ca800000, 0x00000006ca900000, 0x00000006ca900000|100%| E|CS|TS  3|AC  0|TAMS 0x00000006ca800000, 0x00000006ca800000|
| 169|0x00000006ca900000, 0x00000006caa00000, 0x00000006caa00000|100%| E|CS|TS  3|AC  0|TAMS 0x00000006ca900000, 0x00000006ca900000|
| 170|0x00000006caa00000, 0x00000006cab00000, 0x00000006cab00000|100%| E|CS|TS  3|AC  0|TAMS 0x00000006caa00000, 0x00000006caa00000|
| 171|0x00000006cab00000, 0x00000006cac00000, 0x00000006cac00000|100%| E|CS|TS  3|AC  0|TAMS 0x00000006cab00000, 0x00000006cab00000|
| 172|0x00000006cac00000, 0x00000006cad00000, 0x00000006cad00000|100%| E|CS|TS  3|AC  0|TAMS 0x00000006cac00000, 0x00000006cac00000|
| 173|0x00000006cad00000, 0x00000006cae00000, 0x00000006cae00000|100%| E|CS|TS  3|AC  0|TAMS 0x00000006cad00000, 0x00000006cad00000|
| 174|0x00000006cae00000, 0x00000006caf00000, 0x00000006caf00000|100%| E|CS|TS  3|AC  0|TAMS 0x00000006cae00000, 0x00000006cae00000|
| 175|0x00000006caf00000, 0x00000006cb000000, 0x00000006cb000000|100%| E|CS|TS  3|AC  0|TAMS 0x00000006caf00000, 0x00000006caf00000|
| 176|0x00000006cb000000, 0x00000006cb100000, 0x00000006cb100000|100%| E|CS|TS  3|AC  0|TAMS 0x00000006cb000000, 0x00000006cb000000|
| 177|0x00000006cb100000, 0x00000006cb200000, 0x00000006cb200000|100%| E|CS|TS  3|AC  0|TAMS 0x00000006cb100000, 0x00000006cb100000|
| 178|0x00000006cb200000, 0x00000006cb300000, 0x00000006cb300000|100%| E|CS|TS  3|AC  0|TAMS 0x00000006cb200000, 0x00000006cb200000|
| 179|0x00000006cb300000, 0x00000006cb400000, 0x00000006cb400000|100%| E|CS|TS  3|AC  0|TAMS 0x00000006cb300000, 0x00000006cb300000|
| 180|0x00000006cb400000, 0x00000006cb500000, 0x00000006cb500000|100%| E|CS|TS  3|AC  0|TAMS 0x00000006cb400000, 0x00000006cb400000|
| 181|0x00000006cb500000, 0x00000006cb600000, 0x00000006cb600000|100%| E|CS|TS  3|AC  0|TAMS 0x00000006cb500000, 0x00000006cb500000|
| 182|0x00000006cb600000, 0x00000006cb700000, 0x00000006cb700000|100%| E|CS|TS  3|AC  0|TAMS 0x00000006cb600000, 0x00000006cb600000|
| 183|0x00000006cb700000, 0x00000006cb800000, 0x00000006cb800000|100%| E|CS|TS  3|AC  0|TAMS 0x00000006cb700000, 0x00000006cb700000|
| 184|0x00000006cb800000, 0x00000006cb900000, 0x00000006cb900000|100%| E|CS|TS  3|AC  0|TAMS 0x00000006cb800000, 0x00000006cb800000|
| 185|0x00000006cb900000, 0x00000006cba00000, 0x00000006cba00000|100%| E|CS|TS  3|AC  0|TAMS 0x00000006cb900000, 0x00000006cb900000|
| 186|0x00000006cba00000, 0x00000006cbb00000, 0x00000006cbb00000|100%| E|CS|TS  3|AC  0|TAMS 0x00000006cba00000, 0x00000006cba00000|
| 187|0x00000006cbb00000, 0x00000006cbc00000, 0x00000006cbc00000|100%| E|CS|TS  3|AC  0|TAMS 0x00000006cbb00000, 0x00000006cbb00000|
| 188|0x00000006cbc00000, 0x00000006cbd00000, 0x00000006cbd00000|100%| E|CS|TS  3|AC  0|TAMS 0x00000006cbc00000, 0x00000006cbc00000|
| 189|0x00000006cbd00000, 0x00000006cbe00000, 0x00000006cbe00000|100%| E|CS|TS  3|AC  0|TAMS 0x00000006cbd00000, 0x00000006cbd00000|
| 190|0x00000006cbe00000, 0x00000006cbf00000, 0x00000006cbf00000|100%| E|CS|TS  3|AC  0|TAMS 0x00000006cbe00000, 0x00000006cbe00000|
| 191|0x00000006cbf00000, 0x00000006cc000000, 0x00000006cc000000|100%| E|CS|TS  3|AC  0|TAMS 0x00000006cbf00000, 0x00000006cbf00000|
| 192|0x00000006cc000000, 0x00000006cc100000, 0x00000006cc100000|100%| E|CS|TS  3|AC  0|TAMS 0x00000006cc000000, 0x00000006cc000000|
| 193|0x00000006cc100000, 0x00000006cc200000, 0x00000006cc200000|100%| E|CS|TS  3|AC  0|TAMS 0x00000006cc100000, 0x00000006cc100000|
| 194|0x00000006cc200000, 0x00000006cc300000, 0x00000006cc300000|100%| E|CS|TS  3|AC  0|TAMS 0x00000006cc200000, 0x00000006cc200000|
| 195|0x00000006cc300000, 0x00000006cc400000, 0x00000006cc400000|100%| E|CS|TS  3|AC  0|TAMS 0x00000006cc300000, 0x00000006cc300000|
| 196|0x00000006cc400000, 0x00000006cc500000, 0x00000006cc500000|100%| E|CS|TS  3|AC  0|TAMS 0x00000006cc400000, 0x00000006cc400000|
| 197|0x00000006cc500000, 0x00000006cc600000, 0x00000006cc600000|100%| E|CS|TS  3|AC  0|TAMS 0x00000006cc500000, 0x00000006cc500000|
| 198|0x00000006cc600000, 0x00000006cc700000, 0x00000006cc700000|100%| E|CS|TS  3|AC  0|TAMS 0x00000006cc600000, 0x00000006cc600000|
| 199|0x00000006cc700000, 0x00000006cc800000, 0x00000006cc800000|100%| E|CS|TS  3|AC  0|TAMS 0x00000006cc700000, 0x00000006cc700000|
| 200|0x00000006cc800000, 0x00000006cc900000, 0x00000006cc900000|100%| E|CS|TS  3|AC  0|TAMS 0x00000006cc800000, 0x00000006cc800000|
| 201|0x00000006cc900000, 0x00000006cca00000, 0x00000006cca00000|100%| E|CS|TS  3|AC  0|TAMS 0x00000006cc900000, 0x00000006cc900000|
| 202|0x00000006cca00000, 0x00000006ccb00000, 0x00000006ccb00000|100%| E|CS|TS  3|AC  0|TAMS 0x00000006cca00000, 0x00000006cca00000|
| 203|0x00000006ccb00000, 0x00000006ccc00000, 0x00000006ccc00000|100%| E|CS|TS  3|AC  0|TAMS 0x00000006ccb00000, 0x00000006ccb00000|
| 204|0x00000006ccc00000, 0x00000006ccd00000, 0x00000006ccd00000|100%| E|CS|TS  3|AC  0|TAMS 0x00000006ccc00000, 0x00000006ccc00000|
| 205|0x00000006ccd00000, 0x00000006cce00000, 0x00000006cce00000|100%| E|CS|TS  3|AC  0|TAMS 0x00000006ccd00000, 0x00000006ccd00000|
| 206|0x00000006cce00000, 0x00000006ccf00000, 0x00000006ccf00000|100%| E|CS|TS  3|AC  0|TAMS 0x00000006cce00000, 0x00000006cce00000|
| 207|0x00000006ccf00000, 0x00000006cd000000, 0x00000006cd000000|100%| E|CS|TS  3|AC  0|TAMS 0x00000006ccf00000, 0x00000006ccf00000|
| 208|0x00000006cd000000, 0x00000006cd100000, 0x00000006cd100000|100%| E|CS|TS  3|AC  0|TAMS 0x00000006cd000000, 0x00000006cd000000|
| 209|0x00000006cd100000, 0x00000006cd200000, 0x00000006cd200000|100%| E|CS|TS  3|AC  0|TAMS 0x00000006cd100000, 0x00000006cd100000|
| 210|0x00000006cd200000, 0x00000006cd300000, 0x00000006cd300000|100%| E|CS|TS  3|AC  0|TAMS 0x00000006cd200000, 0x00000006cd200000|
| 211|0x00000006cd300000, 0x00000006cd400000, 0x00000006cd400000|100%| E|CS|TS  3|AC  0|TAMS 0x00000006cd300000, 0x00000006cd300000|
| 212|0x00000006cd400000, 0x00000006cd500000, 0x00000006cd500000|100%| E|CS|TS  3|AC  0|TAMS 0x00000006cd400000, 0x00000006cd400000|
| 213|0x00000006cd500000, 0x00000006cd600000, 0x00000006cd600000|100%| E|CS|TS  3|AC  0|TAMS 0x00000006cd500000, 0x00000006cd500000|
| 214|0x00000006cd600000, 0x00000006cd700000, 0x00000006cd700000|100%| E|CS|TS  3|AC  0|TAMS 0x00000006cd600000, 0x00000006cd600000|
| 215|0x00000006cd700000, 0x00000006cd800000, 0x00000006cd800000|100%| E|CS|TS  3|AC  0|TAMS 0x00000006cd700000, 0x00000006cd700000|
| 216|0x00000006cd800000, 0x00000006cd900000, 0x00000006cd900000|100%| E|CS|TS  3|AC  0|TAMS 0x00000006cd800000, 0x00000006cd800000|
| 217|0x00000006cd900000, 0x00000006cda00000, 0x00000006cda00000|100%| E|CS|TS  3|AC  0|TAMS 0x00000006cd900000, 0x00000006cd900000|
| 218|0x00000006cda00000, 0x00000006cdb00000, 0x00000006cdb00000|100%| E|CS|TS  3|AC  0|TAMS 0x00000006cda00000, 0x00000006cda00000|
| 219|0x00000006cdb00000, 0x00000006cdc00000, 0x00000006cdc00000|100%| E|CS|TS  3|AC  0|TAMS 0x00000006cdb00000, 0x00000006cdb00000|
| 220|0x00000006cdc00000, 0x00000006cdd00000, 0x00000006cdd00000|100%| E|CS|TS  3|AC  0|TAMS 0x00000006cdc00000, 0x00000006cdc00000|
| 221|0x00000006cdd00000, 0x00000006cde00000, 0x00000006cde00000|100%| E|CS|TS  3|AC  0|TAMS 0x00000006cdd00000, 0x00000006cdd00000|
| 222|0x00000006cde00000, 0x00000006cdf00000, 0x00000006cdf00000|100%| E|CS|TS  3|AC  0|TAMS 0x00000006cde00000, 0x00000006cde00000|
| 223|0x00000006cdf00000, 0x00000006ce000000, 0x00000006ce000000|100%| E|CS|TS  3|AC  0|TAMS 0x00000006cdf00000, 0x00000006cdf00000|
| 224|0x00000006ce000000, 0x00000006ce100000, 0x00000006ce100000|100%| E|CS|TS  3|AC  0|TAMS 0x00000006ce000000, 0x00000006ce000000|
| 225|0x00000006ce100000, 0x00000006ce200000, 0x00000006ce200000|100%| E|CS|TS  3|AC  0|TAMS 0x00000006ce100000, 0x00000006ce100000|
| 226|0x00000006ce200000, 0x00000006ce300000, 0x00000006ce300000|100%| E|CS|TS  3|AC  0|TAMS 0x00000006ce200000, 0x00000006ce200000|
| 227|0x00000006ce300000, 0x00000006ce400000, 0x00000006ce400000|100%| E|CS|TS  3|AC  0|TAMS 0x00000006ce300000, 0x00000006ce300000|
| 228|0x00000006ce400000, 0x00000006ce500000, 0x00000006ce500000|100%| E|CS|TS  3|AC  0|TAMS 0x00000006ce400000, 0x00000006ce400000|
| 229|0x00000006ce500000, 0x00000006ce600000, 0x00000006ce600000|100%| E|CS|TS  3|AC  0|TAMS 0x00000006ce500000, 0x00000006ce500000|
| 230|0x00000006ce600000, 0x00000006ce700000, 0x00000006ce700000|100%| E|CS|TS  3|AC  0|TAMS 0x00000006ce600000, 0x00000006ce600000|
| 231|0x00000006ce700000, 0x00000006ce800000, 0x00000006ce800000|100%| E|CS|TS  3|AC  0|TAMS 0x00000006ce700000, 0x00000006ce700000|
| 232|0x00000006ce800000, 0x00000006ce900000, 0x00000006ce900000|100%| E|CS|TS  3|AC  0|TAMS 0x00000006ce800000, 0x00000006ce800000|
| 233|0x00000006ce900000, 0x00000006cea00000, 0x00000006cea00000|100%| E|CS|TS  3|AC  0|TAMS 0x00000006ce900000, 0x00000006ce900000|
| 234|0x00000006cea00000, 0x00000006ceb00000, 0x00000006ceb00000|100%| E|CS|TS  3|AC  0|TAMS 0x00000006cea00000, 0x00000006cea00000|
| 235|0x00000006ceb00000, 0x00000006cec00000, 0x00000006cec00000|100%| E|CS|TS  3|AC  0|TAMS 0x00000006ceb00000, 0x00000006ceb00000|
| 236|0x00000006cec00000, 0x00000006ced00000, 0x00000006ced00000|100%| E|CS|TS  3|AC  0|TAMS 0x00000006cec00000, 0x00000006cec00000|
| 237|0x00000006ced00000, 0x00000006cee00000, 0x00000006cee00000|100%| E|CS|TS  3|AC  0|TAMS 0x00000006ced00000, 0x00000006ced00000|
| 238|0x00000006cee00000, 0x00000006cef00000, 0x00000006cef00000|100%| E|CS|TS  3|AC  0|TAMS 0x00000006cee00000, 0x00000006cee00000|
| 239|0x00000006cef00000, 0x00000006cf000000, 0x00000006cf000000|100%| E|CS|TS  3|AC  0|TAMS 0x00000006cef00000, 0x00000006cef00000|
| 240|0x00000006cf000000, 0x00000006cf100000, 0x00000006cf100000|100%| E|CS|TS  3|AC  0|TAMS 0x00000006cf000000, 0x00000006cf000000|
| 241|0x00000006cf100000, 0x00000006cf200000, 0x00000006cf200000|100%| E|CS|TS  3|AC  0|TAMS 0x00000006cf100000, 0x00000006cf100000|
| 242|0x00000006cf200000, 0x00000006cf300000, 0x00000006cf300000|100%| E|CS|TS  3|AC  0|TAMS 0x00000006cf200000, 0x00000006cf200000|
| 243|0x00000006cf300000, 0x00000006cf400000, 0x00000006cf400000|100%| E|CS|TS  3|AC  0|TAMS 0x00000006cf300000, 0x00000006cf300000|
| 244|0x00000006cf400000, 0x00000006cf500000, 0x00000006cf500000|100%| E|CS|TS  3|AC  0|TAMS 0x00000006cf400000, 0x00000006cf400000|
| 245|0x00000006cf500000, 0x00000006cf600000, 0x00000006cf600000|100%| E|CS|TS  3|AC  0|TAMS 0x00000006cf500000, 0x00000006cf500000|
| 246|0x00000006cf600000, 0x00000006cf700000, 0x00000006cf700000|100%| E|CS|TS  3|AC  0|TAMS 0x00000006cf600000, 0x00000006cf600000|
| 247|0x00000006cf700000, 0x00000006cf800000, 0x00000006cf800000|100%| E|CS|TS  3|AC  0|TAMS 0x00000006cf700000, 0x00000006cf700000|
| 248|0x00000006cf800000, 0x00000006cf900000, 0x00000006cf900000|100%| E|CS|TS  3|AC  0|TAMS 0x00000006cf800000, 0x00000006cf800000|
| 249|0x00000006cf900000, 0x00000006cfa00000, 0x00000006cfa00000|100%| E|CS|TS  3|AC  0|TAMS 0x00000006cf900000, 0x00000006cf900000|
| 250|0x00000006cfa00000, 0x00000006cfb00000, 0x00000006cfb00000|100%| E|CS|TS  3|AC  0|TAMS 0x00000006cfa00000, 0x00000006cfa00000|
| 251|0x00000006cfb00000, 0x00000006cfc00000, 0x00000006cfc00000|100%| E|CS|TS  3|AC  0|TAMS 0x00000006cfb00000, 0x00000006cfb00000|
| 252|0x00000006cfc00000, 0x00000006cfd00000, 0x00000006cfd00000|100%| E|CS|TS  3|AC  0|TAMS 0x00000006cfc00000, 0x00000006cfc00000|
| 253|0x00000006cfd00000, 0x00000006cfe00000, 0x00000006cfe00000|100%| E|CS|TS  3|AC  0|TAMS 0x00000006cfd00000, 0x00000006cfd00000|
| 254|0x00000006cfe00000, 0x00000006cff00000, 0x00000006cff00000|100%| E|CS|TS  3|AC  0|TAMS 0x00000006cfe00000, 0x00000006cfe00000|
| 255|0x00000006cff00000, 0x00000006d0000000, 0x00000006d0000000|100%| E|CS|TS  3|AC  0|TAMS 0x00000006cff00000, 0x00000006cff00000|

Card table byte_map: [0x000000010a921000,0x000000010b121000] byte_map_base: 0x0000000107321000

Marking Bits (Prev, Next): (CMBitMap*) 0x00007ff797038aa8, (CMBitMap*) 0x00007ff797038a70
 Prev Bits: [0x00000001291ce000, 0x000000012d1ce000)
 Next Bits: [0x000000010b921000, 0x000000010f921000)

Polling page: 0x0000000107de9000

CodeHeap 'non-profiled nmethods': size=120032Kb used=959Kb max_used=959Kb free=119072Kb
 bounds [0x0000000121c96000, 0x0000000121f06000, 0x00000001291ce000]
CodeHeap 'profiled nmethods': size=120032Kb used=5584Kb max_used=5584Kb free=114447Kb
 bounds [0x000000011a75e000, 0x000000011acde000, 0x0000000121c96000]
CodeHeap 'non-nmethods': size=5696Kb used=1544Kb max_used=1562Kb free=4151Kb
 bounds [0x000000011a1ce000, 0x000000011a43e000, 0x000000011a75e000]
 total_blobs=3903 nmethods=2506 adapters=822
 compilation: enabled

Compilation events (10 events):
Event: 9.354 Thread 0x00007ff796041800 nmethod 2498 0x0000000121d84e90 code [0x0000000121d85040, 0x0000000121d85150]
Event: 9.354 Thread 0x00007ff796041800 2499       1       java.awt.geom.Rectangle2D$Double::getX (5 bytes)
Event: 9.355 Thread 0x00007ff796041800 nmethod 2499 0x0000000121d85190 code [0x0000000121d85340, 0x0000000121d85450]
Event: 9.355 Thread 0x00007ff796041800 2500       1       java.awt.geom.Rectangle2D$Double::getY (5 bytes)
Event: 9.355 Thread 0x00007ff796041800 nmethod 2500 0x0000000121d85490 code [0x0000000121d85640, 0x0000000121d85750]
Event: 9.359 Thread 0x00007ff796041800 2501       3       java.util.BitSet::get (69 bytes)
Event: 9.362 Thread 0x00007ff796041800 nmethod 2501 0x000000011acc8390 code [0x000000011acc8620, 0x000000011acc9268]
Event: 9.363 Thread 0x00007ff796041800 2502       3       sun.net.www.protocol.jar.Handler::parseContextSpec (154 bytes)
Event: 9.373 Thread 0x00007ff796041800 nmethod 2502 0x000000011acc9690 code [0x000000011acc9bc0, 0x000000011accd0b8]
Event: 9.373 Thread 0x00007ff796041800 2503       3       sun.net.www.ParseUtil::canonizeString (195 bytes)

GC Heap History (10 events):
Event: 1.774 GC heap before
{Heap before GC invocations=0 (full 0):
 garbage-first heap   total 262144K, used 14336K [0x00000006c0000000, 0x00000006c0100800, 0x00000007c0000000)
  region size 1024K, 14 young (14336K), 0 survivors (0K)
 Metaspace       used 14018K, capacity 14982K, committed 15104K, reserved 1062912K
  class space    used 1505K, capacity 1722K, committed 1792K, reserved 1048576K
}
Event: 1.782 GC heap after
{Heap after GC invocations=1 (full 0):
 garbage-first heap   total 262144K, used 3699K [0x00000006c0000000, 0x00000006c0100800, 0x00000007c0000000)
  region size 1024K, 2 young (2048K), 2 survivors (2048K)
 Metaspace       used 14018K, capacity 14982K, committed 15104K, reserved 1062912K
  class space    used 1505K, capacity 1722K, committed 1792K, reserved 1048576K
}
Event: 1.968 GC heap before
{Heap before GC invocations=1 (full 0):
 garbage-first heap   total 262144K, used 13939K [0x00000006c0000000, 0x00000006c0100800, 0x00000007c0000000)
  region size 1024K, 12 young (12288K), 2 survivors (2048K)
 Metaspace       used 17432K, capacity 18526K, committed 18688K, reserved 1067008K
  class space    used 1796K, capacity 2040K, committed 2048K, reserved 1048576K
}
Event: 1.974 GC heap after
{Heap after GC invocations=2 (full 0):
 garbage-first heap   total 262144K, used 5741K [0x00000006c0000000, 0x00000006c0100800, 0x00000007c0000000)
  region size 1024K, 2 young (2048K), 2 survivors (2048K)
 Metaspace       used 17432K, capacity 18526K, committed 18688K, reserved 1067008K
  class space    used 1796K, capacity 2040K, committed 2048K, reserved 1048576K
}
Event: 2.117 GC heap before
{Heap before GC invocations=2 (full 0):
 garbage-first heap   total 262144K, used 10861K [0x00000006c0000000, 0x00000006c0100800, 0x00000007c0000000)
  region size 1024K, 7 young (7168K), 2 survivors (2048K)
 Metaspace       used 20227K, capacity 21271K, committed 21296K, reserved 1069056K
  class space    used 1948K, capacity 2161K, committed 2176K, reserved 1048576K
}
Event: 2.118 GC heap after
{Heap after GC invocations=3 (full 0):
 garbage-first heap   total 262144K, used 5137K [0x00000006c0000000, 0x00000006c0100800, 0x00000007c0000000)
  region size 1024K, 2 young (2048K), 2 survivors (2048K)
 Metaspace       used 20227K, capacity 21271K, committed 21296K, reserved 1069056K
  class space    used 1948K, capacity 2161K, committed 2176K, reserved 1048576K
}
Event: 3.663 GC heap before
{Heap before GC invocations=4 (full 0):
 garbage-first heap   total 262144K, used 71697K [0x00000006c0000000, 0x00000006c0100800, 0x00000007c0000000)
  region size 1024K, 55 young (56320K), 2 survivors (2048K)
 Metaspace       used 21677K, capacity 22715K, committed 22780K, reserved 1069056K
  class space    used 2094K, capacity 2323K, committed 2380K, reserved 1048576K
}
Event: 3.667 GC heap after
{Heap after GC invocations=5 (full 0):
 garbage-first heap   total 262144K, used 18674K [0x00000006c0000000, 0x00000006c0100800, 0x00000007c0000000)
  region size 1024K, 4 young (4096K), 4 survivors (4096K)
 Metaspace       used 21677K, capacity 22715K, committed 22780K, reserved 1069056K
  class space    used 2094K, capacity 2323K, committed 2380K, reserved 1048576K
}
Event: 6.638 GC heap before
{Heap before GC invocations=5 (full 0):
 garbage-first heap   total 262144K, used 171250K [0x00000006c0000000, 0x00000006c0100800, 0x00000007c0000000)
  region size 1024K, 153 young (156672K), 4 survivors (4096K)
 Metaspace       used 22017K, capacity 23035K, committed 23116K, reserved 1071104K
  class space    used 2094K, capacity 2323K, committed 2380K, reserved 1048576K
}
Event: 6.642 GC heap after
{Heap after GC invocations=6 (full 0):
 garbage-first heap   total 262144K, used 18541K [0x00000006c0000000, 0x00000006c0100800, 0x00000007c0000000)
  region size 1024K, 4 young (4096K), 4 survivors (4096K)
 Metaspace       used 22017K, capacity 23035K, committed 23116K, reserved 1071104K
  class space    used 2094K, capacity 2323K, committed 2380K, reserved 1048576K
}

Deoptimization events (10 events):
Event: 1.912 Thread 0x00007ff796c8c000 Uncommon trap: reason=class_check action=maybe_recompile pc=0x0000000121ce4204 method=java.util.HashMap.putVal(ILjava/lang/Object;Ljava/lang/Object;ZZ)Ljava/lang/Object; @ 253 c2
Event: 1.912 Thread 0x00007ff796c8c000 Uncommon trap: reason=class_check action=maybe_recompile pc=0x0000000121ce4204 method=java.util.HashMap.putVal(ILjava/lang/Object;Ljava/lang/Object;ZZ)Ljava/lang/Object; @ 253 c2
Event: 2.574 Thread 0x00007ff797762000 Uncommon trap: reason=unstable_if action=reinterpret pc=0x0000000121d1d96c method=com.jogamp.common.util.IntIntHashMap.get(I)I @ 19 c2
Event: 2.661 Thread 0x00007ff797762000 Uncommon trap: reason=unstable_if action=reinterpret pc=0x0000000121d1e5a0 method=com.jogamp.common.util.IntIntHashMap.get(I)I @ 19 c2
Event: 2.750 Thread 0x00007ff797762000 Uncommon trap: reason=class_check action=maybe_recompile pc=0x0000000121d204d0 method=com.jogamp.common.nio.Buffers.getDirectBufferByteOffset(Ljava/lang/Object;)I @ 42 c2
Event: 2.780 Thread 0x00007ff797762000 Uncommon trap: reason=unstable_if action=reinterpret pc=0x0000000121d22d10 method=jogamp.opengl.gl4.GL4bcImpl.checkBufferObject(ZZZILjava/lang/String;Z)Z @ 59 c2
Event: 2.783 Thread 0x00007ff797762000 Uncommon trap: reason=unstable_if action=reinterpret pc=0x0000000121d2b850 method=processing.core.PApplet.max(II)I @ 2 c2
Event: 2.786 Thread 0x00007ff797762000 Uncommon trap: reason=class_check action=maybe_recompile pc=0x0000000121d204d0 method=com.jogamp.common.nio.Buffers.getDirectBufferByteOffset(Ljava/lang/Object;)I @ 42 c2
Event: 2.820 Thread 0x00007ff797762000 Uncommon trap: reason=class_check action=maybe_recompile pc=0x0000000121d204d0 method=com.jogamp.common.nio.Buffers.getDirectBufferByteOffset(Ljava/lang/Object;)I @ 42 c2
Event: 2.822 Thread 0x00007ff797762000 Uncommon trap: reason=class_check action=maybe_recompile pc=0x0000000121d204d0 method=com.jogamp.common.nio.Buffers.getDirectBufferByteOffset(Ljava/lang/Object;)I @ 42 c2

Classes redefined (0 events):
No events

Internal exceptions (10 events):
Event: 1.920 Thread 0x00007ff796c8c000 Exception <a 'java/lang/NoSuchMethodError'{0x00000006cf894310}: java.lang.invoke.DirectMethodHandle$Holder.invokeStatic(Ljava/lang/Object;Ljava/lang/Object;J)Ljava/lang/Object;> (0x00000006cf894310) thrown at [/scratch/mesos/slaves/450fa0f5-8733-43f8-b866
Event: 1.920 Thread 0x00007ff796c8c000 Exception <a 'java/lang/NoSuchMethodError'{0x00000006cf897980}: method resolution failed> (0x00000006cf897980) thrown at [/scratch/mesos/slaves/450fa0f5-8733-43f8-b866-79fe3e86d200-S756/frameworks/1735e8a2-a1db-478c-8104-60c8b0af87dd-0196/executors/132405
Event: 1.922 Thread 0x00007ff796c8c000 Exception <a 'java/lang/NoSuchMethodError'{0x00000006cf8a1478}: java.lang.invoke.DirectMethodHandle$Holder.invokeStatic(Ljava/lang/Object;Ljava/lang/Object;Ljava/lang/Object;I)Ljava/lang/Object;> (0x00000006cf8a1478) thrown at [/scratch/mesos/slaves/450fa
Event: 1.923 Thread 0x00007ff796c8c000 Exception <a 'java/lang/NoSuchMethodError'{0x00000006cf8a50e0}: java.lang.invoke.DirectMethodHandle$Holder.invokeSpecial(Ljava/lang/Object;Ljava/lang/Object;Ljava/lang/Object;Ljava/lang/Object;I)Ljava/lang/Object;> (0x00000006cf8a50e0) thrown at [/scratch
Event: 1.927 Thread 0x00007ff796c8c000 Exception <a 'java/lang/NoSuchMethodError'{0x00000006cf8b9548}: method resolution failed> (0x00000006cf8b9548) thrown at [/scratch/mesos/slaves/450fa0f5-8733-43f8-b866-79fe3e86d200-S756/frameworks/1735e8a2-a1db-478c-8104-60c8b0af87dd-0196/executors/132405
Event: 1.927 Thread 0x00007ff796c8c000 Exception <a 'java/lang/NoSuchMethodError'{0x00000006cf8bfbd0}: method resolution failed> (0x00000006cf8bfbd0) thrown at [/scratch/mesos/slaves/450fa0f5-8733-43f8-b866-79fe3e86d200-S756/frameworks/1735e8a2-a1db-478c-8104-60c8b0af87dd-0196/executors/132405
Event: 1.927 Thread 0x00007ff796c8c000 Exception <a 'java/lang/NoSuchMethodError'{0x00000006cf8c3868}: method resolution failed> (0x00000006cf8c3868) thrown at [/scratch/mesos/slaves/450fa0f5-8733-43f8-b866-79fe3e86d200-S756/frameworks/1735e8a2-a1db-478c-8104-60c8b0af87dd-0196/executors/132405
Event: 1.930 Thread 0x00007ff796c8c000 Exception <a 'java/lang/NoSuchMethodError'{0x00000006cf8da2a8}: java.lang.Object.lambda$union$2(Ljava/util/regex/Pattern$CharPredicate;I)Z> (0x00000006cf8da2a8) thrown at [/scratch/mesos/slaves/450fa0f5-8733-43f8-b866-79fe3e86d200-S756/frameworks/1735e8a2
Event: 2.574 Thread 0x00007ff797762000 Implicit null exception at 0x0000000121d1d8ea to 0x0000000121d1d955
Event: 2.660 Thread 0x00007ff797762000 Implicit null exception at 0x0000000121d1e425 to 0x0000000121d1e579

Events (10 events):
Event: 9.364 loading class sun/applet/AppletPanel$5 done
Event: 9.369 Thread 0x00007ff796c8c000 Thread exited: 0x00007ff796c8c000
Event: 9.374 loading class java/awt/LightweightDispatcher$2
Event: 9.374 loading class java/awt/LightweightDispatcher$2 done
Event: 9.374 loading class java/awt/event/AWTEventListenerProxy
Event: 9.374 loading class java/awt/event/AWTEventListenerProxy done
Event: 9.374 loading class java/awt/Toolkit$ToolkitEventMulticaster
Event: 9.374 loading class java/awt/Toolkit$ToolkitEventMulticaster done
Event: 9.375 Thread 0x00007ff7960bb800 Thread exited: 0x00007ff7960bb800
Event: 9.375 loading class java/lang/IllegalThreadStateException


Dynamic libraries:
0x00007fff3296f000 	/System/Library/Frameworks/Cocoa.framework/Versions/A/Cocoa
0x00007fff3ed2c000 	/System/Library/Frameworks/Security.framework/Versions/A/Security
0x00007fff315de000 	/System/Library/Frameworks/ApplicationServices.framework/Versions/A/ApplicationServices
0x00007fff5a88c000 	/usr/lib/libz.1.dylib
0x00007fff588a0000 	/usr/lib/libSystem.B.dylib
0x00007fff33109000 	/System/Library/Frameworks/CoreFoundation.framework/Versions/A/CoreFoundation
0x00007fff3523f000 	/System/Library/Frameworks/Foundation.framework/Versions/C/Foundation
0x00007fff59ea1000 	/usr/lib/libobjc.A.dylib
0x00007fff3072f000 	/System/Library/Frameworks/AppKit.framework/Versions/C/AppKit
0x00007fff32ce7000 	/System/Library/Frameworks/CoreData.framework/Versions/A/CoreData
0x00007fff522e1000 	/System/Library/PrivateFrameworks/RemoteViewServices.framework/Versions/A/RemoteViewServices
0x00007fff56936000 	/System/Library/PrivateFrameworks/UIFoundation.framework/Versions/A/UIFoundation
0x00007fff4732b000 	/System/Library/PrivateFrameworks/DFRFoundation.framework/Versions/A/DFRFoundation
0x00007fff37716000 	/System/Library/Frameworks/Metal.framework/Versions/A/Metal
0x00007fff474cc000 	/System/Library/PrivateFrameworks/DesktopServicesPriv.framework/Versions/A/DesktopServicesPriv
0x00007fff594a3000 	/usr/lib/libenergytrace.dylib
0x00007fff54a5a000 	/System/Library/PrivateFrameworks/SkyLight.framework/Versions/A/SkyLight
0x00007fff335ab000 	/System/Library/Frameworks/CoreGraphics.framework/Versions/A/CoreGraphics
0x00007fff5889b000 	/usr/lib/libScreenReader.dylib
0x00007fff2f6f0000 	/System/Library/Frameworks/Accelerate.framework/Versions/A/Accelerate
0x00007fff359b6000 	/System/Library/Frameworks/IOSurface.framework/Versions/A/IOSurface
0x00007fff31b28000 	/System/Library/Frameworks/AudioToolbox.framework/Versions/A/AudioToolbox
0x00007fff31db5000 	/System/Library/Frameworks/AudioUnit.framework/Versions/A/AudioUnit
0x00007fff473c7000 	/System/Library/PrivateFrameworks/DataDetectorsCore.framework/Versions/A/DataDetectorsCore
0x00007fff32476000 	/System/Library/Frameworks/Carbon.framework/Versions/A/Frameworks/HIToolbox.framework/Versions/A/HIToolbox
0x00007fff595fd000 	/usr/lib/libicucore.A.dylib
0x00007fff3e2ab000 	/System/Library/Frameworks/QuartzCore.framework/Versions/A/QuartzCore
0x00007fff3285c000 	/System/Library/Frameworks/Carbon.framework/Versions/A/Frameworks/SpeechRecognition.framework/Versions/A/SpeechRecognition
0x00007fff589fc000 	/usr/lib/libauto.dylib
0x00007fff5a77b000 	/usr/lib/libxml2.2.dylib
0x00007fff46fa5000 	/System/Library/PrivateFrameworks/CoreUI.framework/Versions/A/CoreUI
0x00007fff32bc3000 	/System/Library/Frameworks/CoreAudio.framework/Versions/A/CoreAudio
0x00007fff35079000 	/System/Library/Frameworks/DiskArbitration.framework/Versions/A/DiskArbitration
0x00007fff59871000 	/usr/lib/liblangid.dylib
0x00007fff4e82c000 	/System/Library/PrivateFrameworks/MultitouchSupport.framework/Versions/A/MultitouchSupport
0x00007fff35919000 	/System/Library/Frameworks/IOKit.framework/Versions/A/IOKit
0x00007fff58538000 	/usr/lib/libDiagnosticMessagesClient.dylib
0x00007fff34269000 	/System/Library/Frameworks/CoreServices.framework/Versions/A/CoreServices
0x00007fff502c6000 	/System/Library/PrivateFrameworks/PerformanceAnalysis.framework/Versions/A/PerformanceAnalysis
0x00007fff3d455000 	/System/Library/Frameworks/OpenGL.framework/Versions/A/OpenGL
0x00007fff3297d000 	/System/Library/Frameworks/ColorSync.framework/Versions/A/ColorSync
0x00007fff33bba000 	/System/Library/Frameworks/CoreImage.framework/Versions/A/CoreImage
0x00007fff34bea000 	/System/Library/Frameworks/CoreText.framework/Versions/A/CoreText
0x00007fff35a14000 	/System/Library/Frameworks/ImageIO.framework/Versions/A/ImageIO
0x00007fff437fe000 	/System/Library/PrivateFrameworks/Backup.framework/Versions/A/Backup
0x00007fff5894c000 	/usr/lib/libarchive.2.dylib
0x00007fff320ca000 	/System/Library/Frameworks/CFNetwork.framework/Versions/A/CFNetwork
0x00007fff3f4a8000 	/System/Library/Frameworks/SystemConfiguration.framework/Versions/A/SystemConfiguration
0x00007fff58461000 	/usr/lib/libCRFSuite.dylib
0x00007fff58ad4000 	/usr/lib/libc++.1.dylib
0x00007fff58b2b000 	/usr/lib/libc++abi.dylib
0x00007fff5a93c000 	/usr/lib/system/libcache.dylib
0x00007fff5a941000 	/usr/lib/system/libcommonCrypto.dylib
0x00007fff5a94c000 	/usr/lib/system/libcompiler_rt.dylib
0x00007fff5a954000 	/usr/lib/system/libcopyfile.dylib
0x00007fff5a95d000 	/usr/lib/system/libcorecrypto.dylib
0x00007fff5aa6a000 	/usr/lib/system/libdispatch.dylib
0x00007fff5aaa4000 	/usr/lib/system/libdyld.dylib
0x00007fff5aac2000 	/usr/lib/system/libkeymgr.dylib
0x00007fff5aad0000 	/usr/lib/system/liblaunch.dylib
0x00007fff5aad1000 	/usr/lib/system/libmacho.dylib
0x00007fff5aad6000 	/usr/lib/system/libquarantine.dylib
0x00007fff5aad9000 	/usr/lib/system/libremovefile.dylib
0x00007fff5aadb000 	/usr/lib/system/libsystem_asl.dylib
0x00007fff5aaf3000 	/usr/lib/system/libsystem_blocks.dylib
0x00007fff5aaf4000 	/usr/lib/system/libsystem_c.dylib
0x00007fff5ab7e000 	/usr/lib/system/libsystem_configuration.dylib
0x00007fff5ab82000 	/usr/lib/system/libsystem_coreservices.dylib
0x00007fff5ab86000 	/usr/lib/system/libsystem_darwin.dylib
0x00007fff5ab88000 	/usr/lib/system/libsystem_dnssd.dylib
0x00007fff5ab8f000 	/usr/lib/system/libsystem_info.dylib
0x00007fff5abff000 	/usr/lib/system/libsystem_m.dylib
0x00007fff5ac4b000 	/usr/lib/system/libsystem_malloc.dylib
0x00007fff5ac6b000 	/usr/lib/system/libsystem_network.dylib
0x00007fff5ad10000 	/usr/lib/system/libsystem_networkextension.dylib
0x00007fff5ad1b000 	/usr/lib/system/libsystem_notify.dylib
0x00007fff5ad39000 	/usr/lib/system/libsystem_sandbox.dylib
0x00007fff5ad3d000 	/usr/lib/system/libsystem_secinit.dylib
0x00007fff5abd9000 	/usr/lib/system/libsystem_kernel.dylib
0x00007fff5ad25000 	/usr/lib/system/libsystem_platform.dylib
0x00007fff5ad2d000 	/usr/lib/system/libsystem_pthread.dylib
0x00007fff5ad3f000 	/usr/lib/system/libsystem_symptoms.dylib
0x00007fff5ad47000 	/usr/lib/system/libsystem_trace.dylib
0x00007fff5ad5c000 	/usr/lib/system/libunwind.dylib
0x00007fff5ad62000 	/usr/lib/system/libxpc.dylib
0x00007fff5838e000 	/usr/lib/closure/libclosured.dylib
0x00007fff58ab5000 	/usr/lib/libbsm.0.dylib
0x00007fff5aac3000 	/usr/lib/system/libkxld.dylib
0x00007fff58772000 	/usr/lib/libOpenScriptingUtil.dylib
0x00007fff58e25000 	/usr/lib/libcoretls.dylib
0x00007fff58e3e000 	/usr/lib/libcoretls_cfhelpers.dylib
0x00007fff5a2a2000 	/usr/lib/libpam.2.dylib
0x00007fff5a3c8000 	/usr/lib/libsqlite3.dylib
0x00007fff5a76a000 	/usr/lib/libxar.1.dylib
0x00007fff58ac6000 	/usr/lib/libbz2.1.0.dylib
0x00007fff59873000 	/usr/lib/liblzma.5.dylib
0x00007fff59d54000 	/usr/lib/libnetwork.dylib
0x00007fff58935000 	/usr/lib/libapple_nghttp2.dylib
0x00007fff5a2a9000 	/usr/lib/libpcap.A.dylib
0x00007fff589fd000 	/usr/lib/libboringssl.dylib
0x00007fff5a72c000 	/usr/lib/libusrtcp.dylib
0x00007fff58934000 	/usr/lib/libapple_crypto.dylib
0x00007fff345ec000 	/System/Library/Frameworks/CoreServices.framework/Versions/A/Frameworks/FSEvents.framework/Versions/A/FSEvents
0x00007fff342df000 	/System/Library/Frameworks/CoreServices.framework/Versions/A/Frameworks/CarbonCore.framework/Versions/A/CarbonCore
0x00007fff347ae000 	/System/Library/Frameworks/CoreServices.framework/Versions/A/Frameworks/Metadata.framework/Versions/A/Metadata
0x00007fff3485e000 	/System/Library/Frameworks/CoreServices.framework/Versions/A/Frameworks/OSServices.framework/Versions/A/OSServices
0x00007fff348bc000 	/System/Library/Frameworks/CoreServices.framework/Versions/A/Frameworks/SearchKit.framework/Versions/A/SearchKit
0x00007fff3426a000 	/System/Library/Frameworks/CoreServices.framework/Versions/A/Frameworks/AE.framework/Versions/A/AE
0x00007fff345f5000 	/System/Library/Frameworks/CoreServices.framework/Versions/A/Frameworks/LaunchServices.framework/Versions/A/LaunchServices
0x00007fff345b7000 	/System/Library/Frameworks/CoreServices.framework/Versions/A/Frameworks/DictionaryServices.framework/Versions/A/DictionaryServices
0x00007fff3492b000 	/System/Library/Frameworks/CoreServices.framework/Versions/A/Frameworks/SharedFileList.framework/Versions/A/SharedFileList
0x00007fff388e2000 	/System/Library/Frameworks/NetFS.framework/Versions/A/NetFS
0x00007fff4eab9000 	/System/Library/PrivateFrameworks/NetAuth.framework/Versions/A/NetAuth
0x00007fff58228000 	/System/Library/PrivateFrameworks/login.framework/Versions/A/Frameworks/loginsupport.framework/Versions/A/loginsupport
0x00007fff565ba000 	/System/Library/PrivateFrameworks/TCC.framework/Versions/A/TCC
0x00007fff59954000 	/usr/lib/libmecabra.dylib
0x00007fff315df000 	/System/Library/Frameworks/ApplicationServices.framework/Versions/A/Frameworks/ATS.framework/Versions/A/ATS
0x00007fff3198d000 	/System/Library/Frameworks/ApplicationServices.framework/Versions/A/Frameworks/ColorSyncLegacy.framework/Versions/A/ColorSyncLegacy
0x00007fff31a31000 	/System/Library/Frameworks/ApplicationServices.framework/Versions/A/Frameworks/HIServices.framework/Versions/A/HIServices
0x00007fff31a84000 	/System/Library/Frameworks/ApplicationServices.framework/Versions/A/Frameworks/LangAnalysis.framework/Versions/A/LangAnalysis
0x00007fff31a93000 	/System/Library/Frameworks/ApplicationServices.framework/Versions/A/Frameworks/PrintCore.framework/Versions/A/PrintCore
0x00007fff31ae0000 	/System/Library/Frameworks/ApplicationServices.framework/Versions/A/Frameworks/QD.framework/Versions/A/QD
0x00007fff31b1b000 	/System/Library/Frameworks/ApplicationServices.framework/Versions/A/Frameworks/SpeechSynthesis.framework/Versions/A/SpeechSynthesis
0x00007fff3303c000 	/System/Library/Frameworks/CoreDisplay.framework/Versions/A/CoreDisplay
0x00007fff2f708000 	/System/Library/Frameworks/Accelerate.framework/Versions/A/Frameworks/vImage.framework/Versions/A/vImage
0x00007fff3043f000 	/System/Library/Frameworks/Accelerate.framework/Versions/A/Frameworks/vecLib.framework/Versions/A/vecLib
0x00007fff301e1000 	/System/Library/Frameworks/Accelerate.framework/Versions/A/Frameworks/vecLib.framework/Versions/A/libvDSP.dylib
0x00007fff2fd62000 	/System/Library/Frameworks/Accelerate.framework/Versions/A/Frameworks/vecLib.framework/Versions/A/libBNNS.dylib
0x00007fff30168000 	/System/Library/Frameworks/Accelerate.framework/Versions/A/Frameworks/vecLib.framework/Versions/A/libQuadrature.dylib
0x00007fff3038e000 	/System/Library/Frameworks/Accelerate.framework/Versions/A/Frameworks/vecLib.framework/Versions/A/libvMisc.dylib
0x00007fff2fd91000 	/System/Library/Frameworks/Accelerate.framework/Versions/A/Frameworks/vecLib.framework/Versions/A/libLAPACK.dylib
0x00007fff2fc07000 	/System/Library/Frameworks/Accelerate.framework/Versions/A/Frameworks/vecLib.framework/Versions/A/libBLAS.dylib
0x00007fff30152000 	/System/Library/Frameworks/Accelerate.framework/Versions/A/Frameworks/vecLib.framework/Versions/A/libLinearAlgebra.dylib
0x00007fff3016e000 	/System/Library/Frameworks/Accelerate.framework/Versions/A/Frameworks/vecLib.framework/Versions/A/libSparse.dylib
0x00007fff301cd000 	/System/Library/Frameworks/Accelerate.framework/Versions/A/Frameworks/vecLib.framework/Versions/A/libSparseBLAS.dylib
0x00007fff4d15f000 	/System/Library/PrivateFrameworks/IOAccelerator.framework/Versions/A/IOAccelerator
0x00007fff4d16a000 	/System/Library/PrivateFrameworks/IOPresentment.framework/Versions/A/IOPresentment
0x00007fff4733d000 	/System/Library/PrivateFrameworks/DSExternalDisplay.framework/Versions/A/DSExternalDisplay
0x00007fff3c8d7000 	/System/Library/Frameworks/OpenGL.framework/Versions/A/Libraries/libCoreFSCache.dylib
0x00007fff34d39000 	/System/Library/Frameworks/CoreVideo.framework/Versions/A/CoreVideo
0x00007fff4c7b2000 	/System/Library/PrivateFrameworks/GraphVisualizer.framework/Versions/A/GraphVisualizer
0x00007fff378d9000 	/System/Library/Frameworks/MetalPerformanceShaders.framework/Versions/A/MetalPerformanceShaders
0x00007fff58570000 	/usr/lib/libFosl_dynamic.dylib
0x00007fff48370000 	/System/Library/PrivateFrameworks/FaceCore.framework/Versions/A/FaceCore
0x00007fff3b6df000 	/System/Library/Frameworks/OpenCL.framework/Versions/A/OpenCL
0x00007fff58b62000 	/usr/lib/libcompression.dylib
0x00007fff316de000 	/System/Library/Frameworks/ApplicationServices.framework/Versions/A/Frameworks/ATS.framework/Versions/A/Resources/libFontParser.dylib
0x00007fff31801000 	/System/Library/Frameworks/ApplicationServices.framework/Versions/A/Frameworks/ATS.framework/Versions/A/Resources/libFontRegistry.dylib
0x00007fff35c79000 	/System/Library/Frameworks/ImageIO.framework/Versions/A/Resources/libJPEG.dylib
0x00007fff35fa2000 	/System/Library/Frameworks/ImageIO.framework/Versions/A/Resources/libTIFF.dylib
0x00007fff35f78000 	/System/Library/Frameworks/ImageIO.framework/Versions/A/Resources/libPng.dylib
0x00007fff35b8c000 	/System/Library/Frameworks/ImageIO.framework/Versions/A/Resources/libGIF.dylib
0x00007fff35b91000 	/System/Library/Frameworks/ImageIO.framework/Versions/A/Resources/libJP2.dylib
0x00007fff35f9f000 	/System/Library/Frameworks/ImageIO.framework/Versions/A/Resources/libRadiance.dylib
0x00007fff42f5f000 	/System/Library/PrivateFrameworks/AppleJPEG.framework/Versions/A/AppleJPEG
0x00007fff4e5aa000 	/System/Library/PrivateFrameworks/MetalTools.framework/Versions/A/MetalTools
0x00007fff377b2000 	/System/Library/Frameworks/MetalPerformanceShaders.framework/Frameworks/MPSCore.framework/Versions/A/MPSCore
0x00007fff377c8000 	/System/Library/Frameworks/MetalPerformanceShaders.framework/Frameworks/MPSImage.framework/Versions/A/MPSImage
0x00007fff37834000 	/System/Library/Frameworks/MetalPerformanceShaders.framework/Frameworks/MPSMatrix.framework/Versions/A/MPSMatrix
0x00007fff37858000 	/System/Library/Frameworks/MetalPerformanceShaders.framework/Frameworks/MPSNeuralNetwork.framework/Versions/A/MPSNeuralNetwork
0x00007fff3ca9f000 	/System/Library/Frameworks/OpenGL.framework/Versions/A/Libraries/libGLU.dylib
0x00007fff3c8e1000 	/System/Library/Frameworks/OpenGL.framework/Versions/A/Libraries/libGFXShared.dylib
0x00007fff3c8ea000 	/System/Library/Frameworks/OpenGL.framework/Versions/A/Libraries/libGL.dylib
0x00007fff3c8f6000 	/System/Library/Frameworks/OpenGL.framework/Versions/A/Libraries/libGLImage.dylib
0x00007fff3c8d4000 	/System/Library/Frameworks/OpenGL.framework/Versions/A/Libraries/libCVMSPluginSupport.dylib
0x00007fff3c8dc000 	/System/Library/Frameworks/OpenGL.framework/Versions/A/Libraries/libCoreVMClient.dylib
0x00007fff5930f000 	/usr/lib/libcups.2.dylib
0x00007fff36d7e000 	/System/Library/Frameworks/Kerberos.framework/Versions/A/Kerberos
0x00007fff35674000 	/System/Library/Frameworks/GSS.framework/Versions/A/GSS
0x00007fff5a35c000 	/usr/lib/libresolv.9.dylib
0x00007fff5950b000 	/usr/lib/libiconv.2.dylib
0x00007fff4c839000 	/System/Library/PrivateFrameworks/Heimdal.framework/Versions/A/Heimdal
0x00007fff594da000 	/usr/lib/libheimdal-asn1.dylib
0x00007fff3b74a000 	/System/Library/Frameworks/OpenDirectory.framework/Versions/A/OpenDirectory
0x00007fff45215000 	/System/Library/PrivateFrameworks/CommonAuth.framework/Versions/A/CommonAuth
0x00007fff3b72d000 	/System/Library/Frameworks/OpenDirectory.framework/Versions/A/Frameworks/CFOpenDirectory.framework/Versions/A/CFOpenDirectory
0x00007fff3f044000 	/System/Library/Frameworks/SecurityFoundation.framework/Versions/A/SecurityFoundation
0x00007fff4214b000 	/System/Library/PrivateFrameworks/APFS.framework/Versions/A/APFS
0x00007fff5a766000 	/usr/lib/libutil.dylib
0x00007fff42fe2000 	/System/Library/PrivateFrameworks/AppleSauce.framework/Versions/A/AppleSauce
0x00007fff4d941000 	/System/Library/PrivateFrameworks/LinguisticData.framework/Versions/A/LinguisticData
0x00007fff5988d000 	/usr/lib/libmarisa.dylib
0x00007fff4d8fb000 	/System/Library/PrivateFrameworks/Lexicon.framework/Versions/A/Lexicon
0x00007fff5849b000 	/usr/lib/libChineseTokenizer.dylib
0x00007fff58b51000 	/usr/lib/libcmph.dylib
0x00007fff4d805000 	/System/Library/PrivateFrameworks/LanguageModeling.framework/Versions/A/LanguageModeling
0x00007fff45c2b000 	/System/Library/PrivateFrameworks/CoreEmoji.framework/Versions/A/CoreEmoji
0x00007fff3f100000 	/System/Library/Frameworks/ServiceManagement.framework/Versions/A/ServiceManagement
0x00007fff437f6000 	/System/Library/PrivateFrameworks/BackgroundTaskManagement.framework/Versions/A/BackgroundTaskManagement
0x00007fff5a863000 	/usr/lib/libxslt.1.dylib
0x00007fff32786000 	/System/Library/Frameworks/Carbon.framework/Versions/A/Frameworks/Ink.framework/Versions/A/Ink
0x00007fff567ce000 	/System/Library/PrivateFrameworks/TextureIO.framework/Versions/A/TextureIO
0x00007fff58977000 	/usr/lib/libate.dylib
0x00007fff4729f000 	/System/Library/PrivateFrameworks/CrashReporterSupport.framework/Versions/A/CrashReporterSupport
0x00007fff53c21000 	/System/Library/PrivateFrameworks/Sharing.framework/Versions/A/Sharing
0x00007fff4d54b000 	/System/Library/PrivateFrameworks/IconServices.framework/Versions/A/IconServices
0x00007fff520e2000 	/System/Library/PrivateFrameworks/ProtocolBuffer.framework/Versions/A/ProtocolBuffer
0x00007fff42dea000 	/System/Library/PrivateFrameworks/Apple80211.framework/Versions/A/Apple80211
0x00007fff34d74000 	/System/Library/Frameworks/CoreWLAN.framework/Versions/A/CoreWLAN
0x00007fff470da000 	/System/Library/PrivateFrameworks/CoreUtils.framework/Versions/A/CoreUtils
0x00007fff357b6000 	/System/Library/Frameworks/IOBluetooth.framework/Versions/A/IOBluetooth
0x00007fff4723a000 	/System/Library/PrivateFrameworks/CoreWiFi.framework/Versions/A/CoreWiFi
0x00007fff32cbd000 	/System/Library/Frameworks/CoreBluetooth.framework/Versions/A/CoreBluetooth
0x00007fff53d5c000 	/System/Library/PrivateFrameworks/SignpostNotification.framework/Versions/A/SignpostNotification
0x00007fff4748b000 	/System/Library/PrivateFrameworks/DebugSymbols.framework/Versions/A/DebugSymbols
0x00007fff46e91000 	/System/Library/PrivateFrameworks/CoreSymbolication.framework/Versions/A/CoreSymbolication
0x00007fff56044000 	/System/Library/PrivateFrameworks/Symbolication.framework/Versions/A/Symbolication
0x00007fff42e14000 	/System/Library/PrivateFrameworks/AppleFSCompression.framework/Versions/A/AppleFSCompression
0x00007fff554a5000 	/System/Library/PrivateFrameworks/SpeechRecognitionCore.framework/Versions/A/SpeechRecognitionCore
0x0000000108600000 	/Library/Java/JavaVirtualMachines/jdk-9.0.4.jdk/Contents/Home/lib/server/libjvm.dylib
0x00007fff5a65d000 	/usr/lib/libstdc++.6.0.9.dylib
0x0000000107ddb000 	/Library/Java/JavaVirtualMachines/jdk-9.0.4.jdk/Contents/Home/lib/libverify.dylib
0x00000001092a3000 	/Library/Java/JavaVirtualMachines/jdk-9.0.4.jdk/Contents/Home/lib/libjava.dylib
0x0000000107df2000 	/Library/Java/JavaVirtualMachines/jdk-9.0.4.jdk/Contents/Home/lib/libzip.dylib
0x0000000109317000 	/Library/Java/JavaVirtualMachines/jdk-9.0.4.jdk/Contents/Home/lib/libjimage.dylib
0x000000012ff9f000 	/Library/Java/JavaVirtualMachines/jdk-9.0.4.jdk/Contents/Home/lib/libnio.dylib
0x000000012ffaf000 	/Library/Java/JavaVirtualMachines/jdk-9.0.4.jdk/Contents/Home/lib/./libnet.dylib
0x0000000130070000 	/Library/Java/JavaVirtualMachines/jdk-9.0.4.jdk/Contents/Home/lib/libawt.dylib
0x0000000130115000 	/Library/Java/JavaVirtualMachines/jdk-9.0.4.jdk/Contents/Home/lib/./libmlib_image.dylib
0x00007fff36d67000 	/System/Library/Frameworks/JavaVM.framework/Versions/A/Frameworks/JavaNativeFoundation.framework/Versions/A/JavaNativeFoundation
0x00007fff36d70000 	/System/Library/Frameworks/JavaVM.framework/Versions/A/Frameworks/JavaRuntimeSupport.framework/Versions/A/JavaRuntimeSupport
0x00007fff36d79000 	/System/Library/Frameworks/JavaVM.framework/Versions/A/JavaVM
0x00007fff4d708000 	/System/Library/PrivateFrameworks/JavaLaunching.framework/Versions/A/JavaLaunching
0x00007fff32471000 	/System/Library/Frameworks/Carbon.framework/Versions/A/Carbon
0x00007fff32472000 	/System/Library/Frameworks/Carbon.framework/Versions/A/Frameworks/CommonPanels.framework/Versions/A/CommonPanels
0x00007fff3277c000 	/System/Library/Frameworks/Carbon.framework/Versions/A/Frameworks/Help.framework/Versions/A/Help
0x00007fff32780000 	/System/Library/Frameworks/Carbon.framework/Versions/A/Frameworks/ImageCapture.framework/Versions/A/ImageCapture
0x00007fff3281c000 	/System/Library/Frameworks/Carbon.framework/Versions/A/Frameworks/OpenScripting.framework/Versions/A/OpenScripting
0x00007fff32857000 	/System/Library/Frameworks/Carbon.framework/Versions/A/Frameworks/Print.framework/Versions/A/Print
0x00007fff32859000 	/System/Library/Frameworks/Carbon.framework/Versions/A/Frameworks/SecurityHI.framework/Versions/A/SecurityHI
0x0000000130183000 	/Library/Java/JavaVirtualMachines/jdk-9.0.4.jdk/Contents/Home/lib/libawt_lwawt.dylib
0x0000000130243000 	/Library/Java/JavaVirtualMachines/jdk-9.0.4.jdk/Contents/Home/lib/./libosxapp.dylib
0x00007fff35218000 	/System/Library/Frameworks/ExceptionHandling.framework/Versions/A/ExceptionHandling
0x00000001304c0000 	/Library/Java/JavaVirtualMachines/jdk-9.0.4.jdk/Contents/Home/lib/libfontmanager.dylib
0x00007fff46b11000 	/System/Library/PrivateFrameworks/CoreServicesInternal.framework/Versions/A/CoreServicesInternal
0x00007fff2b831000 	/System/Library/CoreServices/RawCamera.bundle/Contents/MacOS/RawCamera
0x00007fff4e61b000 	/System/Library/PrivateFrameworks/MobileAsset.framework/Versions/A/MobileAsset
0x00007fff5594b000 	/System/Library/PrivateFrameworks/StreamingZip.framework/Versions/A/StreamingZip
0x00007fff370f9000 	/System/Library/Frameworks/MediaToolbox.framework/Versions/A/MediaToolbox
0x00007fff45890000 	/System/Library/PrivateFrameworks/CoreAVCHD.framework/Versions/A/CoreAVCHD
0x00007fff3704f000 	/System/Library/Frameworks/MediaAccessibility.framework/Versions/A/MediaAccessibility
0x00007fff4e16c000 	/System/Library/PrivateFrameworks/Mangrove.framework/Versions/A/Mangrove
0x00007fff34138000 	/System/Library/Frameworks/CoreMedia.framework/Versions/A/CoreMedia
0x00007fff3f6cd000 	/System/Library/Frameworks/VideoToolbox.framework/Versions/A/VideoToolbox
0x00007fff454af000 	/System/Library/PrivateFrameworks/CoreAUC.framework/Versions/A/CoreAUC
0x00007fff5a3c6000 	/usr/lib/libspindump.dylib
0x00007fff593e7000 	/usr/lib/libdscsym.dylib
0x00007fff430d7000 	/System/Library/PrivateFrameworks/AppleVA.framework/Versions/A/AppleVA
0x00007fff2f6f1000 	/System/Library/Frameworks/Accelerate.framework/Versions/A/Frameworks/vImage.framework/Versions/A/Libraries/libCGInterfaces.dylib
0x00007fff318f0000 	/System/Library/Frameworks/ApplicationServices.framework/Versions/A/Frameworks/ATS.framework/Versions/A/Resources/libTrueTypeScaler.dylib
0x00007fff3d464000 	/System/Library/Frameworks/OpenGL.framework/Versions/A/Resources/GLEngine.bundle/GLEngine
0x00007fff3c932000 	/System/Library/Frameworks/OpenGL.framework/Versions/A/Libraries/libGLProgrammability.dylib
0x0000000134db8000 	/System/Library/Extensions/AppleIntelKBLGraphicsGLDriver.bundle/Contents/MacOS/AppleIntelKBLGraphicsGLDriver
0x00007fff4ba66000 	/System/Library/PrivateFrameworks/GPUSupport.framework/Versions/A/Libraries/libGPUSupportMercury.dylib
0x00007fff3d5fc000 	/System/Library/Frameworks/OpenGL.framework/Versions/A/Resources/GLRendererFloat.bundle/GLRendererFloat
0x00007fff3b6d6000 	/System/Library/Frameworks/OpenCL.framework/Versions/A/Libraries/libcldcpuengine.dylib
0x00007fff58fd8000 	/usr/lib/libcrypto.35.dylib
0x00007fff5692f000 	/System/Library/PrivateFrameworks/TrustEvaluationAgent.framework/Versions/A/TrustEvaluationAgent
0x00007fff2d148000 	/System/Library/Extensions/AppleIntelKBLGraphicsMTLDriver.bundle/Contents/MacOS/AppleIntelKBLGraphicsMTLDriver
0x00007fff4a406000 	/System/Library/PrivateFrameworks/GPUCompiler.framework/Versions/3802/Libraries/libmetal_timestamp.dylib
0x0000000133842000 	/Library/Java/JavaVirtualMachines/jdk-9.0.4.jdk/Contents/Home/lib/libosxui.dylib
0x00007fff577ae000 	/System/Library/PrivateFrameworks/ViewBridge.framework/Versions/A/ViewBridge
0x0000000130633000 	/private/var/folders/48/59tzx_gj43zgh4vpk858lqm00000gn/T/jogamp_0000/file_cache/jln13445620620015337034/jln8779133000266211864/libgluegen-rt.jnilib
0x0000000132a2a000 	/private/var/folders/48/59tzx_gj43zgh4vpk858lqm00000gn/T/jogamp_0000/file_cache/jln13445620620015337034/jln8779133000266211864/libnativewindow_awt.jnilib
0x0000000130637000 	/Library/Java/JavaVirtualMachines/jdk-9.0.4.jdk/Contents/Home/lib/libjawt.dylib
0x00000001638bd000 	/private/var/folders/48/59tzx_gj43zgh4vpk858lqm00000gn/T/jogamp_0000/file_cache/jln13445620620015337034/jln8779133000266211864/libnativewindow_macosx.jnilib
0x00000001638cb000 	/private/var/folders/48/59tzx_gj43zgh4vpk858lqm00000gn/T/jogamp_0000/file_cache/jln13445620620015337034/jln8779133000266211864/libjogl_desktop.jnilib

VM Arguments:
jvm_args: -Djava.library.path=/Users/kenestamcdonald/processing-sound/library/macosx -Djava.security.policy=java.policy.applet -Dfile.encoding=UTF-8 
java_command: sun.applet.AppletViewer data.Test1524005329190.html
java_class_path (initial): /Users/kenestamcdonald/eclipse-workspace/ThinkGear/build/classes:/Users/kenestamcdonald/ThinkGear-Java-socket/examples/ThinkGearDemo 2/lib/base/core/core.jar:/Users/kenestamcdonald/ThinkGear-Java-socket/examples/ThinkGearDemo 2/lib/base/core/gluegen-rt-natives-linux-amd64.jar:/Users/kenestamcdonald/ThinkGear-Java-socket/examples/ThinkGearDemo 2/lib/base/core/gluegen-rt-natives-linux-armv6hf.jar:/Users/kenestamcdonald/ThinkGear-Java-socket/examples/ThinkGearDemo 2/lib/base/core/gluegen-rt-natives-linux-i586.jar:/Users/kenestamcdonald/ThinkGear-Java-socket/examples/ThinkGearDemo 2/lib/base/core/gluegen-rt-natives-macosx-universal.jar:/Users/kenestamcdonald/ThinkGear-Java-socket/examples/ThinkGearDemo 2/lib/base/core/gluegen-rt-natives-windows-amd64.jar:/Users/kenestamcdonald/ThinkGear-Java-socket/examples/ThinkGearDemo 2/lib/base/core/gluegen-rt-natives-windows-i586.jar:/Users/kenestamcdonald/ThinkGear-Java-socket/examples/ThinkGearDemo 2/lib/base/core/gluegen-rt.jar:/Users/kenestamcdonald/ThinkGear-Java-socket/examples/ThinkGearDemo 2/lib/base/core/jogl-all-natives-linux-amd64.jar:/Users/kenestamcdonald/ThinkGear-Java-socket/examples/ThinkGearDemo 2/lib/base/core/jogl-all-natives-linux-armv6hf.jar:/Users/kenestamcdonald/ThinkGear-Java-socket/examples/ThinkGearDemo 2/lib/base/core/jogl-all-natives-linux-i586.jar:/Users/kenestamcdonald/ThinkGear-Java-socket/examples/ThinkGearDemo 2/lib/base/core/jogl-all-natives-macosx-universal.jar:/Users/kenestamcdonald/ThinkGear-Java-socket/examples/ThinkGearDemo 2/lib/base/core/jogl-all-natives-windows-amd64.jar:/Users/kenestamcdonald/ThinkGear-Java-socket/examples/ThinkGearDemo 2/lib/base/core/jogl-all-natives-windows-i586.jar:/Users/kenestamcdonald/ThinkGear-Java-socket/examples/ThinkGearDemo 2/lib/base/core/jogl-all.jar:/Users/kenestamcdonald/ThinkGear-Java-socket/examples/ThinkGearDemo 2/lib/user/ThinkGear/ThinkGear.jar:/Users/kenestamcdonald/eclipse/jee-oxygen/db-derby-10.14.1.0-bin/lib/derbyLocale
Launcher Type: SUN_STANDARD

Logging:
Log output configuration:
#0: stdout all=warning uptime,level,tags
#1: stderr all=off uptime,level,tags

Environment Variables:
PATH=/usr/bin:/bin:/usr/sbin:/sbin
SHELL=/bin/bash

Signal Handlers:
SIGSEGV: [libjvm.dylib+0x73f3dc], sa_mask[0]=11111111011111110111111111111111, sa_flags=SA_ONSTACK|SA_RESTART|SA_SIGINFO
SIGBUS: [libjvm.dylib+0x73f3dc], sa_mask[0]=11111111011111110111111111111111, sa_flags=SA_RESTART|SA_SIGINFO
SIGFPE: [libjvm.dylib+0x73f3dc], sa_mask[0]=11111111011111110111111111111111, sa_flags=SA_RESTART|SA_SIGINFO
SIGPIPE: [libjvm.dylib+0x5f233c], sa_mask[0]=11111111011111110111111111111111, sa_flags=SA_RESTART|SA_SIGINFO
SIGXFSZ: [libjvm.dylib+0x5f233c], sa_mask[0]=11111111011111110111111111111111, sa_flags=SA_RESTART|SA_SIGINFO
SIGILL: [libjvm.dylib+0x73f3dc], sa_mask[0]=11111111011111110111111111111111, sa_flags=SA_RESTART|SA_SIGINFO
SIGUSR2: [libjvm.dylib+0x5f2bcc], sa_mask[0]=00100000000000000000000000000000, sa_flags=SA_RESTART|SA_SIGINFO
SIGHUP: [libjvm.dylib+0x5f1409], sa_mask[0]=11111111011111110111111111111111, sa_flags=SA_RESTART|SA_SIGINFO
SIGINT: [libjvm.dylib+0x5f1409], sa_mask[0]=11111111011111110111111111111111, sa_flags=SA_RESTART|SA_SIGINFO
SIGTERM: [libjvm.dylib+0x5f1409], sa_mask[0]=11111111011111110111111111111111, sa_flags=SA_RESTART|SA_SIGINFO
SIGQUIT: [libjvm.dylib+0x5f1409], sa_mask[0]=11111111011111110111111111111111, sa_flags=SA_RESTART|SA_SIGINFO


---------------  S Y S T E M  ---------------

OS:uname:Darwin 17.4.0 Darwin Kernel Version 17.4.0: Sun Dec 17 09:19:54 PST 2017; root:xnu-4570.41.2~1/RELEASE_X86_64 x86_64
rlimit: STACK 8192k, CORE 0k, NPROC 1418, NOFILE 10240, AS infinity
load average:11.14 14.39 10.39

CPU:total 4 (initial active 4) (2 cores per cpu, 2 threads per core) family 6 model 142 stepping 9, cmov, cx8, fxsr, mmx, sse, sse2, sse3, ssse3, sse4.1, sse4.2, popcnt, avx, avx2, aes, clmul, erms, 3dnowpref, lzcnt, ht, tsc, tscinvbit, bmi1, bmi2, adx, fma

Memory: 4k page, physical 16777216k(3224852k free)

vm_info: Java HotSpot(TM) 64-Bit Server VM (9.0.4+11) for bsd-amd64 JRE (9.0.4+11), built on Dec 20 2017 02:08:50 by "mach5one" with gcc 4.2.1 Compatible Apple LLVM 6.1.0 (clang-602.0.49)

END.
